[0.305s] DEBUG:colcon:Command line arguments: ['/usr/bin/colcon', 'build']
[0.305s] DEBUG:colcon:Parsed command line arguments: Namespace(ament_cmake_args=None, base_paths=['.'], build_base='build', catkin_cmake_args=None, catkin_skip_building_tests=False, cmake_args=None, cmake_clean_cache=False, cmake_clean_first=False, cmake_force_configure=False, cmake_target=None, cmake_target_skip_unavailable=False, continue_on_error=False, event_handlers=None, executor='parallel', ignore_user_meta=False, install_base='install', log_base=None, log_level=None, main=<bound method BuildVerb.main of <colcon_core.verb.build.BuildVerb object at 0x7f16fff8e7c0>>, merge_install=False, metas=['./colcon.meta'], packages_above=None, packages_above_and_dependencies=None, packages_above_depth=None, packages_end=None, packages_ignore=None, packages_ignore_regex=None, packages_select=None, packages_select_build_failed=False, packages_select_by_dep=None, packages_select_regex=None, packages_select_test_failures=False, packages_skip=None, packages_skip_build_finished=False, packages_skip_by_dep=None, packages_skip_regex=None, packages_skip_test_passed=False, packages_skip_up_to=None, packages_start=None, packages_up_to=None, packages_up_to_regex=None, parallel_workers=12, paths=None, symlink_install=False, test_result_base=None, verb_extension=<colcon_core.verb.build.BuildVerb object at 0x7f16fff8e7c0>, verb_name='build', verb_parser=<colcon_defaults.argument_parser.defaults.DefaultArgumentsDecorator object at 0x7f16fff9a4c0>)
[0.310s] Level 1:colcon.colcon_core.package_discovery:discover_packages(colcon_meta) check parameters
[0.310s] Level 1:colcon.colcon_core.package_discovery:discover_packages(recursive) check parameters
[0.310s] Level 1:colcon.colcon_core.package_discovery:discover_packages(ignore) check parameters
[0.310s] Level 1:colcon.colcon_core.package_discovery:discover_packages(path) check parameters
[0.310s] Level 1:colcon.colcon_core.package_discovery:discover_packages(colcon_meta) discover
[0.311s] Level 1:colcon.colcon_core.package_discovery:discover_packages(recursive) discover
[0.311s] INFO:colcon.colcon_core.package_discovery:Crawling recursively for packages in '/home/camilo/ros2_ws/k3lso_ws/src/k3lso3_ros2'
[0.311s] Level 1:colcon.colcon_core.package_identification:_identify(.) by extensions ['ignore', 'ignore_ament_install']
[0.311s] Level 1:colcon.colcon_core.package_identification:_identify(.) by extension 'ignore'
[0.311s] Level 1:colcon.colcon_core.package_identification:_identify(.) by extension 'ignore_ament_install'
[0.311s] Level 1:colcon.colcon_core.package_identification:_identify(.) by extensions ['colcon_pkg']
[0.311s] Level 1:colcon.colcon_core.package_identification:_identify(.) by extension 'colcon_pkg'
[0.311s] Level 1:colcon.colcon_core.package_identification:_identify(.) by extensions ['colcon_meta']
[0.311s] Level 1:colcon.colcon_core.package_identification:_identify(.) by extension 'colcon_meta'
[0.311s] Level 1:colcon.colcon_core.package_identification:_identify(.) by extensions ['ros']
[0.311s] Level 1:colcon.colcon_core.package_identification:_identify(.) by extension 'ros'
[0.322s] Level 1:colcon.colcon_core.package_identification:_identify(.) by extensions ['cmake', 'python']
[0.322s] Level 1:colcon.colcon_core.package_identification:_identify(.) by extension 'cmake'
[0.322s] Level 1:colcon.colcon_core.package_identification:_identify(.) by extension 'python'
[0.322s] Level 1:colcon.colcon_core.package_identification:_identify(.) by extensions ['python_setup_py']
[0.322s] Level 1:colcon.colcon_core.package_identification:_identify(.) by extension 'python_setup_py'
[0.322s] Level 1:colcon.colcon_core.package_identification:_identify(build) by extensions ['ignore', 'ignore_ament_install']
[0.322s] Level 1:colcon.colcon_core.package_identification:_identify(build) by extension 'ignore'
[0.322s] Level 1:colcon.colcon_core.package_identification:_identify(build) ignored
[0.322s] Level 1:colcon.colcon_core.package_identification:_identify(install) by extensions ['ignore', 'ignore_ament_install']
[0.323s] Level 1:colcon.colcon_core.package_identification:_identify(install) by extension 'ignore'
[0.323s] Level 1:colcon.colcon_core.package_identification:_identify(install) ignored
[0.323s] Level 1:colcon.colcon_core.package_identification:_identify(k3lso_msgs) by extensions ['ignore', 'ignore_ament_install']
[0.323s] Level 1:colcon.colcon_core.package_identification:_identify(k3lso_msgs) by extension 'ignore'
[0.323s] Level 1:colcon.colcon_core.package_identification:_identify(k3lso_msgs) by extension 'ignore_ament_install'
[0.323s] Level 1:colcon.colcon_core.package_identification:_identify(k3lso_msgs) by extensions ['colcon_pkg']
[0.323s] Level 1:colcon.colcon_core.package_identification:_identify(k3lso_msgs) by extension 'colcon_pkg'
[0.323s] Level 1:colcon.colcon_core.package_identification:_identify(k3lso_msgs) by extensions ['colcon_meta']
[0.323s] Level 1:colcon.colcon_core.package_identification:_identify(k3lso_msgs) by extension 'colcon_meta'
[0.323s] Level 1:colcon.colcon_core.package_identification:_identify(k3lso_msgs) by extensions ['ros']
[0.323s] Level 1:colcon.colcon_core.package_identification:_identify(k3lso_msgs) by extension 'ros'
[0.325s] DEBUG:colcon.colcon_core.package_identification:Package 'k3lso_msgs' with type 'ros.ament_cmake' and name 'k3lso_msgs'
[0.326s] Level 1:colcon.colcon_core.package_identification:_identify(k3lso_vectornav) by extensions ['ignore', 'ignore_ament_install']
[0.326s] Level 1:colcon.colcon_core.package_identification:_identify(k3lso_vectornav) by extension 'ignore'
[0.326s] Level 1:colcon.colcon_core.package_identification:_identify(k3lso_vectornav) by extension 'ignore_ament_install'
[0.326s] Level 1:colcon.colcon_core.package_identification:_identify(k3lso_vectornav) by extensions ['colcon_pkg']
[0.326s] Level 1:colcon.colcon_core.package_identification:_identify(k3lso_vectornav) by extension 'colcon_pkg'
[0.326s] Level 1:colcon.colcon_core.package_identification:_identify(k3lso_vectornav) by extensions ['colcon_meta']
[0.326s] Level 1:colcon.colcon_core.package_identification:_identify(k3lso_vectornav) by extension 'colcon_meta'
[0.326s] Level 1:colcon.colcon_core.package_identification:_identify(k3lso_vectornav) by extensions ['ros']
[0.326s] Level 1:colcon.colcon_core.package_identification:_identify(k3lso_vectornav) by extension 'ros'
[0.327s] DEBUG:colcon.colcon_core.package_identification:Package 'k3lso_vectornav' with type 'ros.ament_cmake' and name 'k3lso_vectornav'
[0.327s] Level 1:colcon.colcon_core.package_identification:_identify(log) by extensions ['ignore', 'ignore_ament_install']
[0.327s] Level 1:colcon.colcon_core.package_identification:_identify(log) by extension 'ignore'
[0.327s] Level 1:colcon.colcon_core.package_identification:_identify(log) ignored
[0.327s] Level 1:colcon.colcon_core.package_identification:_identify(test_perf_cpp) by extensions ['ignore', 'ignore_ament_install']
[0.327s] Level 1:colcon.colcon_core.package_identification:_identify(test_perf_cpp) by extension 'ignore'
[0.327s] Level 1:colcon.colcon_core.package_identification:_identify(test_perf_cpp) by extension 'ignore_ament_install'
[0.327s] Level 1:colcon.colcon_core.package_identification:_identify(test_perf_cpp) by extensions ['colcon_pkg']
[0.327s] Level 1:colcon.colcon_core.package_identification:_identify(test_perf_cpp) by extension 'colcon_pkg'
[0.327s] Level 1:colcon.colcon_core.package_identification:_identify(test_perf_cpp) by extensions ['colcon_meta']
[0.327s] Level 1:colcon.colcon_core.package_identification:_identify(test_perf_cpp) by extension 'colcon_meta'
[0.328s] Level 1:colcon.colcon_core.package_identification:_identify(test_perf_cpp) by extensions ['ros']
[0.328s] Level 1:colcon.colcon_core.package_identification:_identify(test_perf_cpp) by extension 'ros'
[0.328s] DEBUG:colcon.colcon_core.package_identification:Package 'test_perf_cpp' with type 'ros.ament_cmake' and name 'test_perf_cpp'
[0.328s] Level 1:colcon.colcon_core.package_identification:_identify(test_perf_py) by extensions ['ignore', 'ignore_ament_install']
[0.328s] Level 1:colcon.colcon_core.package_identification:_identify(test_perf_py) by extension 'ignore'
[0.329s] Level 1:colcon.colcon_core.package_identification:_identify(test_perf_py) by extension 'ignore_ament_install'
[0.329s] Level 1:colcon.colcon_core.package_identification:_identify(test_perf_py) by extensions ['colcon_pkg']
[0.329s] Level 1:colcon.colcon_core.package_identification:_identify(test_perf_py) by extension 'colcon_pkg'
[0.329s] Level 1:colcon.colcon_core.package_identification:_identify(test_perf_py) by extensions ['colcon_meta']
[0.329s] Level 1:colcon.colcon_core.package_identification:_identify(test_perf_py) by extension 'colcon_meta'
[0.329s] Level 1:colcon.colcon_core.package_identification:_identify(test_perf_py) by extensions ['ros']
[0.329s] Level 1:colcon.colcon_core.package_identification:_identify(test_perf_py) by extension 'ros'
[0.329s] DEBUG:colcon.colcon_core.package_identification:Package 'test_perf_py' with type 'ros.ament_python' and name 'test_perf_py'
[0.329s] Level 1:colcon.colcon_core.package_discovery:discover_packages(recursive) using defaults
[0.329s] Level 1:colcon.colcon_core.package_discovery:discover_packages(ignore) discover
[0.329s] Level 1:colcon.colcon_core.package_discovery:discover_packages(ignore) using defaults
[0.329s] Level 1:colcon.colcon_core.package_discovery:discover_packages(path) discover
[0.329s] Level 1:colcon.colcon_core.package_discovery:discover_packages(path) using defaults
[0.347s] Level 5:colcon.colcon_core.verb:set package 'k3lso_msgs' build argument 'cmake_args' from command line to 'None'
[0.347s] Level 5:colcon.colcon_core.verb:set package 'k3lso_msgs' build argument 'cmake_target' from command line to 'None'
[0.347s] Level 5:colcon.colcon_core.verb:set package 'k3lso_msgs' build argument 'cmake_target_skip_unavailable' from command line to 'False'
[0.347s] Level 5:colcon.colcon_core.verb:set package 'k3lso_msgs' build argument 'cmake_clean_cache' from command line to 'False'
[0.347s] Level 5:colcon.colcon_core.verb:set package 'k3lso_msgs' build argument 'cmake_clean_first' from command line to 'False'
[0.347s] Level 5:colcon.colcon_core.verb:set package 'k3lso_msgs' build argument 'cmake_force_configure' from command line to 'False'
[0.347s] Level 5:colcon.colcon_core.verb:set package 'k3lso_msgs' build argument 'ament_cmake_args' from command line to 'None'
[0.347s] Level 5:colcon.colcon_core.verb:set package 'k3lso_msgs' build argument 'catkin_cmake_args' from command line to 'None'
[0.347s] Level 5:colcon.colcon_core.verb:set package 'k3lso_msgs' build argument 'catkin_skip_building_tests' from command line to 'False'
[0.347s] DEBUG:colcon.colcon_core.verb:Building package 'k3lso_msgs' with the following arguments: {'ament_cmake_args': None, 'build_base': '/home/camilo/ros2_ws/k3lso_ws/src/k3lso3_ros2/build/k3lso_msgs', 'catkin_cmake_args': None, 'catkin_skip_building_tests': False, 'cmake_args': None, 'cmake_clean_cache': False, 'cmake_clean_first': False, 'cmake_force_configure': False, 'cmake_target': None, 'cmake_target_skip_unavailable': False, 'install_base': '/home/camilo/ros2_ws/k3lso_ws/src/k3lso3_ros2/install/k3lso_msgs', 'merge_install': False, 'path': '/home/camilo/ros2_ws/k3lso_ws/src/k3lso3_ros2/k3lso_msgs', 'symlink_install': False, 'test_result_base': None}
[0.351s] Level 5:colcon.colcon_core.verb:set package 'k3lso_vectornav' build argument 'cmake_args' from command line to 'None'
[0.351s] Level 5:colcon.colcon_core.verb:set package 'k3lso_vectornav' build argument 'cmake_target' from command line to 'None'
[0.351s] Level 5:colcon.colcon_core.verb:set package 'k3lso_vectornav' build argument 'cmake_target_skip_unavailable' from command line to 'False'
[0.351s] Level 5:colcon.colcon_core.verb:set package 'k3lso_vectornav' build argument 'cmake_clean_cache' from command line to 'False'
[0.351s] Level 5:colcon.colcon_core.verb:set package 'k3lso_vectornav' build argument 'cmake_clean_first' from command line to 'False'
[0.351s] Level 5:colcon.colcon_core.verb:set package 'k3lso_vectornav' build argument 'cmake_force_configure' from command line to 'False'
[0.351s] Level 5:colcon.colcon_core.verb:set package 'k3lso_vectornav' build argument 'ament_cmake_args' from command line to 'None'
[0.351s] Level 5:colcon.colcon_core.verb:set package 'k3lso_vectornav' build argument 'catkin_cmake_args' from command line to 'None'
[0.351s] Level 5:colcon.colcon_core.verb:set package 'k3lso_vectornav' build argument 'catkin_skip_building_tests' from command line to 'False'
[0.351s] DEBUG:colcon.colcon_core.verb:Building package 'k3lso_vectornav' with the following arguments: {'ament_cmake_args': None, 'build_base': '/home/camilo/ros2_ws/k3lso_ws/src/k3lso3_ros2/build/k3lso_vectornav', 'catkin_cmake_args': None, 'catkin_skip_building_tests': False, 'cmake_args': None, 'cmake_clean_cache': False, 'cmake_clean_first': False, 'cmake_force_configure': False, 'cmake_target': None, 'cmake_target_skip_unavailable': False, 'install_base': '/home/camilo/ros2_ws/k3lso_ws/src/k3lso3_ros2/install/k3lso_vectornav', 'merge_install': False, 'path': '/home/camilo/ros2_ws/k3lso_ws/src/k3lso3_ros2/k3lso_vectornav', 'symlink_install': False, 'test_result_base': None}
[0.353s] Level 5:colcon.colcon_core.verb:set package 'test_perf_cpp' build argument 'cmake_args' from command line to 'None'
[0.353s] Level 5:colcon.colcon_core.verb:set package 'test_perf_cpp' build argument 'cmake_target' from command line to 'None'
[0.353s] Level 5:colcon.colcon_core.verb:set package 'test_perf_cpp' build argument 'cmake_target_skip_unavailable' from command line to 'False'
[0.353s] Level 5:colcon.colcon_core.verb:set package 'test_perf_cpp' build argument 'cmake_clean_cache' from command line to 'False'
[0.353s] Level 5:colcon.colcon_core.verb:set package 'test_perf_cpp' build argument 'cmake_clean_first' from command line to 'False'
[0.353s] Level 5:colcon.colcon_core.verb:set package 'test_perf_cpp' build argument 'cmake_force_configure' from command line to 'False'
[0.353s] Level 5:colcon.colcon_core.verb:set package 'test_perf_cpp' build argument 'ament_cmake_args' from command line to 'None'
[0.354s] Level 5:colcon.colcon_core.verb:set package 'test_perf_cpp' build argument 'catkin_cmake_args' from command line to 'None'
[0.354s] Level 5:colcon.colcon_core.verb:set package 'test_perf_cpp' build argument 'catkin_skip_building_tests' from command line to 'False'
[0.354s] DEBUG:colcon.colcon_core.verb:Building package 'test_perf_cpp' with the following arguments: {'ament_cmake_args': None, 'build_base': '/home/camilo/ros2_ws/k3lso_ws/src/k3lso3_ros2/build/test_perf_cpp', 'catkin_cmake_args': None, 'catkin_skip_building_tests': False, 'cmake_args': None, 'cmake_clean_cache': False, 'cmake_clean_first': False, 'cmake_force_configure': False, 'cmake_target': None, 'cmake_target_skip_unavailable': False, 'install_base': '/home/camilo/ros2_ws/k3lso_ws/src/k3lso3_ros2/install/test_perf_cpp', 'merge_install': False, 'path': '/home/camilo/ros2_ws/k3lso_ws/src/k3lso3_ros2/test_perf_cpp', 'symlink_install': False, 'test_result_base': None}
[0.356s] Level 5:colcon.colcon_core.verb:set package 'test_perf_py' build argument 'cmake_args' from command line to 'None'
[0.356s] Level 5:colcon.colcon_core.verb:set package 'test_perf_py' build argument 'cmake_target' from command line to 'None'
[0.356s] Level 5:colcon.colcon_core.verb:set package 'test_perf_py' build argument 'cmake_target_skip_unavailable' from command line to 'False'
[0.356s] Level 5:colcon.colcon_core.verb:set package 'test_perf_py' build argument 'cmake_clean_cache' from command line to 'False'
[0.356s] Level 5:colcon.colcon_core.verb:set package 'test_perf_py' build argument 'cmake_clean_first' from command line to 'False'
[0.356s] Level 5:colcon.colcon_core.verb:set package 'test_perf_py' build argument 'cmake_force_configure' from command line to 'False'
[0.356s] Level 5:colcon.colcon_core.verb:set package 'test_perf_py' build argument 'ament_cmake_args' from command line to 'None'
[0.356s] Level 5:colcon.colcon_core.verb:set package 'test_perf_py' build argument 'catkin_cmake_args' from command line to 'None'
[0.356s] Level 5:colcon.colcon_core.verb:set package 'test_perf_py' build argument 'catkin_skip_building_tests' from command line to 'False'
[0.356s] DEBUG:colcon.colcon_core.verb:Building package 'test_perf_py' with the following arguments: {'ament_cmake_args': None, 'build_base': '/home/camilo/ros2_ws/k3lso_ws/src/k3lso3_ros2/build/test_perf_py', 'catkin_cmake_args': None, 'catkin_skip_building_tests': False, 'cmake_args': None, 'cmake_clean_cache': False, 'cmake_clean_first': False, 'cmake_force_configure': False, 'cmake_target': None, 'cmake_target_skip_unavailable': False, 'install_base': '/home/camilo/ros2_ws/k3lso_ws/src/k3lso3_ros2/install/test_perf_py', 'merge_install': False, 'path': '/home/camilo/ros2_ws/k3lso_ws/src/k3lso3_ros2/test_perf_py', 'symlink_install': False, 'test_result_base': None}
[0.357s] INFO:colcon.colcon_core.executor:Executing jobs using 'parallel' executor
[0.358s] DEBUG:colcon.colcon_parallel_executor.executor.parallel:run_until_complete
[0.359s] INFO:colcon.colcon_ros.task.ament_cmake.build:Building ROS package in '/home/camilo/ros2_ws/k3lso_ws/src/k3lso3_ros2/k3lso_msgs' with build type 'ament_cmake'
[0.359s] INFO:colcon.colcon_cmake.task.cmake.build:Building CMake package in '/home/camilo/ros2_ws/k3lso_ws/src/k3lso3_ros2/k3lso_msgs'
[0.362s] INFO:colcon.colcon_core.plugin_system:Skipping extension 'colcon_core.shell.bat': Not used on non-Windows systems
[0.362s] INFO:colcon.colcon_core.shell:Skip shell extension 'powershell' for command environment: Not usable outside of PowerShell
[0.362s] DEBUG:colcon.colcon_core.shell:Skip shell extension 'dsv' for command environment
[0.364s] DEBUG:colcon.colcon_core.shell:Ignoring prefix path '/opt/ros/foxy'
[0.367s] INFO:colcon.colcon_ros.task.ament_cmake.build:Building ROS package in '/home/camilo/ros2_ws/k3lso_ws/src/k3lso3_ros2/k3lso_vectornav' with build type 'ament_cmake'
[0.367s] INFO:colcon.colcon_cmake.task.cmake.build:Building CMake package in '/home/camilo/ros2_ws/k3lso_ws/src/k3lso3_ros2/k3lso_vectornav'
[0.368s] INFO:colcon.colcon_core.shell:Skip shell extension 'powershell' for command environment: Not usable outside of PowerShell
[0.368s] DEBUG:colcon.colcon_core.shell:Skip shell extension 'dsv' for command environment
[0.370s] DEBUG:colcon.colcon_core.shell:Ignoring prefix path '/opt/ros/foxy'
[0.372s] INFO:colcon.colcon_ros.task.ament_cmake.build:Building ROS package in '/home/camilo/ros2_ws/k3lso_ws/src/k3lso3_ros2/test_perf_cpp' with build type 'ament_cmake'
[0.372s] INFO:colcon.colcon_cmake.task.cmake.build:Building CMake package in '/home/camilo/ros2_ws/k3lso_ws/src/k3lso3_ros2/test_perf_cpp'
[0.373s] INFO:colcon.colcon_core.shell:Skip shell extension 'powershell' for command environment: Not usable outside of PowerShell
[0.373s] DEBUG:colcon.colcon_core.shell:Skip shell extension 'dsv' for command environment
[0.375s] DEBUG:colcon.colcon_core.shell:Ignoring prefix path '/opt/ros/foxy'
[0.384s] DEBUG:colcon.colcon_core.event_handler.log_command:Invoking command in '/home/camilo/ros2_ws/k3lso_ws/src/k3lso3_ros2/build/k3lso_msgs': CMAKE_PREFIX_PATH=/opt/ros/foxy /usr/bin/cmake --build /home/camilo/ros2_ws/k3lso_ws/src/k3lso3_ros2/build/k3lso_msgs -- -j12 -l12
[0.389s] DEBUG:colcon.colcon_core.event_handler.log_command:Invoking command in '/home/camilo/ros2_ws/k3lso_ws/src/k3lso3_ros2/build/k3lso_vectornav': CMAKE_PREFIX_PATH=/opt/ros/foxy /usr/bin/cmake --build /home/camilo/ros2_ws/k3lso_ws/src/k3lso3_ros2/build/k3lso_vectornav -- -j12 -l12
[0.394s] DEBUG:colcon.colcon_core.event_handler.log_command:Invoking command in '/home/camilo/ros2_ws/k3lso_ws/src/k3lso3_ros2/build/test_perf_cpp': CMAKE_PREFIX_PATH=/opt/ros/foxy /usr/bin/cmake --build /home/camilo/ros2_ws/k3lso_ws/src/k3lso3_ros2/build/test_perf_cpp -- -j12 -l12
[0.474s] DEBUG:colcon.colcon_core.event_handler.log_command:Invoked command in '/home/camilo/ros2_ws/k3lso_ws/src/k3lso3_ros2/build/test_perf_cpp' returned '0': CMAKE_PREFIX_PATH=/opt/ros/foxy /usr/bin/cmake --build /home/camilo/ros2_ws/k3lso_ws/src/k3lso3_ros2/build/test_perf_cpp -- -j12 -l12
[0.510s] DEBUG:colcon.colcon_core.event_handler.log_command:Invoking command in '/home/camilo/ros2_ws/k3lso_ws/src/k3lso3_ros2/build/test_perf_cpp': CMAKE_PREFIX_PATH=/opt/ros/foxy /usr/bin/cmake --install /home/camilo/ros2_ws/k3lso_ws/src/k3lso3_ros2/build/test_perf_cpp
[0.518s] Level 1:colcon.colcon_core.environment:create_environment_scripts_only(test_perf_cpp)
[0.519s] DEBUG:colcon.colcon_core.event_handler.log_command:Invoked command in '/home/camilo/ros2_ws/k3lso_ws/src/k3lso3_ros2/build/test_perf_cpp' returned '0': CMAKE_PREFIX_PATH=/opt/ros/foxy /usr/bin/cmake --install /home/camilo/ros2_ws/k3lso_ws/src/k3lso3_ros2/build/test_perf_cpp
[0.521s] Level 1:colcon.colcon_core.environment:checking '/home/camilo/ros2_ws/k3lso_ws/src/k3lso3_ros2/install/test_perf_cpp' for CMake module files
[0.522s] Level 1:colcon.colcon_core.environment:checking '/home/camilo/ros2_ws/k3lso_ws/src/k3lso3_ros2/install/test_perf_cpp' for CMake config files
[0.522s] Level 1:colcon.colcon_core.shell:create_environment_hook('test_perf_cpp', 'cmake_prefix_path')
[0.523s] INFO:colcon.colcon_core.shell:Creating environment hook '/home/camilo/ros2_ws/k3lso_ws/src/k3lso3_ros2/install/test_perf_cpp/share/test_perf_cpp/hook/cmake_prefix_path.ps1'
[0.523s] INFO:colcon.colcon_core.shell:Creating environment descriptor '/home/camilo/ros2_ws/k3lso_ws/src/k3lso3_ros2/install/test_perf_cpp/share/test_perf_cpp/hook/cmake_prefix_path.dsv'
[0.524s] INFO:colcon.colcon_core.shell:Creating environment hook '/home/camilo/ros2_ws/k3lso_ws/src/k3lso3_ros2/install/test_perf_cpp/share/test_perf_cpp/hook/cmake_prefix_path.sh'
[0.524s] Level 1:colcon.colcon_core.environment:checking '/home/camilo/ros2_ws/k3lso_ws/src/k3lso3_ros2/install/test_perf_cpp/lib'
[0.525s] Level 1:colcon.colcon_core.environment:checking '/home/camilo/ros2_ws/k3lso_ws/src/k3lso3_ros2/install/test_perf_cpp/bin'
[0.525s] Level 1:colcon.colcon_core.environment:checking '/home/camilo/ros2_ws/k3lso_ws/src/k3lso3_ros2/install/test_perf_cpp/lib/pkgconfig/test_perf_cpp.pc'
[0.525s] Level 1:colcon.colcon_core.environment:checking '/home/camilo/ros2_ws/k3lso_ws/src/k3lso3_ros2/install/test_perf_cpp/lib/python3.8/site-packages'
[0.525s] INFO:colcon.colcon_core.shell:Creating package script '/home/camilo/ros2_ws/k3lso_ws/src/k3lso3_ros2/install/test_perf_cpp/share/test_perf_cpp/package.ps1'
[0.526s] INFO:colcon.colcon_core.shell:Creating package descriptor '/home/camilo/ros2_ws/k3lso_ws/src/k3lso3_ros2/install/test_perf_cpp/share/test_perf_cpp/package.dsv'
[0.527s] INFO:colcon.colcon_core.shell:Creating package script '/home/camilo/ros2_ws/k3lso_ws/src/k3lso3_ros2/install/test_perf_cpp/share/test_perf_cpp/package.sh'
[0.527s] INFO:colcon.colcon_core.shell:Creating package script '/home/camilo/ros2_ws/k3lso_ws/src/k3lso3_ros2/install/test_perf_cpp/share/test_perf_cpp/package.bash'
[0.528s] INFO:colcon.colcon_core.shell:Creating package script '/home/camilo/ros2_ws/k3lso_ws/src/k3lso3_ros2/install/test_perf_cpp/share/test_perf_cpp/package.zsh'
[0.529s] Level 1:colcon.colcon_core.environment:create_file_with_runtime_dependencies(/home/camilo/ros2_ws/k3lso_ws/src/k3lso3_ros2/install/test_perf_cpp/share/colcon-core/packages/test_perf_cpp)
[0.548s] Level 1:colcon.colcon_core.environment:create_environment_scripts_only(test_perf_cpp)
[0.549s] Level 1:colcon.colcon_core.environment:checking '/home/camilo/ros2_ws/k3lso_ws/src/k3lso3_ros2/install/test_perf_cpp' for CMake module files
[0.550s] Level 1:colcon.colcon_core.environment:checking '/home/camilo/ros2_ws/k3lso_ws/src/k3lso3_ros2/install/test_perf_cpp' for CMake config files
[0.551s] Level 1:colcon.colcon_core.shell:create_environment_hook('test_perf_cpp', 'cmake_prefix_path')
[0.551s] INFO:colcon.colcon_core.shell:Creating environment hook '/home/camilo/ros2_ws/k3lso_ws/src/k3lso3_ros2/install/test_perf_cpp/share/test_perf_cpp/hook/cmake_prefix_path.ps1'
[0.552s] INFO:colcon.colcon_core.shell:Creating environment descriptor '/home/camilo/ros2_ws/k3lso_ws/src/k3lso3_ros2/install/test_perf_cpp/share/test_perf_cpp/hook/cmake_prefix_path.dsv'
[0.552s] INFO:colcon.colcon_core.shell:Creating environment hook '/home/camilo/ros2_ws/k3lso_ws/src/k3lso3_ros2/install/test_perf_cpp/share/test_perf_cpp/hook/cmake_prefix_path.sh'
[0.553s] Level 1:colcon.colcon_core.environment:checking '/home/camilo/ros2_ws/k3lso_ws/src/k3lso3_ros2/install/test_perf_cpp/lib'
[0.553s] Level 1:colcon.colcon_core.environment:checking '/home/camilo/ros2_ws/k3lso_ws/src/k3lso3_ros2/install/test_perf_cpp/bin'
[0.553s] Level 1:colcon.colcon_core.environment:checking '/home/camilo/ros2_ws/k3lso_ws/src/k3lso3_ros2/install/test_perf_cpp/lib/pkgconfig/test_perf_cpp.pc'
[0.553s] Level 1:colcon.colcon_core.environment:checking '/home/camilo/ros2_ws/k3lso_ws/src/k3lso3_ros2/install/test_perf_cpp/lib/python3.8/site-packages'
[0.554s] INFO:colcon.colcon_core.shell:Creating package script '/home/camilo/ros2_ws/k3lso_ws/src/k3lso3_ros2/install/test_perf_cpp/share/test_perf_cpp/package.ps1'
[0.555s] INFO:colcon.colcon_core.shell:Creating package descriptor '/home/camilo/ros2_ws/k3lso_ws/src/k3lso3_ros2/install/test_perf_cpp/share/test_perf_cpp/package.dsv'
[0.555s] INFO:colcon.colcon_core.shell:Creating package script '/home/camilo/ros2_ws/k3lso_ws/src/k3lso3_ros2/install/test_perf_cpp/share/test_perf_cpp/package.sh'
[0.556s] INFO:colcon.colcon_core.shell:Creating package script '/home/camilo/ros2_ws/k3lso_ws/src/k3lso3_ros2/install/test_perf_cpp/share/test_perf_cpp/package.bash'
[0.556s] INFO:colcon.colcon_core.shell:Creating package script '/home/camilo/ros2_ws/k3lso_ws/src/k3lso3_ros2/install/test_perf_cpp/share/test_perf_cpp/package.zsh'
[0.557s] Level 1:colcon.colcon_core.environment:create_file_with_runtime_dependencies(/home/camilo/ros2_ws/k3lso_ws/src/k3lso3_ros2/install/test_perf_cpp/share/colcon-core/packages/test_perf_cpp)
[0.616s] DEBUG:colcon.colcon_core.event_handler.log_command:Invoked command in '/home/camilo/ros2_ws/k3lso_ws/src/k3lso3_ros2/build/k3lso_msgs' returned '0': CMAKE_PREFIX_PATH=/opt/ros/foxy /usr/bin/cmake --build /home/camilo/ros2_ws/k3lso_ws/src/k3lso3_ros2/build/k3lso_msgs -- -j12 -l12
[0.668s] DEBUG:colcon.colcon_core.event_handler.log_command:Invoking command in '/home/camilo/ros2_ws/k3lso_ws/src/k3lso3_ros2/build/k3lso_msgs': CMAKE_PREFIX_PATH=/opt/ros/foxy /usr/bin/cmake --install /home/camilo/ros2_ws/k3lso_ws/src/k3lso3_ros2/build/k3lso_msgs
[0.717s] Level 1:colcon.colcon_core.environment:create_environment_scripts_only(k3lso_msgs)
[0.718s] Level 1:colcon.colcon_core.environment:checking '/home/camilo/ros2_ws/k3lso_ws/src/k3lso3_ros2/install/k3lso_msgs' for CMake module files
[0.718s] DEBUG:colcon.colcon_core.event_handler.log_command:Invoked command in '/home/camilo/ros2_ws/k3lso_ws/src/k3lso3_ros2/build/k3lso_msgs' returned '0': CMAKE_PREFIX_PATH=/opt/ros/foxy /usr/bin/cmake --install /home/camilo/ros2_ws/k3lso_ws/src/k3lso3_ros2/build/k3lso_msgs
[0.719s] Level 1:colcon.colcon_core.environment:checking '/home/camilo/ros2_ws/k3lso_ws/src/k3lso3_ros2/install/k3lso_msgs' for CMake config files
[0.719s] Level 1:colcon.colcon_core.shell:create_environment_hook('k3lso_msgs', 'cmake_prefix_path')
[0.720s] INFO:colcon.colcon_core.shell:Creating environment hook '/home/camilo/ros2_ws/k3lso_ws/src/k3lso3_ros2/install/k3lso_msgs/share/k3lso_msgs/hook/cmake_prefix_path.ps1'
[0.720s] INFO:colcon.colcon_core.shell:Creating environment descriptor '/home/camilo/ros2_ws/k3lso_ws/src/k3lso3_ros2/install/k3lso_msgs/share/k3lso_msgs/hook/cmake_prefix_path.dsv'
[0.720s] INFO:colcon.colcon_core.shell:Creating environment hook '/home/camilo/ros2_ws/k3lso_ws/src/k3lso3_ros2/install/k3lso_msgs/share/k3lso_msgs/hook/cmake_prefix_path.sh'
[0.721s] Level 1:colcon.colcon_core.environment:checking '/home/camilo/ros2_ws/k3lso_ws/src/k3lso3_ros2/install/k3lso_msgs/lib'
[0.721s] Level 1:colcon.colcon_core.shell:create_environment_hook('k3lso_msgs', 'ld_library_path_lib')
[0.722s] INFO:colcon.colcon_core.shell:Creating environment hook '/home/camilo/ros2_ws/k3lso_ws/src/k3lso3_ros2/install/k3lso_msgs/share/k3lso_msgs/hook/ld_library_path_lib.ps1'
[0.722s] INFO:colcon.colcon_core.shell:Creating environment descriptor '/home/camilo/ros2_ws/k3lso_ws/src/k3lso3_ros2/install/k3lso_msgs/share/k3lso_msgs/hook/ld_library_path_lib.dsv'
[0.722s] INFO:colcon.colcon_core.shell:Creating environment hook '/home/camilo/ros2_ws/k3lso_ws/src/k3lso3_ros2/install/k3lso_msgs/share/k3lso_msgs/hook/ld_library_path_lib.sh'
[0.722s] Level 1:colcon.colcon_core.environment:checking '/home/camilo/ros2_ws/k3lso_ws/src/k3lso3_ros2/install/k3lso_msgs/bin'
[0.723s] Level 1:colcon.colcon_core.environment:checking '/home/camilo/ros2_ws/k3lso_ws/src/k3lso3_ros2/install/k3lso_msgs/lib/pkgconfig/k3lso_msgs.pc'
[0.723s] Level 1:colcon.colcon_core.environment:checking '/home/camilo/ros2_ws/k3lso_ws/src/k3lso3_ros2/install/k3lso_msgs/lib/python3.8/site-packages'
[0.723s] Level 1:colcon.colcon_core.shell:create_environment_hook('k3lso_msgs', 'pythonpath')
[0.723s] INFO:colcon.colcon_core.shell:Creating environment hook '/home/camilo/ros2_ws/k3lso_ws/src/k3lso3_ros2/install/k3lso_msgs/share/k3lso_msgs/hook/pythonpath.ps1'
[0.723s] INFO:colcon.colcon_core.shell:Creating environment descriptor '/home/camilo/ros2_ws/k3lso_ws/src/k3lso3_ros2/install/k3lso_msgs/share/k3lso_msgs/hook/pythonpath.dsv'
[0.724s] INFO:colcon.colcon_core.shell:Creating environment hook '/home/camilo/ros2_ws/k3lso_ws/src/k3lso3_ros2/install/k3lso_msgs/share/k3lso_msgs/hook/pythonpath.sh'
[0.725s] INFO:colcon.colcon_core.shell:Creating package script '/home/camilo/ros2_ws/k3lso_ws/src/k3lso3_ros2/install/k3lso_msgs/share/k3lso_msgs/package.ps1'
[0.725s] INFO:colcon.colcon_core.shell:Creating package descriptor '/home/camilo/ros2_ws/k3lso_ws/src/k3lso3_ros2/install/k3lso_msgs/share/k3lso_msgs/package.dsv'
[0.726s] INFO:colcon.colcon_core.shell:Creating package script '/home/camilo/ros2_ws/k3lso_ws/src/k3lso3_ros2/install/k3lso_msgs/share/k3lso_msgs/package.sh'
[0.726s] INFO:colcon.colcon_core.shell:Creating package script '/home/camilo/ros2_ws/k3lso_ws/src/k3lso3_ros2/install/k3lso_msgs/share/k3lso_msgs/package.bash'
[0.726s] INFO:colcon.colcon_core.shell:Creating package script '/home/camilo/ros2_ws/k3lso_ws/src/k3lso3_ros2/install/k3lso_msgs/share/k3lso_msgs/package.zsh'
[0.726s] Level 1:colcon.colcon_core.environment:create_file_with_runtime_dependencies(/home/camilo/ros2_ws/k3lso_ws/src/k3lso3_ros2/install/k3lso_msgs/share/colcon-core/packages/k3lso_msgs)
[0.780s] Level 1:colcon.colcon_core.environment:create_environment_scripts_only(k3lso_msgs)
[0.781s] Level 1:colcon.colcon_core.environment:checking '/home/camilo/ros2_ws/k3lso_ws/src/k3lso3_ros2/install/k3lso_msgs' for CMake module files
[0.781s] Level 1:colcon.colcon_core.environment:checking '/home/camilo/ros2_ws/k3lso_ws/src/k3lso3_ros2/install/k3lso_msgs' for CMake config files
[0.782s] Level 1:colcon.colcon_core.shell:create_environment_hook('k3lso_msgs', 'cmake_prefix_path')
[0.782s] INFO:colcon.colcon_core.shell:Creating environment hook '/home/camilo/ros2_ws/k3lso_ws/src/k3lso3_ros2/install/k3lso_msgs/share/k3lso_msgs/hook/cmake_prefix_path.ps1'
[0.783s] INFO:colcon.colcon_core.shell:Creating environment descriptor '/home/camilo/ros2_ws/k3lso_ws/src/k3lso3_ros2/install/k3lso_msgs/share/k3lso_msgs/hook/cmake_prefix_path.dsv'
[0.783s] INFO:colcon.colcon_core.shell:Creating environment hook '/home/camilo/ros2_ws/k3lso_ws/src/k3lso3_ros2/install/k3lso_msgs/share/k3lso_msgs/hook/cmake_prefix_path.sh'
[0.783s] Level 1:colcon.colcon_core.environment:checking '/home/camilo/ros2_ws/k3lso_ws/src/k3lso3_ros2/install/k3lso_msgs/lib'
[0.783s] Level 1:colcon.colcon_core.shell:create_environment_hook('k3lso_msgs', 'ld_library_path_lib')
[0.784s] INFO:colcon.colcon_core.shell:Creating environment hook '/home/camilo/ros2_ws/k3lso_ws/src/k3lso3_ros2/install/k3lso_msgs/share/k3lso_msgs/hook/ld_library_path_lib.ps1'
[0.784s] INFO:colcon.colcon_core.shell:Creating environment descriptor '/home/camilo/ros2_ws/k3lso_ws/src/k3lso3_ros2/install/k3lso_msgs/share/k3lso_msgs/hook/ld_library_path_lib.dsv'
[0.785s] INFO:colcon.colcon_core.shell:Creating environment hook '/home/camilo/ros2_ws/k3lso_ws/src/k3lso3_ros2/install/k3lso_msgs/share/k3lso_msgs/hook/ld_library_path_lib.sh'
[0.785s] Level 1:colcon.colcon_core.environment:checking '/home/camilo/ros2_ws/k3lso_ws/src/k3lso3_ros2/install/k3lso_msgs/bin'
[0.785s] Level 1:colcon.colcon_core.environment:checking '/home/camilo/ros2_ws/k3lso_ws/src/k3lso3_ros2/install/k3lso_msgs/lib/pkgconfig/k3lso_msgs.pc'
[0.785s] Level 1:colcon.colcon_core.environment:checking '/home/camilo/ros2_ws/k3lso_ws/src/k3lso3_ros2/install/k3lso_msgs/lib/python3.8/site-packages'
[0.785s] Level 1:colcon.colcon_core.shell:create_environment_hook('k3lso_msgs', 'pythonpath')
[0.786s] INFO:colcon.colcon_core.shell:Creating environment hook '/home/camilo/ros2_ws/k3lso_ws/src/k3lso3_ros2/install/k3lso_msgs/share/k3lso_msgs/hook/pythonpath.ps1'
[0.786s] INFO:colcon.colcon_core.shell:Creating environment descriptor '/home/camilo/ros2_ws/k3lso_ws/src/k3lso3_ros2/install/k3lso_msgs/share/k3lso_msgs/hook/pythonpath.dsv'
[0.786s] INFO:colcon.colcon_core.shell:Creating environment hook '/home/camilo/ros2_ws/k3lso_ws/src/k3lso3_ros2/install/k3lso_msgs/share/k3lso_msgs/hook/pythonpath.sh'
[0.787s] INFO:colcon.colcon_core.shell:Creating package script '/home/camilo/ros2_ws/k3lso_ws/src/k3lso3_ros2/install/k3lso_msgs/share/k3lso_msgs/package.ps1'
[0.788s] INFO:colcon.colcon_core.shell:Creating package descriptor '/home/camilo/ros2_ws/k3lso_ws/src/k3lso3_ros2/install/k3lso_msgs/share/k3lso_msgs/package.dsv'
[0.789s] INFO:colcon.colcon_core.shell:Creating package script '/home/camilo/ros2_ws/k3lso_ws/src/k3lso3_ros2/install/k3lso_msgs/share/k3lso_msgs/package.sh'
[0.789s] INFO:colcon.colcon_core.shell:Creating package script '/home/camilo/ros2_ws/k3lso_ws/src/k3lso3_ros2/install/k3lso_msgs/share/k3lso_msgs/package.bash'
[0.789s] INFO:colcon.colcon_core.shell:Creating package script '/home/camilo/ros2_ws/k3lso_ws/src/k3lso3_ros2/install/k3lso_msgs/share/k3lso_msgs/package.zsh'
[0.790s] Level 1:colcon.colcon_core.environment:create_file_with_runtime_dependencies(/home/camilo/ros2_ws/k3lso_ws/src/k3lso3_ros2/install/k3lso_msgs/share/colcon-core/packages/k3lso_msgs)
[0.790s] INFO:colcon.colcon_ros.task.ament_python.build:Building ROS package in '/home/camilo/ros2_ws/k3lso_ws/src/k3lso3_ros2/test_perf_py' with build type 'ament_python'
[0.790s] Level 1:colcon.colcon_core.shell:create_environment_hook('test_perf_py', 'ament_prefix_path')
[0.791s] INFO:colcon.colcon_core.shell:Creating environment hook '/home/camilo/ros2_ws/k3lso_ws/src/k3lso3_ros2/install/test_perf_py/share/test_perf_py/hook/ament_prefix_path.ps1'
[0.792s] INFO:colcon.colcon_core.shell:Creating environment descriptor '/home/camilo/ros2_ws/k3lso_ws/src/k3lso3_ros2/install/test_perf_py/share/test_perf_py/hook/ament_prefix_path.dsv'
[0.792s] INFO:colcon.colcon_core.shell:Creating environment hook '/home/camilo/ros2_ws/k3lso_ws/src/k3lso3_ros2/install/test_perf_py/share/test_perf_py/hook/ament_prefix_path.sh'
[0.793s] INFO:colcon.colcon_core.shell:Skip shell extension 'powershell' for command environment: Not usable outside of PowerShell
[0.793s] DEBUG:colcon.colcon_core.shell:Skip shell extension 'dsv' for command environment
[0.794s] DEBUG:colcon.colcon_core.shell:Ignoring prefix path '/opt/ros/foxy'
[1.040s] INFO:colcon.colcon_core.task.python.build:Building Python package in '/home/camilo/ros2_ws/k3lso_ws/src/k3lso3_ros2/test_perf_py'
[1.041s] INFO:colcon.colcon_core.shell:Skip shell extension 'powershell' for command environment: Not usable outside of PowerShell
[1.042s] DEBUG:colcon.colcon_core.shell:Skip shell extension 'dsv' for command environment
[1.044s] DEBUG:colcon.colcon_core.shell:Ignoring prefix path '/opt/ros/foxy'
[1.053s] DEBUG:colcon.colcon_core.event_handler.log_command:Invoking command in '/home/camilo/ros2_ws/k3lso_ws/src/k3lso3_ros2/test_perf_py': AMENT_PREFIX_PATH=/home/camilo/ros2_ws/k3lso_ws/src/k3lso3_ros2/install/k3lso_msgs:${AMENT_PREFIX_PATH} CMAKE_PREFIX_PATH=/home/camilo/ros2_ws/k3lso_ws/src/k3lso3_ros2/install/k3lso_msgs LD_LIBRARY_PATH=/home/camilo/ros2_ws/k3lso_ws/src/k3lso3_ros2/install/k3lso_msgs/lib:/opt/ros/foxy/opt/yaml_cpp_vendor/lib:/opt/ros/foxy/opt/rviz_ogre_vendor/lib:/opt/ros/foxy/lib/x86_64-linux-gnu:/opt/ros/foxy/lib:/usr/local/lib PYTHONPATH=/home/camilo/ros2_ws/k3lso_ws/src/k3lso3_ros2/install/test_perf_py/lib/python3.8/site-packages:/home/camilo/ros2_ws/k3lso_ws/src/k3lso3_ros2/install/k3lso_msgs/lib/python3.8/site-packages:${PYTHONPATH} /usr/bin/python3 setup.py egg_info --egg-base ../build/test_perf_py build --build-base /home/camilo/ros2_ws/k3lso_ws/src/k3lso3_ros2/build/test_perf_py/build install --prefix /home/camilo/ros2_ws/k3lso_ws/src/k3lso3_ros2/install/test_perf_py --record /home/camilo/ros2_ws/k3lso_ws/src/k3lso3_ros2/build/test_perf_py/install.log --single-version-externally-managed
[1.372s] Level 1:colcon.colcon_core.environment:checking '/home/camilo/ros2_ws/k3lso_ws/src/k3lso3_ros2/install/test_perf_py' for CMake module files
[1.373s] DEBUG:colcon.colcon_core.event_handler.log_command:Invoked command in '/home/camilo/ros2_ws/k3lso_ws/src/k3lso3_ros2/test_perf_py' returned '0': AMENT_PREFIX_PATH=/home/camilo/ros2_ws/k3lso_ws/src/k3lso3_ros2/install/k3lso_msgs:${AMENT_PREFIX_PATH} CMAKE_PREFIX_PATH=/home/camilo/ros2_ws/k3lso_ws/src/k3lso3_ros2/install/k3lso_msgs LD_LIBRARY_PATH=/home/camilo/ros2_ws/k3lso_ws/src/k3lso3_ros2/install/k3lso_msgs/lib:/opt/ros/foxy/opt/yaml_cpp_vendor/lib:/opt/ros/foxy/opt/rviz_ogre_vendor/lib:/opt/ros/foxy/lib/x86_64-linux-gnu:/opt/ros/foxy/lib:/usr/local/lib PYTHONPATH=/home/camilo/ros2_ws/k3lso_ws/src/k3lso3_ros2/install/test_perf_py/lib/python3.8/site-packages:/home/camilo/ros2_ws/k3lso_ws/src/k3lso3_ros2/install/k3lso_msgs/lib/python3.8/site-packages:${PYTHONPATH} /usr/bin/python3 setup.py egg_info --egg-base ../build/test_perf_py build --build-base /home/camilo/ros2_ws/k3lso_ws/src/k3lso3_ros2/build/test_perf_py/build install --prefix /home/camilo/ros2_ws/k3lso_ws/src/k3lso3_ros2/install/test_perf_py --record /home/camilo/ros2_ws/k3lso_ws/src/k3lso3_ros2/build/test_perf_py/install.log --single-version-externally-managed
[1.373s] Level 1:colcon.colcon_core.environment:checking '/home/camilo/ros2_ws/k3lso_ws/src/k3lso3_ros2/install/test_perf_py' for CMake config files
[1.374s] Level 1:colcon.colcon_core.environment:checking '/home/camilo/ros2_ws/k3lso_ws/src/k3lso3_ros2/install/test_perf_py/lib'
[1.374s] Level 1:colcon.colcon_core.environment:checking '/home/camilo/ros2_ws/k3lso_ws/src/k3lso3_ros2/install/test_perf_py/bin'
[1.374s] Level 1:colcon.colcon_core.environment:checking '/home/camilo/ros2_ws/k3lso_ws/src/k3lso3_ros2/install/test_perf_py/lib/pkgconfig/test_perf_py.pc'
[1.374s] Level 1:colcon.colcon_core.environment:checking '/home/camilo/ros2_ws/k3lso_ws/src/k3lso3_ros2/install/test_perf_py/lib/python3.8/site-packages'
[1.374s] Level 1:colcon.colcon_core.shell:create_environment_hook('test_perf_py', 'pythonpath')
[1.375s] INFO:colcon.colcon_core.shell:Creating environment hook '/home/camilo/ros2_ws/k3lso_ws/src/k3lso3_ros2/install/test_perf_py/share/test_perf_py/hook/pythonpath.ps1'
[1.375s] INFO:colcon.colcon_core.shell:Creating environment descriptor '/home/camilo/ros2_ws/k3lso_ws/src/k3lso3_ros2/install/test_perf_py/share/test_perf_py/hook/pythonpath.dsv'
[1.376s] INFO:colcon.colcon_core.shell:Creating environment hook '/home/camilo/ros2_ws/k3lso_ws/src/k3lso3_ros2/install/test_perf_py/share/test_perf_py/hook/pythonpath.sh'
[1.376s] Level 1:colcon.colcon_core.environment:create_environment_scripts_only(test_perf_py)
[1.377s] INFO:colcon.colcon_core.shell:Creating package script '/home/camilo/ros2_ws/k3lso_ws/src/k3lso3_ros2/install/test_perf_py/share/test_perf_py/package.ps1'
[1.377s] INFO:colcon.colcon_core.shell:Creating package descriptor '/home/camilo/ros2_ws/k3lso_ws/src/k3lso3_ros2/install/test_perf_py/share/test_perf_py/package.dsv'
[1.378s] INFO:colcon.colcon_core.shell:Creating package script '/home/camilo/ros2_ws/k3lso_ws/src/k3lso3_ros2/install/test_perf_py/share/test_perf_py/package.sh'
[1.378s] INFO:colcon.colcon_core.shell:Creating package script '/home/camilo/ros2_ws/k3lso_ws/src/k3lso3_ros2/install/test_perf_py/share/test_perf_py/package.bash'
[1.378s] INFO:colcon.colcon_core.shell:Creating package script '/home/camilo/ros2_ws/k3lso_ws/src/k3lso3_ros2/install/test_perf_py/share/test_perf_py/package.zsh'
[1.379s] Level 1:colcon.colcon_core.environment:create_file_with_runtime_dependencies(/home/camilo/ros2_ws/k3lso_ws/src/k3lso3_ros2/install/test_perf_py/share/colcon-core/packages/test_perf_py)
[3.182s] DEBUG:colcon.colcon_core.event_handler.log_command:Invoked command in '/home/camilo/ros2_ws/k3lso_ws/src/k3lso3_ros2/build/k3lso_vectornav' returned '2': CMAKE_PREFIX_PATH=/opt/ros/foxy /usr/bin/cmake --build /home/camilo/ros2_ws/k3lso_ws/src/k3lso3_ros2/build/k3lso_vectornav -- -j12 -l12
[3.233s] Level 1:colcon.colcon_core.environment:create_environment_scripts_only(k3lso_vectornav)
[3.234s] Level 1:colcon.colcon_core.environment:checking '/home/camilo/ros2_ws/k3lso_ws/src/k3lso3_ros2/install/k3lso_vectornav' for CMake module files
[3.235s] Level 1:colcon.colcon_core.environment:checking '/home/camilo/ros2_ws/k3lso_ws/src/k3lso3_ros2/install/k3lso_vectornav' for CMake config files
[3.235s] Level 1:colcon.colcon_core.shell:create_environment_hook('k3lso_vectornav', 'cmake_prefix_path')
[3.235s] INFO:colcon.colcon_core.shell:Creating environment hook '/home/camilo/ros2_ws/k3lso_ws/src/k3lso3_ros2/install/k3lso_vectornav/share/k3lso_vectornav/hook/cmake_prefix_path.ps1'
[3.236s] INFO:colcon.colcon_core.shell:Creating environment descriptor '/home/camilo/ros2_ws/k3lso_ws/src/k3lso3_ros2/install/k3lso_vectornav/share/k3lso_vectornav/hook/cmake_prefix_path.dsv'
[3.236s] INFO:colcon.colcon_core.shell:Creating environment hook '/home/camilo/ros2_ws/k3lso_ws/src/k3lso3_ros2/install/k3lso_vectornav/share/k3lso_vectornav/hook/cmake_prefix_path.sh'
[3.237s] Level 1:colcon.colcon_core.environment:checking '/home/camilo/ros2_ws/k3lso_ws/src/k3lso3_ros2/install/k3lso_vectornav/lib'
[3.237s] Level 1:colcon.colcon_core.environment:checking '/home/camilo/ros2_ws/k3lso_ws/src/k3lso3_ros2/install/k3lso_vectornav/bin'
[3.237s] Level 1:colcon.colcon_core.environment:checking '/home/camilo/ros2_ws/k3lso_ws/src/k3lso3_ros2/install/k3lso_vectornav/lib/pkgconfig/k3lso_vectornav.pc'
[3.237s] Level 1:colcon.colcon_core.environment:checking '/home/camilo/ros2_ws/k3lso_ws/src/k3lso3_ros2/install/k3lso_vectornav/lib/python3.8/site-packages'
[3.238s] INFO:colcon.colcon_core.shell:Creating package script '/home/camilo/ros2_ws/k3lso_ws/src/k3lso3_ros2/install/k3lso_vectornav/share/k3lso_vectornav/package.ps1'
[3.238s] INFO:colcon.colcon_core.shell:Creating package descriptor '/home/camilo/ros2_ws/k3lso_ws/src/k3lso3_ros2/install/k3lso_vectornav/share/k3lso_vectornav/package.dsv'
[3.238s] INFO:colcon.colcon_core.shell:Creating package script '/home/camilo/ros2_ws/k3lso_ws/src/k3lso3_ros2/install/k3lso_vectornav/share/k3lso_vectornav/package.sh'
[3.239s] INFO:colcon.colcon_core.shell:Creating package script '/home/camilo/ros2_ws/k3lso_ws/src/k3lso3_ros2/install/k3lso_vectornav/share/k3lso_vectornav/package.bash'
[3.239s] INFO:colcon.colcon_core.shell:Creating package script '/home/camilo/ros2_ws/k3lso_ws/src/k3lso3_ros2/install/k3lso_vectornav/share/k3lso_vectornav/package.zsh'
[3.239s] Level 1:colcon.colcon_core.environment:create_file_with_runtime_dependencies(/home/camilo/ros2_ws/k3lso_ws/src/k3lso3_ros2/install/k3lso_vectornav/share/colcon-core/packages/k3lso_vectornav)
[3.250s] DEBUG:colcon.colcon_parallel_executor.executor.parallel:closing loop
[3.250s] DEBUG:colcon.colcon_parallel_executor.executor.parallel:loop closed
[3.250s] DEBUG:colcon.colcon_parallel_executor.executor.parallel:run_until_complete finished with '2'
[3.250s] DEBUG:colcon.colcon_core.event_reactor:joining thread
[3.255s] INFO:colcon.colcon_core.plugin_system:Skipping extension 'colcon_notification.desktop_notification.terminal_notifier': Not used on non-Darwin systems
[3.256s] INFO:colcon.colcon_core.plugin_system:Skipping extension 'colcon_notification.desktop_notification.win32': Not used on non-Windows systems
[3.256s] INFO:colcon.colcon_notification.desktop_notification:Sending desktop notification using 'notify2'
[3.258s] DEBUG:colcon.colcon_core.event_reactor:joined thread
[3.258s] INFO:colcon.colcon_core.shell:Creating prefix script '/home/camilo/ros2_ws/k3lso_ws/src/k3lso3_ros2/install/local_setup.ps1'
[3.259s] INFO:colcon.colcon_core.shell:Creating prefix util module '/home/camilo/ros2_ws/k3lso_ws/src/k3lso3_ros2/install/_local_setup_util_ps1.py'
[3.261s] INFO:colcon.colcon_core.shell:Creating prefix chain script '/home/camilo/ros2_ws/k3lso_ws/src/k3lso3_ros2/install/setup.ps1'
[3.264s] INFO:colcon.colcon_core.shell:Creating prefix script '/home/camilo/ros2_ws/k3lso_ws/src/k3lso3_ros2/install/local_setup.sh'
[3.264s] INFO:colcon.colcon_core.shell:Creating prefix util module '/home/camilo/ros2_ws/k3lso_ws/src/k3lso3_ros2/install/_local_setup_util_sh.py'
[3.265s] INFO:colcon.colcon_core.shell:Creating prefix chain script '/home/camilo/ros2_ws/k3lso_ws/src/k3lso3_ros2/install/setup.sh'
[3.268s] INFO:colcon.colcon_core.shell:Creating prefix script '/home/camilo/ros2_ws/k3lso_ws/src/k3lso3_ros2/install/local_setup.bash'
[3.269s] INFO:colcon.colcon_core.shell:Creating prefix chain script '/home/camilo/ros2_ws/k3lso_ws/src/k3lso3_ros2/install/setup.bash'
[3.271s] INFO:colcon.colcon_core.shell:Creating prefix script '/home/camilo/ros2_ws/k3lso_ws/src/k3lso3_ros2/install/local_setup.zsh'
[3.272s] INFO:colcon.colcon_core.shell:Creating prefix chain script '/home/camilo/ros2_ws/k3lso_ws/src/k3lso3_ros2/install/setup.zsh'
