[0.025s] Invoking command in '/home/camilo/ros2_ws/k3lso_ws/src/k3lso3_ros2/build/k3lso_vectornav': CMAKE_PREFIX_PATH=/opt/ros/foxy /usr/bin/cmake --build /home/camilo/ros2_ws/k3lso_ws/src/k3lso3_ros2/build/k3lso_vectornav -- -j12 -l12
[0.072s] [35m[1mScanning dependencies of target k3lso_vectornav[0m
[0.110s] [  3%] [32mBuilding CXX object CMakeFiles/k3lso_vectornav.dir/src/k3lso_vectornav_node.cpp.o[0m
[0.110s] [  7%] [32mBuilding CXX object CMakeFiles/k3lso_vectornav.dir/src/rt/rt_vectornav.cpp.o[0m
[3.650s] [ 11%] [32m[1mLinking CXX executable k3lso_vectornav[0m
[3.834s] [100%] Built target k3lso_vectornav
[3.844s] Invoked command in '/home/camilo/ros2_ws/k3lso_ws/src/k3lso3_ros2/build/k3lso_vectornav' returned '0': CMAKE_PREFIX_PATH=/opt/ros/foxy /usr/bin/cmake --build /home/camilo/ros2_ws/k3lso_ws/src/k3lso3_ros2/build/k3lso_vectornav -- -j12 -l12
[3.896s] Invoking command in '/home/camilo/ros2_ws/k3lso_ws/src/k3lso3_ros2/build/k3lso_vectornav': CMAKE_PREFIX_PATH=/opt/ros/foxy /usr/bin/cmake --install /home/camilo/ros2_ws/k3lso_ws/src/k3lso3_ros2/build/k3lso_vectornav
[3.904s] -- Install configuration: ""
[3.904s] -- Installing: /home/camilo/ros2_ws/k3lso_ws/src/k3lso3_ros2/install/k3lso_vectornav/lib/k3lso_vectornav/k3lso_vectornav
[3.905s] -- Set runtime path of "/home/camilo/ros2_ws/k3lso_ws/src/k3lso3_ros2/install/k3lso_vectornav/lib/k3lso_vectornav/k3lso_vectornav" to ""
[3.905s] -- Up-to-date: /home/camilo/ros2_ws/k3lso_ws/src/k3lso3_ros2/install/k3lso_vectornav/share/ament_index/resource_index/package_run_dependencies/k3lso_vectornav
[3.906s] -- Up-to-date: /home/camilo/ros2_ws/k3lso_ws/src/k3lso3_ros2/install/k3lso_vectornav/share/ament_index/resource_index/parent_prefix_path/k3lso_vectornav
[3.906s] -- Up-to-date: /home/camilo/ros2_ws/k3lso_ws/src/k3lso3_ros2/install/k3lso_vectornav/share/k3lso_vectornav/environment/ament_prefix_path.sh
[3.906s] -- Up-to-date: /home/camilo/ros2_ws/k3lso_ws/src/k3lso3_ros2/install/k3lso_vectornav/share/k3lso_vectornav/environment/ament_prefix_path.dsv
[3.906s] -- Up-to-date: /home/camilo/ros2_ws/k3lso_ws/src/k3lso3_ros2/install/k3lso_vectornav/share/k3lso_vectornav/environment/path.sh
[3.906s] -- Up-to-date: /home/camilo/ros2_ws/k3lso_ws/src/k3lso3_ros2/install/k3lso_vectornav/share/k3lso_vectornav/environment/path.dsv
[3.906s] -- Up-to-date: /home/camilo/ros2_ws/k3lso_ws/src/k3lso3_ros2/install/k3lso_vectornav/share/k3lso_vectornav/local_setup.bash
[3.906s] -- Up-to-date: /home/camilo/ros2_ws/k3lso_ws/src/k3lso3_ros2/install/k3lso_vectornav/share/k3lso_vectornav/local_setup.sh
[3.906s] -- Up-to-date: /home/camilo/ros2_ws/k3lso_ws/src/k3lso3_ros2/install/k3lso_vectornav/share/k3lso_vectornav/local_setup.zsh
[3.906s] -- Up-to-date: /home/camilo/ros2_ws/k3lso_ws/src/k3lso3_ros2/install/k3lso_vectornav/share/k3lso_vectornav/local_setup.dsv
[3.906s] -- Installing: /home/camilo/ros2_ws/k3lso_ws/src/k3lso3_ros2/install/k3lso_vectornav/share/k3lso_vectornav/package.dsv
[3.906s] -- Up-to-date: /home/camilo/ros2_ws/k3lso_ws/src/k3lso3_ros2/install/k3lso_vectornav/share/ament_index/resource_index/packages/k3lso_vectornav
[3.906s] -- Up-to-date: /home/camilo/ros2_ws/k3lso_ws/src/k3lso3_ros2/install/k3lso_vectornav/share/k3lso_vectornav/cmake/k3lso_vectornavConfig.cmake
[3.907s] -- Up-to-date: /home/camilo/ros2_ws/k3lso_ws/src/k3lso3_ros2/install/k3lso_vectornav/share/k3lso_vectornav/cmake/k3lso_vectornavConfig-version.cmake
[3.907s] -- Up-to-date: /home/camilo/ros2_ws/k3lso_ws/src/k3lso3_ros2/install/k3lso_vectornav/share/k3lso_vectornav/package.xml
[3.910s] Invoked command in '/home/camilo/ros2_ws/k3lso_ws/src/k3lso3_ros2/build/k3lso_vectornav' returned '0': CMAKE_PREFIX_PATH=/opt/ros/foxy /usr/bin/cmake --install /home/camilo/ros2_ws/k3lso_ws/src/k3lso3_ros2/build/k3lso_vectornav
