[  2%] Built target k3lso_msgs__cpp
[ 12%] Built target k3lso_msgs__rosidl_generator_c
[ 23%] Built target k3lso_msgs__rosidl_typesupport_introspection_cpp
[ 33%] Built target k3lso_msgs__rosidl_typesupport_cpp
[ 43%] Built target k3lso_msgs__rosidl_typesupport_introspection_c
[ 53%] Built target k3lso_msgs__rosidl_typesupport_fastrtps_cpp
[ 64%] Built target k3lso_msgs__rosidl_typesupport_c
[ 74%] Built target k3lso_msgs__rosidl_typesupport_fastrtps_c
[ 74%] Built target k3lso_msgs
[ 76%] Built target k3lso_msgs__py
[ 84%] Built target k3lso_msgs__python
[100%] Built target k3lso_msgs__rosidl_typesupport_introspection_c__pyext
[100%] Built target k3lso_msgs__rosidl_typesupport_c__pyext
[100%] Built target k3lso_msgs__rosidl_typesupport_fastrtps_c__pyext
-- Install configuration: ""
-- Up-to-date: /home/camilo/ros2_ws/k3lso_ws/src/k3lso3_ros2/install/k3lso_msgs/share/ament_index/resource_index/rosidl_interfaces/k3lso_msgs
-- Up-to-date: /home/camilo/ros2_ws/k3lso_ws/src/k3lso3_ros2/install/k3lso_msgs/include/k3lso_msgs
-- Up-to-date: /home/camilo/ros2_ws/k3lso_ws/src/k3lso3_ros2/install/k3lso_msgs/include/k3lso_msgs/srv
-- Up-to-date: /home/camilo/ros2_ws/k3lso_ws/src/k3lso3_ros2/install/k3lso_msgs/include/k3lso_msgs/srv/detail
-- Up-to-date: /home/camilo/ros2_ws/k3lso_ws/src/k3lso3_ros2/install/k3lso_msgs/include/k3lso_msgs/srv/detail/motors_step__functions.c
-- Up-to-date: /home/camilo/ros2_ws/k3lso_ws/src/k3lso3_ros2/install/k3lso_msgs/include/k3lso_msgs/srv/detail/motors_step__struct.h
-- Up-to-date: /home/camilo/ros2_ws/k3lso_ws/src/k3lso3_ros2/install/k3lso_msgs/include/k3lso_msgs/srv/detail/motors_step__functions.h
-- Up-to-date: /home/camilo/ros2_ws/k3lso_ws/src/k3lso3_ros2/install/k3lso_msgs/include/k3lso_msgs/srv/detail/motors_step__type_support.h
-- Up-to-date: /home/camilo/ros2_ws/k3lso_ws/src/k3lso3_ros2/install/k3lso_msgs/include/k3lso_msgs/srv/motors_step.h
-- Up-to-date: /home/camilo/ros2_ws/k3lso_ws/src/k3lso3_ros2/install/k3lso_msgs/include/k3lso_msgs/msg
-- Up-to-date: /home/camilo/ros2_ws/k3lso_ws/src/k3lso3_ros2/install/k3lso_msgs/include/k3lso_msgs/msg/detail
-- Up-to-date: /home/camilo/ros2_ws/k3lso_ws/src/k3lso3_ros2/install/k3lso_msgs/include/k3lso_msgs/msg/detail/motors_command__functions.h
-- Up-to-date: /home/camilo/ros2_ws/k3lso_ws/src/k3lso3_ros2/install/k3lso_msgs/include/k3lso_msgs/msg/detail/motors_command__struct.h
-- Up-to-date: /home/camilo/ros2_ws/k3lso_ws/src/k3lso3_ros2/install/k3lso_msgs/include/k3lso_msgs/msg/detail/motors_command__functions.c
-- Up-to-date: /home/camilo/ros2_ws/k3lso_ws/src/k3lso3_ros2/install/k3lso_msgs/include/k3lso_msgs/msg/detail/motors_command__type_support.h
-- Up-to-date: /home/camilo/ros2_ws/k3lso_ws/src/k3lso3_ros2/install/k3lso_msgs/include/k3lso_msgs/msg/rosidl_generator_c__visibility_control.h
-- Up-to-date: /home/camilo/ros2_ws/k3lso_ws/src/k3lso3_ros2/install/k3lso_msgs/include/k3lso_msgs/msg/motors_command.h
-- Up-to-date: /home/camilo/ros2_ws/k3lso_ws/src/k3lso3_ros2/install/k3lso_msgs/share/k3lso_msgs/environment/library_path.sh
-- Up-to-date: /home/camilo/ros2_ws/k3lso_ws/src/k3lso3_ros2/install/k3lso_msgs/share/k3lso_msgs/environment/library_path.dsv
-- Up-to-date: /home/camilo/ros2_ws/k3lso_ws/src/k3lso3_ros2/install/k3lso_msgs/lib/libk3lso_msgs__rosidl_generator_c.so
-- Up-to-date: /home/camilo/ros2_ws/k3lso_ws/src/k3lso3_ros2/install/k3lso_msgs/include/k3lso_msgs
-- Up-to-date: /home/camilo/ros2_ws/k3lso_ws/src/k3lso3_ros2/install/k3lso_msgs/include/k3lso_msgs/srv
-- Up-to-date: /home/camilo/ros2_ws/k3lso_ws/src/k3lso3_ros2/install/k3lso_msgs/include/k3lso_msgs/srv/detail
-- Up-to-date: /home/camilo/ros2_ws/k3lso_ws/src/k3lso3_ros2/install/k3lso_msgs/include/k3lso_msgs/srv/detail/motors_step__rosidl_typesupport_fastrtps_c.h
-- Up-to-date: /home/camilo/ros2_ws/k3lso_ws/src/k3lso3_ros2/install/k3lso_msgs/include/k3lso_msgs/msg
-- Up-to-date: /home/camilo/ros2_ws/k3lso_ws/src/k3lso3_ros2/install/k3lso_msgs/include/k3lso_msgs/msg/detail
-- Up-to-date: /home/camilo/ros2_ws/k3lso_ws/src/k3lso3_ros2/install/k3lso_msgs/include/k3lso_msgs/msg/detail/motors_command__rosidl_typesupport_fastrtps_c.h
-- Up-to-date: /home/camilo/ros2_ws/k3lso_ws/src/k3lso3_ros2/install/k3lso_msgs/include/k3lso_msgs/msg/rosidl_typesupport_fastrtps_c__visibility_control.h
-- Up-to-date: /home/camilo/ros2_ws/k3lso_ws/src/k3lso3_ros2/install/k3lso_msgs/lib/libk3lso_msgs__rosidl_typesupport_fastrtps_c.so
-- Up-to-date: /home/camilo/ros2_ws/k3lso_ws/src/k3lso3_ros2/install/k3lso_msgs/include/k3lso_msgs
-- Up-to-date: /home/camilo/ros2_ws/k3lso_ws/src/k3lso3_ros2/install/k3lso_msgs/include/k3lso_msgs/srv
-- Up-to-date: /home/camilo/ros2_ws/k3lso_ws/src/k3lso3_ros2/install/k3lso_msgs/include/k3lso_msgs/srv/detail
-- Up-to-date: /home/camilo/ros2_ws/k3lso_ws/src/k3lso3_ros2/install/k3lso_msgs/include/k3lso_msgs/srv/detail/motors_step__rosidl_typesupport_fastrtps_cpp.hpp
-- Up-to-date: /home/camilo/ros2_ws/k3lso_ws/src/k3lso3_ros2/install/k3lso_msgs/include/k3lso_msgs/srv/detail/dds_fastrtps
-- Up-to-date: /home/camilo/ros2_ws/k3lso_ws/src/k3lso3_ros2/install/k3lso_msgs/include/k3lso_msgs/msg
-- Up-to-date: /home/camilo/ros2_ws/k3lso_ws/src/k3lso3_ros2/install/k3lso_msgs/include/k3lso_msgs/msg/detail
-- Up-to-date: /home/camilo/ros2_ws/k3lso_ws/src/k3lso3_ros2/install/k3lso_msgs/include/k3lso_msgs/msg/detail/dds_fastrtps
-- Up-to-date: /home/camilo/ros2_ws/k3lso_ws/src/k3lso3_ros2/install/k3lso_msgs/include/k3lso_msgs/msg/detail/motors_command__rosidl_typesupport_fastrtps_cpp.hpp
-- Up-to-date: /home/camilo/ros2_ws/k3lso_ws/src/k3lso3_ros2/install/k3lso_msgs/include/k3lso_msgs/msg/rosidl_typesupport_fastrtps_cpp__visibility_control.h
-- Up-to-date: /home/camilo/ros2_ws/k3lso_ws/src/k3lso3_ros2/install/k3lso_msgs/lib/libk3lso_msgs__rosidl_typesupport_fastrtps_cpp.so
-- Up-to-date: /home/camilo/ros2_ws/k3lso_ws/src/k3lso3_ros2/install/k3lso_msgs/include/k3lso_msgs
-- Up-to-date: /home/camilo/ros2_ws/k3lso_ws/src/k3lso3_ros2/install/k3lso_msgs/include/k3lso_msgs/srv
-- Up-to-date: /home/camilo/ros2_ws/k3lso_ws/src/k3lso3_ros2/install/k3lso_msgs/include/k3lso_msgs/srv/detail
-- Up-to-date: /home/camilo/ros2_ws/k3lso_ws/src/k3lso3_ros2/install/k3lso_msgs/include/k3lso_msgs/srv/detail/motors_step__rosidl_typesupport_introspection_c.h
-- Up-to-date: /home/camilo/ros2_ws/k3lso_ws/src/k3lso3_ros2/install/k3lso_msgs/include/k3lso_msgs/srv/detail/motors_step__type_support.c
-- Up-to-date: /home/camilo/ros2_ws/k3lso_ws/src/k3lso3_ros2/install/k3lso_msgs/include/k3lso_msgs/msg
-- Up-to-date: /home/camilo/ros2_ws/k3lso_ws/src/k3lso3_ros2/install/k3lso_msgs/include/k3lso_msgs/msg/detail
-- Up-to-date: /home/camilo/ros2_ws/k3lso_ws/src/k3lso3_ros2/install/k3lso_msgs/include/k3lso_msgs/msg/detail/motors_command__rosidl_typesupport_introspection_c.h
-- Up-to-date: /home/camilo/ros2_ws/k3lso_ws/src/k3lso3_ros2/install/k3lso_msgs/include/k3lso_msgs/msg/detail/motors_command__type_support.c
-- Up-to-date: /home/camilo/ros2_ws/k3lso_ws/src/k3lso3_ros2/install/k3lso_msgs/include/k3lso_msgs/msg/rosidl_typesupport_introspection_c__visibility_control.h
-- Up-to-date: /home/camilo/ros2_ws/k3lso_ws/src/k3lso3_ros2/install/k3lso_msgs/lib/libk3lso_msgs__rosidl_typesupport_introspection_c.so
-- Up-to-date: /home/camilo/ros2_ws/k3lso_ws/src/k3lso3_ros2/install/k3lso_msgs/lib/libk3lso_msgs__rosidl_typesupport_c.so
-- Up-to-date: /home/camilo/ros2_ws/k3lso_ws/src/k3lso3_ros2/install/k3lso_msgs/include/k3lso_msgs
-- Up-to-date: /home/camilo/ros2_ws/k3lso_ws/src/k3lso3_ros2/install/k3lso_msgs/include/k3lso_msgs/srv
-- Up-to-date: /home/camilo/ros2_ws/k3lso_ws/src/k3lso3_ros2/install/k3lso_msgs/include/k3lso_msgs/srv/motors_step.hpp
-- Up-to-date: /home/camilo/ros2_ws/k3lso_ws/src/k3lso3_ros2/install/k3lso_msgs/include/k3lso_msgs/srv/detail
-- Up-to-date: /home/camilo/ros2_ws/k3lso_ws/src/k3lso3_ros2/install/k3lso_msgs/include/k3lso_msgs/srv/detail/motors_step__struct.hpp
-- Up-to-date: /home/camilo/ros2_ws/k3lso_ws/src/k3lso3_ros2/install/k3lso_msgs/include/k3lso_msgs/srv/detail/motors_step__traits.hpp
-- Up-to-date: /home/camilo/ros2_ws/k3lso_ws/src/k3lso3_ros2/install/k3lso_msgs/include/k3lso_msgs/srv/detail/motors_step__builder.hpp
-- Up-to-date: /home/camilo/ros2_ws/k3lso_ws/src/k3lso3_ros2/install/k3lso_msgs/include/k3lso_msgs/msg
-- Up-to-date: /home/camilo/ros2_ws/k3lso_ws/src/k3lso3_ros2/install/k3lso_msgs/include/k3lso_msgs/msg/detail
-- Up-to-date: /home/camilo/ros2_ws/k3lso_ws/src/k3lso3_ros2/install/k3lso_msgs/include/k3lso_msgs/msg/detail/motors_command__struct.hpp
-- Up-to-date: /home/camilo/ros2_ws/k3lso_ws/src/k3lso3_ros2/install/k3lso_msgs/include/k3lso_msgs/msg/detail/motors_command__builder.hpp
-- Up-to-date: /home/camilo/ros2_ws/k3lso_ws/src/k3lso3_ros2/install/k3lso_msgs/include/k3lso_msgs/msg/detail/motors_command__traits.hpp
-- Up-to-date: /home/camilo/ros2_ws/k3lso_ws/src/k3lso3_ros2/install/k3lso_msgs/include/k3lso_msgs/msg/motors_command.hpp
-- Up-to-date: /home/camilo/ros2_ws/k3lso_ws/src/k3lso3_ros2/install/k3lso_msgs/include/k3lso_msgs
-- Up-to-date: /home/camilo/ros2_ws/k3lso_ws/src/k3lso3_ros2/install/k3lso_msgs/include/k3lso_msgs/srv
-- Up-to-date: /home/camilo/ros2_ws/k3lso_ws/src/k3lso3_ros2/install/k3lso_msgs/include/k3lso_msgs/srv/detail
-- Up-to-date: /home/camilo/ros2_ws/k3lso_ws/src/k3lso3_ros2/install/k3lso_msgs/include/k3lso_msgs/srv/detail/motors_step__rosidl_typesupport_introspection_cpp.hpp
-- Up-to-date: /home/camilo/ros2_ws/k3lso_ws/src/k3lso3_ros2/install/k3lso_msgs/include/k3lso_msgs/srv/detail/motors_step__type_support.cpp
-- Up-to-date: /home/camilo/ros2_ws/k3lso_ws/src/k3lso3_ros2/install/k3lso_msgs/include/k3lso_msgs/msg
-- Up-to-date: /home/camilo/ros2_ws/k3lso_ws/src/k3lso3_ros2/install/k3lso_msgs/include/k3lso_msgs/msg/detail
-- Up-to-date: /home/camilo/ros2_ws/k3lso_ws/src/k3lso3_ros2/install/k3lso_msgs/include/k3lso_msgs/msg/detail/motors_command__rosidl_typesupport_introspection_cpp.hpp
-- Up-to-date: /home/camilo/ros2_ws/k3lso_ws/src/k3lso3_ros2/install/k3lso_msgs/include/k3lso_msgs/msg/detail/motors_command__type_support.cpp
-- Up-to-date: /home/camilo/ros2_ws/k3lso_ws/src/k3lso3_ros2/install/k3lso_msgs/lib/libk3lso_msgs__rosidl_typesupport_introspection_cpp.so
-- Up-to-date: /home/camilo/ros2_ws/k3lso_ws/src/k3lso3_ros2/install/k3lso_msgs/lib/libk3lso_msgs__rosidl_typesupport_cpp.so
-- Up-to-date: /home/camilo/ros2_ws/k3lso_ws/src/k3lso3_ros2/install/k3lso_msgs/share/k3lso_msgs/environment/pythonpath.sh
-- Up-to-date: /home/camilo/ros2_ws/k3lso_ws/src/k3lso3_ros2/install/k3lso_msgs/share/k3lso_msgs/environment/pythonpath.dsv
-- Up-to-date: /home/camilo/ros2_ws/k3lso_ws/src/k3lso3_ros2/install/k3lso_msgs/lib/python3.8/site-packages/k3lso_msgs/__init__.py
-- Up-to-date: /home/camilo/ros2_ws/k3lso_ws/src/k3lso3_ros2/install/k3lso_msgs/lib/python3.8/site-packages/k3lso_msgs/msg
-- Up-to-date: /home/camilo/ros2_ws/k3lso_ws/src/k3lso3_ros2/install/k3lso_msgs/lib/python3.8/site-packages/k3lso_msgs/msg/__init__.py
-- Up-to-date: /home/camilo/ros2_ws/k3lso_ws/src/k3lso3_ros2/install/k3lso_msgs/lib/python3.8/site-packages/k3lso_msgs/msg/_motors_command_s.c
-- Up-to-date: /home/camilo/ros2_ws/k3lso_ws/src/k3lso3_ros2/install/k3lso_msgs/lib/python3.8/site-packages/k3lso_msgs/msg/_motors_command.py
-- Up-to-date: /home/camilo/ros2_ws/k3lso_ws/src/k3lso3_ros2/install/k3lso_msgs/lib/python3.8/site-packages/k3lso_msgs/srv
-- Up-to-date: /home/camilo/ros2_ws/k3lso_ws/src/k3lso3_ros2/install/k3lso_msgs/lib/python3.8/site-packages/k3lso_msgs/srv/__init__.py
-- Up-to-date: /home/camilo/ros2_ws/k3lso_ws/src/k3lso3_ros2/install/k3lso_msgs/lib/python3.8/site-packages/k3lso_msgs/srv/_motors_step_s.c
-- Up-to-date: /home/camilo/ros2_ws/k3lso_ws/src/k3lso3_ros2/install/k3lso_msgs/lib/python3.8/site-packages/k3lso_msgs/srv/_motors_step.py
-- Up-to-date: /home/camilo/ros2_ws/k3lso_ws/src/k3lso3_ros2/install/k3lso_msgs/lib/python3.8/site-packages/k3lso_msgs/k3lso_msgs_s__rosidl_typesupport_fastrtps_c.cpython-38-x86_64-linux-gnu.so
-- Up-to-date: /home/camilo/ros2_ws/k3lso_ws/src/k3lso3_ros2/install/k3lso_msgs/lib/python3.8/site-packages/k3lso_msgs/k3lso_msgs_s__rosidl_typesupport_introspection_c.cpython-38-x86_64-linux-gnu.so
-- Up-to-date: /home/camilo/ros2_ws/k3lso_ws/src/k3lso3_ros2/install/k3lso_msgs/lib/python3.8/site-packages/k3lso_msgs/k3lso_msgs_s__rosidl_typesupport_c.cpython-38-x86_64-linux-gnu.so
-- Up-to-date: /home/camilo/ros2_ws/k3lso_ws/src/k3lso3_ros2/install/k3lso_msgs/lib/libk3lso_msgs__python.so
-- Up-to-date: /home/camilo/ros2_ws/k3lso_ws/src/k3lso3_ros2/install/k3lso_msgs/share/k3lso_msgs/msg/MotorsCommand.idl
-- Up-to-date: /home/camilo/ros2_ws/k3lso_ws/src/k3lso3_ros2/install/k3lso_msgs/share/k3lso_msgs/srv/MotorsStep.idl
-- Up-to-date: /home/camilo/ros2_ws/k3lso_ws/src/k3lso3_ros2/install/k3lso_msgs/share/k3lso_msgs/msg/MotorsCommand.msg
-- Up-to-date: /home/camilo/ros2_ws/k3lso_ws/src/k3lso3_ros2/install/k3lso_msgs/share/k3lso_msgs/srv/MotorsStep.srv
-- Up-to-date: /home/camilo/ros2_ws/k3lso_ws/src/k3lso3_ros2/install/k3lso_msgs/share/k3lso_msgs/srv/MotorsStep_Request.msg
-- Up-to-date: /home/camilo/ros2_ws/k3lso_ws/src/k3lso3_ros2/install/k3lso_msgs/share/k3lso_msgs/srv/MotorsStep_Response.msg
-- Up-to-date: /home/camilo/ros2_ws/k3lso_ws/src/k3lso3_ros2/install/k3lso_msgs/share/ament_index/resource_index/package_run_dependencies/k3lso_msgs
-- Up-to-date: /home/camilo/ros2_ws/k3lso_ws/src/k3lso3_ros2/install/k3lso_msgs/share/ament_index/resource_index/parent_prefix_path/k3lso_msgs
-- Up-to-date: /home/camilo/ros2_ws/k3lso_ws/src/k3lso3_ros2/install/k3lso_msgs/share/k3lso_msgs/environment/ament_prefix_path.sh
-- Up-to-date: /home/camilo/ros2_ws/k3lso_ws/src/k3lso3_ros2/install/k3lso_msgs/share/k3lso_msgs/environment/ament_prefix_path.dsv
-- Up-to-date: /home/camilo/ros2_ws/k3lso_ws/src/k3lso3_ros2/install/k3lso_msgs/share/k3lso_msgs/environment/path.sh
-- Up-to-date: /home/camilo/ros2_ws/k3lso_ws/src/k3lso3_ros2/install/k3lso_msgs/share/k3lso_msgs/environment/path.dsv
-- Up-to-date: /home/camilo/ros2_ws/k3lso_ws/src/k3lso3_ros2/install/k3lso_msgs/share/k3lso_msgs/local_setup.bash
-- Up-to-date: /home/camilo/ros2_ws/k3lso_ws/src/k3lso3_ros2/install/k3lso_msgs/share/k3lso_msgs/local_setup.sh
-- Up-to-date: /home/camilo/ros2_ws/k3lso_ws/src/k3lso3_ros2/install/k3lso_msgs/share/k3lso_msgs/local_setup.zsh
-- Up-to-date: /home/camilo/ros2_ws/k3lso_ws/src/k3lso3_ros2/install/k3lso_msgs/share/k3lso_msgs/local_setup.dsv
-- Installing: /home/camilo/ros2_ws/k3lso_ws/src/k3lso3_ros2/install/k3lso_msgs/share/k3lso_msgs/package.dsv
-- Up-to-date: /home/camilo/ros2_ws/k3lso_ws/src/k3lso3_ros2/install/k3lso_msgs/share/ament_index/resource_index/packages/k3lso_msgs
-- Up-to-date: /home/camilo/ros2_ws/k3lso_ws/src/k3lso3_ros2/install/k3lso_msgs/share/k3lso_msgs/cmake/k3lso_msgs__rosidl_generator_cExport.cmake
-- Up-to-date: /home/camilo/ros2_ws/k3lso_ws/src/k3lso3_ros2/install/k3lso_msgs/share/k3lso_msgs/cmake/k3lso_msgs__rosidl_generator_cExport-noconfig.cmake
-- Up-to-date: /home/camilo/ros2_ws/k3lso_ws/src/k3lso3_ros2/install/k3lso_msgs/share/k3lso_msgs/cmake/k3lso_msgs__rosidl_typesupport_introspection_cExport.cmake
-- Up-to-date: /home/camilo/ros2_ws/k3lso_ws/src/k3lso3_ros2/install/k3lso_msgs/share/k3lso_msgs/cmake/k3lso_msgs__rosidl_typesupport_introspection_cExport-noconfig.cmake
-- Up-to-date: /home/camilo/ros2_ws/k3lso_ws/src/k3lso3_ros2/install/k3lso_msgs/share/k3lso_msgs/cmake/k3lso_msgs__rosidl_typesupport_cExport.cmake
-- Up-to-date: /home/camilo/ros2_ws/k3lso_ws/src/k3lso3_ros2/install/k3lso_msgs/share/k3lso_msgs/cmake/k3lso_msgs__rosidl_typesupport_cExport-noconfig.cmake
-- Up-to-date: /home/camilo/ros2_ws/k3lso_ws/src/k3lso3_ros2/install/k3lso_msgs/share/k3lso_msgs/cmake/k3lso_msgs__rosidl_generator_cppExport.cmake
-- Up-to-date: /home/camilo/ros2_ws/k3lso_ws/src/k3lso3_ros2/install/k3lso_msgs/share/k3lso_msgs/cmake/k3lso_msgs__rosidl_typesupport_introspection_cppExport.cmake
-- Up-to-date: /home/camilo/ros2_ws/k3lso_ws/src/k3lso3_ros2/install/k3lso_msgs/share/k3lso_msgs/cmake/k3lso_msgs__rosidl_typesupport_introspection_cppExport-noconfig.cmake
-- Up-to-date: /home/camilo/ros2_ws/k3lso_ws/src/k3lso3_ros2/install/k3lso_msgs/share/k3lso_msgs/cmake/k3lso_msgs__rosidl_typesupport_cppExport.cmake
-- Up-to-date: /home/camilo/ros2_ws/k3lso_ws/src/k3lso3_ros2/install/k3lso_msgs/share/k3lso_msgs/cmake/k3lso_msgs__rosidl_typesupport_cppExport-noconfig.cmake
-- Up-to-date: /home/camilo/ros2_ws/k3lso_ws/src/k3lso3_ros2/install/k3lso_msgs/share/k3lso_msgs/cmake/rosidl_cmake-extras.cmake
-- Up-to-date: /home/camilo/ros2_ws/k3lso_ws/src/k3lso3_ros2/install/k3lso_msgs/share/k3lso_msgs/cmake/ament_cmake_export_dependencies-extras.cmake
-- Up-to-date: /home/camilo/ros2_ws/k3lso_ws/src/k3lso3_ros2/install/k3lso_msgs/share/k3lso_msgs/cmake/ament_cmake_export_libraries-extras.cmake
-- Up-to-date: /home/camilo/ros2_ws/k3lso_ws/src/k3lso3_ros2/install/k3lso_msgs/share/k3lso_msgs/cmake/ament_cmake_export_targets-extras.cmake
-- Up-to-date: /home/camilo/ros2_ws/k3lso_ws/src/k3lso3_ros2/install/k3lso_msgs/share/k3lso_msgs/cmake/ament_cmake_export_include_directories-extras.cmake
-- Up-to-date: /home/camilo/ros2_ws/k3lso_ws/src/k3lso3_ros2/install/k3lso_msgs/share/k3lso_msgs/cmake/rosidl_cmake_export_typesupport_libraries-extras.cmake
-- Up-to-date: /home/camilo/ros2_ws/k3lso_ws/src/k3lso3_ros2/install/k3lso_msgs/share/k3lso_msgs/cmake/rosidl_cmake_export_typesupport_targets-extras.cmake
-- Up-to-date: /home/camilo/ros2_ws/k3lso_ws/src/k3lso3_ros2/install/k3lso_msgs/share/k3lso_msgs/cmake/k3lso_msgsConfig.cmake
-- Up-to-date: /home/camilo/ros2_ws/k3lso_ws/src/k3lso3_ros2/install/k3lso_msgs/share/k3lso_msgs/cmake/k3lso_msgsConfig-version.cmake
-- Up-to-date: /home/camilo/ros2_ws/k3lso_ws/src/k3lso3_ros2/install/k3lso_msgs/share/k3lso_msgs/package.xml
