[01m[K/home/camilo/ros2_ws/k3lso_ws/src/k3lso3_ros2/k3lso_vectornav/src/vn/protocol/upack.c:[m[K In function ‘[01m[KVnUartPacket_genReadBinaryOutput1[m[K’:
[01m[K/home/camilo/ros2_ws/k3lso_ws/src/k3lso3_ros2/k3lso_vectornav/src/vn/protocol/upack.c:1425:9:[m[K [01;35m[Kwarning: [m[Kunused parameter ‘[01m[KbufferSize[m[K’ [[01;35m[K-Wunused-parameter[m[K]
 1425 |  [01;35m[Ksize_t bufferSize[m[K,
      |  [01;35m[K~~~~~~~^~~~~~~~~~[m[K
[01m[K/home/camilo/ros2_ws/k3lso_ws/src/k3lso3_ros2/k3lso_vectornav/src/vn/protocol/upack.c:[m[K In function ‘[01m[KVnUartPacket_genReadBinaryOutput2[m[K’:
[01m[K/home/camilo/ros2_ws/k3lso_ws/src/k3lso3_ros2/k3lso_vectornav/src/vn/protocol/upack.c:1440:9:[m[K [01;35m[Kwarning: [m[Kunused parameter ‘[01m[KbufferSize[m[K’ [[01;35m[K-Wunused-parameter[m[K]
 1440 |  [01;35m[Ksize_t bufferSize[m[K,
      |  [01;35m[K~~~~~~~^~~~~~~~~~[m[K
[01m[K/home/camilo/ros2_ws/k3lso_ws/src/k3lso3_ros2/k3lso_vectornav/src/vn/protocol/upack.c:[m[K In function ‘[01m[KVnUartPacket_genReadBinaryOutput3[m[K’:
[01m[K/home/camilo/ros2_ws/k3lso_ws/src/k3lso3_ros2/k3lso_vectornav/src/vn/protocol/upack.c:1455:9:[m[K [01;35m[Kwarning: [m[Kunused parameter ‘[01m[KbufferSize[m[K’ [[01;35m[K-Wunused-parameter[m[K]
 1455 |  [01;35m[Ksize_t bufferSize[m[K,
      |  [01;35m[K~~~~~~~^~~~~~~~~~[m[K
[01m[K/home/camilo/ros2_ws/k3lso_ws/src/k3lso3_ros2/k3lso_vectornav/src/vn/protocol/upack.c:[m[K In function ‘[01m[KVnUartPacket_genCmdWriteSettings[m[K’:
[01m[K/home/camilo/ros2_ws/k3lso_ws/src/k3lso3_ros2/k3lso_vectornav/src/vn/protocol/upack.c:1532:9:[m[K [01;35m[Kwarning: [m[Kunused parameter ‘[01m[KbufferSize[m[K’ [[01;35m[K-Wunused-parameter[m[K]
 1532 |  [01;35m[Ksize_t bufferSize[m[K,
      |  [01;35m[K~~~~~~~^~~~~~~~~~[m[K
[01m[K/home/camilo/ros2_ws/k3lso_ws/src/k3lso3_ros2/k3lso_vectornav/src/vn/protocol/upack.c:[m[K In function ‘[01m[KVnUartPacket_genCmdRestoreFactorySettings[m[K’:
[01m[K/home/camilo/ros2_ws/k3lso_ws/src/k3lso3_ros2/k3lso_vectornav/src/vn/protocol/upack.c:1547:9:[m[K [01;35m[Kwarning: [m[Kunused parameter ‘[01m[KbufferSize[m[K’ [[01;35m[K-Wunused-parameter[m[K]
 1547 |  [01;35m[Ksize_t bufferSize[m[K,
      |  [01;35m[K~~~~~~~^~~~~~~~~~[m[K
[01m[K/home/camilo/ros2_ws/k3lso_ws/src/k3lso3_ros2/k3lso_vectornav/src/vn/protocol/upack.c:[m[K In function ‘[01m[KVnUartPacket_genCmdReset[m[K’:
[01m[K/home/camilo/ros2_ws/k3lso_ws/src/k3lso3_ros2/k3lso_vectornav/src/vn/protocol/upack.c:1562:9:[m[K [01;35m[Kwarning: [m[Kunused parameter ‘[01m[KbufferSize[m[K’ [[01;35m[K-Wunused-parameter[m[K]
 1562 |  [01;35m[Ksize_t bufferSize[m[K,
      |  [01;35m[K~~~~~~~^~~~~~~~~~[m[K
[01m[K/home/camilo/ros2_ws/k3lso_ws/src/k3lso3_ros2/k3lso_vectornav/src/vn/protocol/upack.c:[m[K In function ‘[01m[KVnUartPacket_genCmdTare[m[K’:
[01m[K/home/camilo/ros2_ws/k3lso_ws/src/k3lso3_ros2/k3lso_vectornav/src/vn/protocol/upack.c:1577:9:[m[K [01;35m[Kwarning: [m[Kunused parameter ‘[01m[KbufferSize[m[K’ [[01;35m[K-Wunused-parameter[m[K]
 1577 |  [01;35m[Ksize_t bufferSize[m[K,
      |  [01;35m[K~~~~~~~^~~~~~~~~~[m[K
[01m[K/home/camilo/ros2_ws/k3lso_ws/src/k3lso3_ros2/k3lso_vectornav/src/vn/protocol/upack.c:[m[K In function ‘[01m[KVnUartPacket_genCmdSetGyroBias[m[K’:
[01m[K/home/camilo/ros2_ws/k3lso_ws/src/k3lso3_ros2/k3lso_vectornav/src/vn/protocol/upack.c:1592:9:[m[K [01;35m[Kwarning: [m[Kunused parameter ‘[01m[KbufferSize[m[K’ [[01;35m[K-Wunused-parameter[m[K]
 1592 |  [01;35m[Ksize_t bufferSize[m[K,
      |  [01;35m[K~~~~~~~^~~~~~~~~~[m[K
[01m[K/home/camilo/ros2_ws/k3lso_ws/src/k3lso3_ros2/k3lso_vectornav/src/vn/protocol/upack.c:[m[K In function ‘[01m[KVnUartPacket_genCmdKnownMagneticDisturbance[m[K’:
[01m[K/home/camilo/ros2_ws/k3lso_ws/src/k3lso3_ros2/k3lso_vectornav/src/vn/protocol/upack.c:1607:9:[m[K [01;35m[Kwarning: [m[Kunused parameter ‘[01m[KbufferSize[m[K’ [[01;35m[K-Wunused-parameter[m[K]
 1607 |  [01;35m[Ksize_t bufferSize[m[K,
      |  [01;35m[K~~~~~~~^~~~~~~~~~[m[K
[01m[K/home/camilo/ros2_ws/k3lso_ws/src/k3lso3_ros2/k3lso_vectornav/src/vn/protocol/upack.c:[m[K In function ‘[01m[KVnUartPacket_genCmdKnownAccelerationDisturbance[m[K’:
[01m[K/home/camilo/ros2_ws/k3lso_ws/src/k3lso3_ros2/k3lso_vectornav/src/vn/protocol/upack.c:1623:9:[m[K [01;35m[Kwarning: [m[Kunused parameter ‘[01m[KbufferSize[m[K’ [[01;35m[K-Wunused-parameter[m[K]
 1623 |  [01;35m[Ksize_t bufferSize[m[K,
      |  [01;35m[K~~~~~~~^~~~~~~~~~[m[K
[01m[K/home/camilo/ros2_ws/k3lso_ws/src/k3lso3_ros2/k3lso_vectornav/src/vn/protocol/upack.c:[m[K In function ‘[01m[KVnUartPacket_genReadUserTag[m[K’:
[01m[K/home/camilo/ros2_ws/k3lso_ws/src/k3lso3_ros2/k3lso_vectornav/src/vn/protocol/upack.c:1639:9:[m[K [01;35m[Kwarning: [m[Kunused parameter ‘[01m[KbufferSize[m[K’ [[01;35m[K-Wunused-parameter[m[K]
 1639 |  [01;35m[Ksize_t bufferSize[m[K,
      |  [01;35m[K~~~~~~~^~~~~~~~~~[m[K
[01m[K/home/camilo/ros2_ws/k3lso_ws/src/k3lso3_ros2/k3lso_vectornav/src/vn/protocol/upack.c:[m[K In function ‘[01m[KVnUartPacket_genReadModelNumber[m[K’:
[01m[K/home/camilo/ros2_ws/k3lso_ws/src/k3lso3_ros2/k3lso_vectornav/src/vn/protocol/upack.c:1654:9:[m[K [01;35m[Kwarning: [m[Kunused parameter ‘[01m[KbufferSize[m[K’ [[01;35m[K-Wunused-parameter[m[K]
 1654 |  [01;35m[Ksize_t bufferSize[m[K,
      |  [01;35m[K~~~~~~~^~~~~~~~~~[m[K
[01m[K/home/camilo/ros2_ws/k3lso_ws/src/k3lso3_ros2/k3lso_vectornav/src/vn/protocol/upack.c:[m[K In function ‘[01m[KVnUartPacket_genReadHardwareRevision[m[K’:
[01m[K/home/camilo/ros2_ws/k3lso_ws/src/k3lso3_ros2/k3lso_vectornav/src/vn/protocol/upack.c:1669:9:[m[K [01;35m[Kwarning: [m[Kunused parameter ‘[01m[KbufferSize[m[K’ [[01;35m[K-Wunused-parameter[m[K]
 1669 |  [01;35m[Ksize_t bufferSize[m[K,
      |  [01;35m[K~~~~~~~^~~~~~~~~~[m[K
[01m[K/home/camilo/ros2_ws/k3lso_ws/src/k3lso3_ros2/k3lso_vectornav/src/vn/protocol/upack.c:[m[K In function ‘[01m[KVnUartPacket_genReadSerialNumber[m[K’:
[01m[K/home/camilo/ros2_ws/k3lso_ws/src/k3lso3_ros2/k3lso_vectornav/src/vn/protocol/upack.c:1684:9:[m[K [01;35m[Kwarning: [m[Kunused parameter ‘[01m[KbufferSize[m[K’ [[01;35m[K-Wunused-parameter[m[K]
 1684 |  [01;35m[Ksize_t bufferSize[m[K,
      |  [01;35m[K~~~~~~~^~~~~~~~~~[m[K
[01m[K/home/camilo/ros2_ws/k3lso_ws/src/k3lso3_ros2/k3lso_vectornav/src/vn/protocol/upack.c:[m[K In function ‘[01m[KVnUartPacket_genReadFirmwareVersion[m[K’:
[01m[K/home/camilo/ros2_ws/k3lso_ws/src/k3lso3_ros2/k3lso_vectornav/src/vn/protocol/upack.c:1699:9:[m[K [01;35m[Kwarning: [m[Kunused parameter ‘[01m[KbufferSize[m[K’ [[01;35m[K-Wunused-parameter[m[K]
 1699 |  [01;35m[Ksize_t bufferSize[m[K,
      |  [01;35m[K~~~~~~~^~~~~~~~~~[m[K
[01m[K/home/camilo/ros2_ws/k3lso_ws/src/k3lso3_ros2/k3lso_vectornav/src/vn/protocol/upack.c:[m[K In function ‘[01m[KVnUartPacket_genReadSerialBaudRate[m[K’:
[01m[K/home/camilo/ros2_ws/k3lso_ws/src/k3lso3_ros2/k3lso_vectornav/src/vn/protocol/upack.c:1714:9:[m[K [01;35m[Kwarning: [m[Kunused parameter ‘[01m[KbufferSize[m[K’ [[01;35m[K-Wunused-parameter[m[K]
 1714 |  [01;35m[Ksize_t bufferSize[m[K,
      |  [01;35m[K~~~~~~~^~~~~~~~~~[m[K
[01m[K/home/camilo/ros2_ws/k3lso_ws/src/k3lso3_ros2/k3lso_vectornav/src/vn/protocol/upack.c:[m[K In function ‘[01m[KVnUartPacket_genReadAsyncDataOutputType[m[K’:
[01m[K/home/camilo/ros2_ws/k3lso_ws/src/k3lso3_ros2/k3lso_vectornav/src/vn/protocol/upack.c:1729:9:[m[K [01;35m[Kwarning: [m[Kunused parameter ‘[01m[KbufferSize[m[K’ [[01;35m[K-Wunused-parameter[m[K]
 1729 |  [01;35m[Ksize_t bufferSize[m[K,
      |  [01;35m[K~~~~~~~^~~~~~~~~~[m[K
[01m[K/home/camilo/ros2_ws/k3lso_ws/src/k3lso3_ros2/k3lso_vectornav/src/vn/protocol/upack.c:[m[K In function ‘[01m[KVnUartPacket_genReadAsyncDataOutputFrequency[m[K’:
[01m[K/home/camilo/ros2_ws/k3lso_ws/src/k3lso3_ros2/k3lso_vectornav/src/vn/protocol/upack.c:1744:9:[m[K [01;35m[Kwarning: [m[Kunused parameter ‘[01m[KbufferSize[m[K’ [[01;35m[K-Wunused-parameter[m[K]
 1744 |  [01;35m[Ksize_t bufferSize[m[K,
      |  [01;35m[K~~~~~~~^~~~~~~~~~[m[K
[01m[K/home/camilo/ros2_ws/k3lso_ws/src/k3lso3_ros2/k3lso_vectornav/src/vn/protocol/upack.c:[m[K In function ‘[01m[KVnUartPacket_genReadYawPitchRoll[m[K’:
[01m[K/home/camilo/ros2_ws/k3lso_ws/src/k3lso3_ros2/k3lso_vectornav/src/vn/protocol/upack.c:1759:9:[m[K [01;35m[Kwarning: [m[Kunused parameter ‘[01m[KbufferSize[m[K’ [[01;35m[K-Wunused-parameter[m[K]
 1759 |  [01;35m[Ksize_t bufferSize[m[K,
      |  [01;35m[K~~~~~~~^~~~~~~~~~[m[K
[01m[K/home/camilo/ros2_ws/k3lso_ws/src/k3lso3_ros2/k3lso_vectornav/src/vn/protocol/upack.c:[m[K In function ‘[01m[KVnUartPacket_genReadAttitudeQuaternion[m[K’:
[01m[K/home/camilo/ros2_ws/k3lso_ws/src/k3lso3_ros2/k3lso_vectornav/src/vn/protocol/upack.c:1774:9:[m[K [01;35m[Kwarning: [m[Kunused parameter ‘[01m[KbufferSize[m[K’ [[01;35m[K-Wunused-parameter[m[K]
 1774 |  [01;35m[Ksize_t bufferSize[m[K,
      |  [01;35m[K~~~~~~~^~~~~~~~~~[m[K
[01m[K/home/camilo/ros2_ws/k3lso_ws/src/k3lso3_ros2/k3lso_vectornav/src/vn/protocol/upack.c:[m[K In function ‘[01m[KVnUartPacket_genReadQuaternionMagneticAccelerationAndAngularRates[m[K’:
[01m[K/home/camilo/ros2_ws/k3lso_ws/src/k3lso3_ros2/k3lso_vectornav/src/vn/protocol/upack.c:1789:9:[m[K [01;35m[Kwarning: [m[Kunused parameter ‘[01m[KbufferSize[m[K’ [[01;35m[K-Wunused-parameter[m[K]
 1789 |  [01;35m[Ksize_t bufferSize[m[K,
      |  [01;35m[K~~~~~~~^~~~~~~~~~[m[K
[01m[K/home/camilo/ros2_ws/k3lso_ws/src/k3lso3_ros2/k3lso_vectornav/src/vn/protocol/upack.c:[m[K In function ‘[01m[KVnUartPacket_genReadMagneticMeasurements[m[K’:
[01m[K/home/camilo/ros2_ws/k3lso_ws/src/k3lso3_ros2/k3lso_vectornav/src/vn/protocol/upack.c:1804:9:[m[K [01;35m[Kwarning: [m[Kunused parameter ‘[01m[KbufferSize[m[K’ [[01;35m[K-Wunused-parameter[m[K]
 1804 |  [01;35m[Ksize_t bufferSize[m[K,
      |  [01;35m[K~~~~~~~^~~~~~~~~~[m[K
[01m[K/home/camilo/ros2_ws/k3lso_ws/src/k3lso3_ros2/k3lso_vectornav/src/vn/protocol/upack.c:[m[K In function ‘[01m[KVnUartPacket_genReadAccelerationMeasurements[m[K’:
[01m[K/home/camilo/ros2_ws/k3lso_ws/src/k3lso3_ros2/k3lso_vectornav/src/vn/protocol/upack.c:1819:9:[m[K [01;35m[Kwarning: [m[Kunused parameter ‘[01m[KbufferSize[m[K’ [[01;35m[K-Wunused-parameter[m[K]
 1819 |  [01;35m[Ksize_t bufferSize[m[K,
      |  [01;35m[K~~~~~~~^~~~~~~~~~[m[K
[01m[K/home/camilo/ros2_ws/k3lso_ws/src/k3lso3_ros2/k3lso_vectornav/src/vn/protocol/upack.c:[m[K In function ‘[01m[KVnUartPacket_genReadAngularRateMeasurements[m[K’:
[01m[K/home/camilo/ros2_ws/k3lso_ws/src/k3lso3_ros2/k3lso_vectornav/src/vn/protocol/upack.c:1834:9:[m[K [01;35m[Kwarning: [m[Kunused parameter ‘[01m[KbufferSize[m[K’ [[01;35m[K-Wunused-parameter[m[K]
 1834 |  [01;35m[Ksize_t bufferSize[m[K,
      |  [01;35m[K~~~~~~~^~~~~~~~~~[m[K
[01m[K/home/camilo/ros2_ws/k3lso_ws/src/k3lso3_ros2/k3lso_vectornav/src/vn/protocol/upack.c:[m[K In function ‘[01m[KVnUartPacket_genReadMagneticAccelerationAndAngularRates[m[K’:
[01m[K/home/camilo/ros2_ws/k3lso_ws/src/k3lso3_ros2/k3lso_vectornav/src/vn/protocol/upack.c:1849:9:[m[K [01;35m[Kwarning: [m[Kunused parameter ‘[01m[KbufferSize[m[K’ [[01;35m[K-Wunused-parameter[m[K]
 1849 |  [01;35m[Ksize_t bufferSize[m[K,
      |  [01;35m[K~~~~~~~^~~~~~~~~~[m[K
[01m[K/home/camilo/ros2_ws/k3lso_ws/src/k3lso3_ros2/k3lso_vectornav/src/vn/protocol/upack.c:[m[K In function ‘[01m[KVnUartPacket_genReadMagneticAndGravityReferenceVectors[m[K’:
[01m[K/home/camilo/ros2_ws/k3lso_ws/src/k3lso3_ros2/k3lso_vectornav/src/vn/protocol/upack.c:1864:9:[m[K [01;35m[Kwarning: [m[Kunused parameter ‘[01m[KbufferSize[m[K’ [[01;35m[K-Wunused-parameter[m[K]
 1864 |  [01;35m[Ksize_t bufferSize[m[K,
      |  [01;35m[K~~~~~~~^~~~~~~~~~[m[K
[01m[K/home/camilo/ros2_ws/k3lso_ws/src/k3lso3_ros2/k3lso_vectornav/src/vn/protocol/upack.c:[m[K In function ‘[01m[KVnUartPacket_genReadMagnetometerCompensation[m[K’:
[01m[K/home/camilo/ros2_ws/k3lso_ws/src/k3lso3_ros2/k3lso_vectornav/src/vn/protocol/upack.c:1879:9:[m[K [01;35m[Kwarning: [m[Kunused parameter ‘[01m[KbufferSize[m[K’ [[01;35m[K-Wunused-parameter[m[K]
 1879 |  [01;35m[Ksize_t bufferSize[m[K,
      |  [01;35m[K~~~~~~~^~~~~~~~~~[m[K
[01m[K/home/camilo/ros2_ws/k3lso_ws/src/k3lso3_ros2/k3lso_vectornav/src/vn/protocol/upack.c:[m[K In function ‘[01m[KVnUartPacket_genReadAccelerationCompensation[m[K’:
[01m[K/home/camilo/ros2_ws/k3lso_ws/src/k3lso3_ros2/k3lso_vectornav/src/vn/protocol/upack.c:1894:9:[m[K [01;35m[Kwarning: [m[Kunused parameter ‘[01m[KbufferSize[m[K’ [[01;35m[K-Wunused-parameter[m[K]
 1894 |  [01;35m[Ksize_t bufferSize[m[K,
      |  [01;35m[K~~~~~~~^~~~~~~~~~[m[K
[01m[K/home/camilo/ros2_ws/k3lso_ws/src/k3lso3_ros2/k3lso_vectornav/src/vn/protocol/upack.c:[m[K In function ‘[01m[KVnUartPacket_genReadReferenceFrameRotation[m[K’:
[01m[K/home/camilo/ros2_ws/k3lso_ws/src/k3lso3_ros2/k3lso_vectornav/src/vn/protocol/upack.c:1909:9:[m[K [01;35m[Kwarning: [m[Kunused parameter ‘[01m[KbufferSize[m[K’ [[01;35m[K-Wunused-parameter[m[K]
 1909 |  [01;35m[Ksize_t bufferSize[m[K,
      |  [01;35m[K~~~~~~~^~~~~~~~~~[m[K
[01m[K/home/camilo/ros2_ws/k3lso_ws/src/k3lso3_ros2/k3lso_vectornav/src/vn/protocol/upack.c:[m[K In function ‘[01m[KVnUartPacket_genReadYawPitchRollMagneticAccelerationAndAngularRates[m[K’:
[01m[K/home/camilo/ros2_ws/k3lso_ws/src/k3lso3_ros2/k3lso_vectornav/src/vn/protocol/upack.c:1924:9:[m[K [01;35m[Kwarning: [m[Kunused parameter ‘[01m[KbufferSize[m[K’ [[01;35m[K-Wunused-parameter[m[K]
 1924 |  [01;35m[Ksize_t bufferSize[m[K,
      |  [01;35m[K~~~~~~~^~~~~~~~~~[m[K
[01m[K/home/camilo/ros2_ws/k3lso_ws/src/k3lso3_ros2/k3lso_vectornav/src/vn/protocol/upack.c:[m[K In function ‘[01m[KVnUartPacket_genReadCommunicationProtocolControl[m[K’:
[01m[K/home/camilo/ros2_ws/k3lso_ws/src/k3lso3_ros2/k3lso_vectornav/src/vn/protocol/upack.c:1939:9:[m[K [01;35m[Kwarning: [m[Kunused parameter ‘[01m[KbufferSize[m[K’ [[01;35m[K-Wunused-parameter[m[K]
 1939 |  [01;35m[Ksize_t bufferSize[m[K,
      |  [01;35m[K~~~~~~~^~~~~~~~~~[m[K
[01m[K/home/camilo/ros2_ws/k3lso_ws/src/k3lso3_ros2/k3lso_vectornav/src/vn/protocol/upack.c:[m[K In function ‘[01m[KVnUartPacket_genReadSynchronizationControl[m[K’:
[01m[K/home/camilo/ros2_ws/k3lso_ws/src/k3lso3_ros2/k3lso_vectornav/src/vn/protocol/upack.c:1954:9:[m[K [01;35m[Kwarning: [m[Kunused parameter ‘[01m[KbufferSize[m[K’ [[01;35m[K-Wunused-parameter[m[K]
 1954 |  [01;35m[Ksize_t bufferSize[m[K,
      |  [01;35m[K~~~~~~~^~~~~~~~~~[m[K
[01m[K/home/camilo/ros2_ws/k3lso_ws/src/k3lso3_ros2/k3lso_vectornav/src/vn/protocol/upack.c:[m[K In function ‘[01m[KVnUartPacket_genReadSynchronizationStatus[m[K’:
[01m[K/home/camilo/ros2_ws/k3lso_ws/src/k3lso3_ros2/k3lso_vectornav/src/vn/protocol/upack.c:1969:9:[m[K [01;35m[Kwarning: [m[Kunused parameter ‘[01m[KbufferSize[m[K’ [[01;35m[K-Wunused-parameter[m[K]
 1969 |  [01;35m[Ksize_t bufferSize[m[K,
      |  [01;35m[K~~~~~~~^~~~~~~~~~[m[K
[01m[K/home/camilo/ros2_ws/k3lso_ws/src/k3lso3_ros2/k3lso_vectornav/src/vn/protocol/upack.c:[m[K In function ‘[01m[KVnUartPacket_genReadVpeBasicControl[m[K’:
[01m[K/home/camilo/ros2_ws/k3lso_ws/src/k3lso3_ros2/k3lso_vectornav/src/vn/protocol/upack.c:1984:9:[m[K [01;35m[Kwarning: [m[Kunused parameter ‘[01m[KbufferSize[m[K’ [[01;35m[K-Wunused-parameter[m[K]
 1984 |  [01;35m[Ksize_t bufferSize[m[K,
      |  [01;35m[K~~~~~~~^~~~~~~~~~[m[K
[01m[K/home/camilo/ros2_ws/k3lso_ws/src/k3lso3_ros2/k3lso_vectornav/src/vn/protocol/upack.c:[m[K In function ‘[01m[KVnUartPacket_genReadVpeMagnetometerBasicTuning[m[K’:
[01m[K/home/camilo/ros2_ws/k3lso_ws/src/k3lso3_ros2/k3lso_vectornav/src/vn/protocol/upack.c:1999:9:[m[K [01;35m[Kwarning: [m[Kunused parameter ‘[01m[KbufferSize[m[K’ [[01;35m[K-Wunused-parameter[m[K]
 1999 |  [01;35m[Ksize_t bufferSize[m[K,
      |  [01;35m[K~~~~~~~^~~~~~~~~~[m[K
[01m[K/home/camilo/ros2_ws/k3lso_ws/src/k3lso3_ros2/k3lso_vectornav/src/vn/protocol/upack.c:[m[K In function ‘[01m[KVnUartPacket_genReadVpeAccelerometerBasicTuning[m[K’:
[01m[K/home/camilo/ros2_ws/k3lso_ws/src/k3lso3_ros2/k3lso_vectornav/src/vn/protocol/upack.c:2014:9:[m[K [01;35m[Kwarning: [m[Kunused parameter ‘[01m[KbufferSize[m[K’ [[01;35m[K-Wunused-parameter[m[K]
 2014 |  [01;35m[Ksize_t bufferSize[m[K,
      |  [01;35m[K~~~~~~~^~~~~~~~~~[m[K
[01m[K/home/camilo/ros2_ws/k3lso_ws/src/k3lso3_ros2/k3lso_vectornav/src/vn/protocol/upack.c:[m[K In function ‘[01m[KVnUartPacket_genReadMagnetometerCalibrationControl[m[K’:
[01m[K/home/camilo/ros2_ws/k3lso_ws/src/k3lso3_ros2/k3lso_vectornav/src/vn/protocol/upack.c:2029:9:[m[K [01;35m[Kwarning: [m[Kunused parameter ‘[01m[KbufferSize[m[K’ [[01;35m[K-Wunused-parameter[m[K]
 2029 |  [01;35m[Ksize_t bufferSize[m[K,
      |  [01;35m[K~~~~~~~^~~~~~~~~~[m[K
[01m[K/home/camilo/ros2_ws/k3lso_ws/src/k3lso3_ros2/k3lso_vectornav/src/vn/protocol/upack.c:[m[K In function ‘[01m[KVnUartPacket_genReadCalculatedMagnetometerCalibration[m[K’:
[01m[K/home/camilo/ros2_ws/k3lso_ws/src/k3lso3_ros2/k3lso_vectornav/src/vn/protocol/upack.c:2044:9:[m[K [01;35m[Kwarning: [m[Kunused parameter ‘[01m[KbufferSize[m[K’ [[01;35m[K-Wunused-parameter[m[K]
 2044 |  [01;35m[Ksize_t bufferSize[m[K,
      |  [01;35m[K~~~~~~~^~~~~~~~~~[m[K
[01m[K/home/camilo/ros2_ws/k3lso_ws/src/k3lso3_ros2/k3lso_vectornav/src/vn/protocol/upack.c:[m[K In function ‘[01m[KVnUartPacket_genReadVelocityCompensationMeasurement[m[K’:
[01m[K/home/camilo/ros2_ws/k3lso_ws/src/k3lso3_ros2/k3lso_vectornav/src/vn/protocol/upack.c:2059:9:[m[K [01;35m[Kwarning: [m[Kunused parameter ‘[01m[KbufferSize[m[K’ [[01;35m[K-Wunused-parameter[m[K]
 2059 |  [01;35m[Ksize_t bufferSize[m[K,
      |  [01;35m[K~~~~~~~^~~~~~~~~~[m[K
[01m[K/home/camilo/ros2_ws/k3lso_ws/src/k3lso3_ros2/k3lso_vectornav/src/vn/protocol/upack.c:[m[K In function ‘[01m[KVnUartPacket_genReadVelocityCompensationControl[m[K’:
[01m[K/home/camilo/ros2_ws/k3lso_ws/src/k3lso3_ros2/k3lso_vectornav/src/vn/protocol/upack.c:2074:9:[m[K [01;35m[Kwarning: [m[Kunused parameter ‘[01m[KbufferSize[m[K’ [[01;35m[K-Wunused-parameter[m[K]
 2074 |  [01;35m[Ksize_t bufferSize[m[K,
      |  [01;35m[K~~~~~~~^~~~~~~~~~[m[K
[01m[K/home/camilo/ros2_ws/k3lso_ws/src/k3lso3_ros2/k3lso_vectornav/src/vn/protocol/upack.c:[m[K In function ‘[01m[KVnUartPacket_genReadImuMeasurements[m[K’:
[01m[K/home/camilo/ros2_ws/k3lso_ws/src/k3lso3_ros2/k3lso_vectornav/src/vn/protocol/upack.c:2089:9:[m[K [01;35m[Kwarning: [m[Kunused parameter ‘[01m[KbufferSize[m[K’ [[01;35m[K-Wunused-parameter[m[K]
 2089 |  [01;35m[Ksize_t bufferSize[m[K,
      |  [01;35m[K~~~~~~~^~~~~~~~~~[m[K
[01m[K/home/camilo/ros2_ws/k3lso_ws/src/k3lso3_ros2/k3lso_vectornav/src/vn/protocol/upack.c:[m[K In function ‘[01m[KVnUartPacket_genReadGpsConfiguration[m[K’:
[01m[K/home/camilo/ros2_ws/k3lso_ws/src/k3lso3_ros2/k3lso_vectornav/src/vn/protocol/upack.c:2104:9:[m[K [01;35m[Kwarning: [m[Kunused parameter ‘[01m[KbufferSize[m[K’ [[01;35m[K-Wunused-parameter[m[K]
 2104 |  [01;35m[Ksize_t bufferSize[m[K,
      |  [01;35m[K~~~~~~~^~~~~~~~~~[m[K
[01m[K/home/camilo/ros2_ws/k3lso_ws/src/k3lso3_ros2/k3lso_vectornav/src/vn/protocol/upack.c:[m[K In function ‘[01m[KVnUartPacket_genReadGpsAntennaOffset[m[K’:
[01m[K/home/camilo/ros2_ws/k3lso_ws/src/k3lso3_ros2/k3lso_vectornav/src/vn/protocol/upack.c:2119:9:[m[K [01;35m[Kwarning: [m[Kunused parameter ‘[01m[KbufferSize[m[K’ [[01;35m[K-Wunused-parameter[m[K]
 2119 |  [01;35m[Ksize_t bufferSize[m[K,
      |  [01;35m[K~~~~~~~^~~~~~~~~~[m[K
[01m[K/home/camilo/ros2_ws/k3lso_ws/src/k3lso3_ros2/k3lso_vectornav/src/vn/protocol/upack.c:[m[K In function ‘[01m[KVnUartPacket_genReadGpsSolutionLla[m[K’:
[01m[K/home/camilo/ros2_ws/k3lso_ws/src/k3lso3_ros2/k3lso_vectornav/src/vn/protocol/upack.c:2134:9:[m[K [01;35m[Kwarning: [m[Kunused parameter ‘[01m[KbufferSize[m[K’ [[01;35m[K-Wunused-parameter[m[K]
 2134 |  [01;35m[Ksize_t bufferSize[m[K,
      |  [01;35m[K~~~~~~~^~~~~~~~~~[m[K
[01m[K/home/camilo/ros2_ws/k3lso_ws/src/k3lso3_ros2/k3lso_vectornav/src/vn/protocol/upack.c:[m[K In function ‘[01m[KVnUartPacket_genReadGpsSolutionEcef[m[K’:
[01m[K/home/camilo/ros2_ws/k3lso_ws/src/k3lso3_ros2/k3lso_vectornav/src/vn/protocol/upack.c:2149:9:[m[K [01;35m[Kwarning: [m[Kunused parameter ‘[01m[KbufferSize[m[K’ [[01;35m[K-Wunused-parameter[m[K]
 2149 |  [01;35m[Ksize_t bufferSize[m[K,
      |  [01;35m[K~~~~~~~^~~~~~~~~~[m[K
[01m[K/home/camilo/ros2_ws/k3lso_ws/src/k3lso3_ros2/k3lso_vectornav/src/vn/protocol/upack.c:[m[K In function ‘[01m[KVnUartPacket_genReadInsSolutionLla[m[K’:
[01m[K/home/camilo/ros2_ws/k3lso_ws/src/k3lso3_ros2/k3lso_vectornav/src/vn/protocol/upack.c:2164:9:[m[K [01;35m[Kwarning: [m[Kunused parameter ‘[01m[KbufferSize[m[K’ [[01;35m[K-Wunused-parameter[m[K]
 2164 |  [01;35m[Ksize_t bufferSize[m[K,
      |  [01;35m[K~~~~~~~^~~~~~~~~~[m[K
[01m[K/home/camilo/ros2_ws/k3lso_ws/src/k3lso3_ros2/k3lso_vectornav/src/vn/protocol/upack.c:[m[K In function ‘[01m[KVnUartPacket_genReadInsSolutionEcef[m[K’:
[01m[K/home/camilo/ros2_ws/k3lso_ws/src/k3lso3_ros2/k3lso_vectornav/src/vn/protocol/upack.c:2179:9:[m[K [01;35m[Kwarning: [m[Kunused parameter ‘[01m[KbufferSize[m[K’ [[01;35m[K-Wunused-parameter[m[K]
 2179 |  [01;35m[Ksize_t bufferSize[m[K,
      |  [01;35m[K~~~~~~~^~~~~~~~~~[m[K
[01m[K/home/camilo/ros2_ws/k3lso_ws/src/k3lso3_ros2/k3lso_vectornav/src/vn/protocol/upack.c:[m[K In function ‘[01m[KVnUartPacket_genReadInsBasicConfiguration[m[K’:
[01m[K/home/camilo/ros2_ws/k3lso_ws/src/k3lso3_ros2/k3lso_vectornav/src/vn/protocol/upack.c:2194:9:[m[K [01;35m[Kwarning: [m[Kunused parameter ‘[01m[KbufferSize[m[K’ [[01;35m[K-Wunused-parameter[m[K]
 2194 |  [01;35m[Ksize_t bufferSize[m[K,
      |  [01;35m[K~~~~~~~^~~~~~~~~~[m[K
[01m[K/home/camilo/ros2_ws/k3lso_ws/src/k3lso3_ros2/k3lso_vectornav/src/vn/protocol/upack.c:[m[K In function ‘[01m[KVnUartPacket_genReadInsStateLla[m[K’:
[01m[K/home/camilo/ros2_ws/k3lso_ws/src/k3lso3_ros2/k3lso_vectornav/src/vn/protocol/upack.c:2209:9:[m[K [01;35m[Kwarning: [m[Kunused parameter ‘[01m[KbufferSize[m[K’ [[01;35m[K-Wunused-parameter[m[K]
 2209 |  [01;35m[Ksize_t bufferSize[m[K,
      |  [01;35m[K~~~~~~~^~~~~~~~~~[m[K
[01m[K/home/camilo/ros2_ws/k3lso_ws/src/k3lso3_ros2/k3lso_vectornav/src/vn/protocol/upack.c:[m[K In function ‘[01m[KVnUartPacket_genReadInsStateEcef[m[K’:
[01m[K/home/camilo/ros2_ws/k3lso_ws/src/k3lso3_ros2/k3lso_vectornav/src/vn/protocol/upack.c:2224:9:[m[K [01;35m[Kwarning: [m[Kunused parameter ‘[01m[KbufferSize[m[K’ [[01;35m[K-Wunused-parameter[m[K]
 2224 |  [01;35m[Ksize_t bufferSize[m[K,
      |  [01;35m[K~~~~~~~^~~~~~~~~~[m[K
[01m[K/home/camilo/ros2_ws/k3lso_ws/src/k3lso3_ros2/k3lso_vectornav/src/vn/protocol/upack.c:[m[K In function ‘[01m[KVnUartPacket_genReadStartupFilterBiasEstimate[m[K’:
[01m[K/home/camilo/ros2_ws/k3lso_ws/src/k3lso3_ros2/k3lso_vectornav/src/vn/protocol/upack.c:2239:9:[m[K [01;35m[Kwarning: [m[Kunused parameter ‘[01m[KbufferSize[m[K’ [[01;35m[K-Wunused-parameter[m[K]
 2239 |  [01;35m[Ksize_t bufferSize[m[K,
      |  [01;35m[K~~~~~~~^~~~~~~~~~[m[K
[01m[K/home/camilo/ros2_ws/k3lso_ws/src/k3lso3_ros2/k3lso_vectornav/src/vn/protocol/upack.c:[m[K In function ‘[01m[KVnUartPacket_genReadDeltaThetaAndDeltaVelocity[m[K’:
[01m[K/home/camilo/ros2_ws/k3lso_ws/src/k3lso3_ros2/k3lso_vectornav/src/vn/protocol/upack.c:2254:9:[m[K [01;35m[Kwarning: [m[Kunused parameter ‘[01m[KbufferSize[m[K’ [[01;35m[K-Wunused-parameter[m[K]
 2254 |  [01;35m[Ksize_t bufferSize[m[K,
      |  [01;35m[K~~~~~~~^~~~~~~~~~[m[K
[01m[K/home/camilo/ros2_ws/k3lso_ws/src/k3lso3_ros2/k3lso_vectornav/src/vn/protocol/upack.c:[m[K In function ‘[01m[KVnUartPacket_genReadDeltaThetaAndDeltaVelocityConfiguration[m[K’:
[01m[K/home/camilo/ros2_ws/k3lso_ws/src/k3lso3_ros2/k3lso_vectornav/src/vn/protocol/upack.c:2269:9:[m[K [01;35m[Kwarning: [m[Kunused parameter ‘[01m[KbufferSize[m[K’ [[01;35m[K-Wunused-parameter[m[K]
 2269 |  [01;35m[Ksize_t bufferSize[m[K,
      |  [01;35m[K~~~~~~~^~~~~~~~~~[m[K
[01m[K/home/camilo/ros2_ws/k3lso_ws/src/k3lso3_ros2/k3lso_vectornav/src/vn/protocol/upack.c:[m[K In function ‘[01m[KVnUartPacket_genReadReferenceVectorConfiguration[m[K’:
[01m[K/home/camilo/ros2_ws/k3lso_ws/src/k3lso3_ros2/k3lso_vectornav/src/vn/protocol/upack.c:2284:9:[m[K [01;35m[Kwarning: [m[Kunused parameter ‘[01m[KbufferSize[m[K’ [[01;35m[K-Wunused-parameter[m[K]
 2284 |  [01;35m[Ksize_t bufferSize[m[K,
      |  [01;35m[K~~~~~~~^~~~~~~~~~[m[K
[01m[K/home/camilo/ros2_ws/k3lso_ws/src/k3lso3_ros2/k3lso_vectornav/src/vn/protocol/upack.c:[m[K In function ‘[01m[KVnUartPacket_genReadGyroCompensation[m[K’:
[01m[K/home/camilo/ros2_ws/k3lso_ws/src/k3lso3_ros2/k3lso_vectornav/src/vn/protocol/upack.c:2299:9:[m[K [01;35m[Kwarning: [m[Kunused parameter ‘[01m[KbufferSize[m[K’ [[01;35m[K-Wunused-parameter[m[K]
 2299 |  [01;35m[Ksize_t bufferSize[m[K,
      |  [01;35m[K~~~~~~~^~~~~~~~~~[m[K
[01m[K/home/camilo/ros2_ws/k3lso_ws/src/k3lso3_ros2/k3lso_vectornav/src/vn/protocol/upack.c:[m[K In function ‘[01m[KVnUartPacket_genReadImuFilteringConfiguration[m[K’:
[01m[K/home/camilo/ros2_ws/k3lso_ws/src/k3lso3_ros2/k3lso_vectornav/src/vn/protocol/upack.c:2314:9:[m[K [01;35m[Kwarning: [m[Kunused parameter ‘[01m[KbufferSize[m[K’ [[01;35m[K-Wunused-parameter[m[K]
 2314 |  [01;35m[Ksize_t bufferSize[m[K,
      |  [01;35m[K~~~~~~~^~~~~~~~~~[m[K
[01m[K/home/camilo/ros2_ws/k3lso_ws/src/k3lso3_ros2/k3lso_vectornav/src/vn/protocol/upack.c:[m[K In function ‘[01m[KVnUartPacket_genReadGpsCompassBaseline[m[K’:
[01m[K/home/camilo/ros2_ws/k3lso_ws/src/k3lso3_ros2/k3lso_vectornav/src/vn/protocol/upack.c:2329:9:[m[K [01;35m[Kwarning: [m[Kunused parameter ‘[01m[KbufferSize[m[K’ [[01;35m[K-Wunused-parameter[m[K]
 2329 |  [01;35m[Ksize_t bufferSize[m[K,
      |  [01;35m[K~~~~~~~^~~~~~~~~~[m[K
[01m[K/home/camilo/ros2_ws/k3lso_ws/src/k3lso3_ros2/k3lso_vectornav/src/vn/protocol/upack.c:[m[K In function ‘[01m[KVnUartPacket_genReadGpsCompassEstimatedBaseline[m[K’:
[01m[K/home/camilo/ros2_ws/k3lso_ws/src/k3lso3_ros2/k3lso_vectornav/src/vn/protocol/upack.c:2344:9:[m[K [01;35m[Kwarning: [m[Kunused parameter ‘[01m[KbufferSize[m[K’ [[01;35m[K-Wunused-parameter[m[K]
 2344 |  [01;35m[Ksize_t bufferSize[m[K,
      |  [01;35m[K~~~~~~~^~~~~~~~~~[m[K
[01m[K/home/camilo/ros2_ws/k3lso_ws/src/k3lso3_ros2/k3lso_vectornav/src/vn/protocol/upack.c:[m[K In function ‘[01m[KVnUartPacket_genReadYawPitchRollTrueBodyAccelerationAndAngularRates[m[K’:
[01m[K/home/camilo/ros2_ws/k3lso_ws/src/k3lso3_ros2/k3lso_vectornav/src/vn/protocol/upack.c:2359:9:[m[K [01;35m[Kwarning: [m[Kunused parameter ‘[01m[KbufferSize[m[K’ [[01;35m[K-Wunused-parameter[m[K]
 2359 |  [01;35m[Ksize_t bufferSize[m[K,
      |  [01;35m[K~~~~~~~^~~~~~~~~~[m[K
[01m[K/home/camilo/ros2_ws/k3lso_ws/src/k3lso3_ros2/k3lso_vectornav/src/vn/protocol/upack.c:[m[K In function ‘[01m[KVnUartPacket_genReadYawPitchRollTrueInertialAccelerationAndAngularRates[m[K’:
[01m[K/home/camilo/ros2_ws/k3lso_ws/src/k3lso3_ros2/k3lso_vectornav/src/vn/protocol/upack.c:2374:9:[m[K [01;35m[Kwarning: [m[Kunused parameter ‘[01m[KbufferSize[m[K’ [[01;35m[K-Wunused-parameter[m[K]
 2374 |  [01;35m[Ksize_t bufferSize[m[K,
      |  [01;35m[K~~~~~~~^~~~~~~~~~[m[K
[01m[K/home/camilo/ros2_ws/k3lso_ws/src/k3lso3_ros2/k3lso_vectornav/src/vn/protocol/upack.c:[m[K In function ‘[01m[KVnUartPacket_genWriteBinaryOutput[m[K’:
[01m[K/home/camilo/ros2_ws/k3lso_ws/src/k3lso3_ros2/k3lso_vectornav/src/vn/protocol/upack.c:2389:9:[m[K [01;35m[Kwarning: [m[Kunused parameter ‘[01m[KbufferSize[m[K’ [[01;35m[K-Wunused-parameter[m[K]
 2389 |  [01;35m[Ksize_t bufferSize[m[K,
      |  [01;35m[K~~~~~~~^~~~~~~~~~[m[K
[01m[K/home/camilo/ros2_ws/k3lso_ws/src/k3lso3_ros2/k3lso_vectornav/src/vn/sensors/searcher.c:[m[K In function ‘[01m[KVnSearcher_findPorts_LINUX[m[K’:
[01m[K/home/camilo/ros2_ws/k3lso_ws/src/k3lso3_ros2/k3lso_vectornav/src/vn/sensors/searcher.c:371:16:[m[K [01;35m[Kwarning: [m[Kcomparison of integer expressions of different signedness: ‘[01m[Ksize_t[m[K’ {aka ‘[01m[Klong unsigned int[m[K’} and ‘[01m[Kint32_t[m[K’ {aka ‘[01m[Kint[m[K’} [[01;35m[K-Wsign-compare[m[K]
  371 |   while (index [01;35m[K<[m[K *numPortsFound)
      |                [01;35m[K^[m[K
[01m[K/home/camilo/ros2_ws/k3lso_ws/src/k3lso3_ros2/k3lso_vectornav/src/vn/util.c:[m[K In function ‘[01m[KVnApi_getVersion[m[K’:
[01m[K/home/camilo/ros2_ws/k3lso_ws/src/k3lso3_ros2/k3lso_vectornav/src/vn/util.c:41:44:[m[K [01;35m[Kwarning: [m[Kparameter ‘[01m[KoutLength[m[K’ set but not used [[01;35m[K-Wunused-but-set-parameter[m[K]
   41 | VnError VnApi_getVersion(char *out, [01;35m[Ksize_t outLength[m[K)
      |                                     [01;35m[K~~~~~~~^~~~~~~~~[m[K
[01m[K/home/camilo/ros2_ws/k3lso_ws/src/k3lso3_ros2/k3lso_vectornav/src/vn/xplat/serialport.c:[m[K In function ‘[01m[KVnSerialPort_write[m[K’:
[01m[K/home/camilo/ros2_ws/k3lso_ws/src/k3lso3_ros2/k3lso_vectornav/src/vn/xplat/serialport.c:518:24:[m[K [01;35m[Kwarning: [m[Kcomparison of integer expressions of different signedness: ‘[01m[Ksize_t[m[K’ {aka ‘[01m[Klong unsigned int[m[K’} and ‘[01m[Kint[m[K’ [[01;35m[K-Wsign-compare[m[K]
  518 |  if (numOfBytesWritten [01;35m[K==[m[K -1)
      |                        [01;35m[K^~[m[K
[01m[K/home/camilo/ros2_ws/k3lso_ws/src/k3lso3_ros2/k3lso_vectornav/src/vn/xplat/serialport.c:[m[K In function ‘[01m[KVnSerialPort_handleSerialPortNotifications[m[K’:
[01m[K/home/camilo/ros2_ws/k3lso_ws/src/k3lso3_ros2/k3lso_vectornav/src/vn/xplat/serialport.c:707:3:[m[K [01;35m[Kwarning: [m[Ksuggest braces around empty body in an ‘[01m[Kif[m[K’ statement [[01;35m[K-Wempty-body[m[K]
  707 |   [01;35m[K;[m[K /* An error must have occurred. Do nothing for now. */
      |   [01;35m[K^[m[K
