[0.016s] Invoking command in '/home/camilo/ros2_ws/k3lso_ws/src/k3lso3_ros2/build/k3lso_vectornav': CMAKE_PREFIX_PATH=/opt/ros/foxy /usr/bin/cmake /home/camilo/ros2_ws/k3lso_ws/src/k3lso3_ros2/k3lso_vectornav -DCMAKE_INSTALL_PREFIX=/home/camilo/ros2_ws/k3lso_ws/src/k3lso3_ros2/install/k3lso_vectornav
[0.074s] -- The C compiler identification is GNU 9.3.0
[0.118s] -- The CXX compiler identification is GNU 9.3.0
[0.123s] -- Check for working C compiler: /usr/bin/cc
[0.185s] -- Check for working C compiler: /usr/bin/cc -- works
[0.186s] -- Detecting C compiler ABI info
[0.254s] -- Detecting C compiler ABI info - done
[0.265s] -- Detecting C compile features
[0.265s] -- Detecting C compile features - done
[0.268s] -- Check for working CXX compiler: /usr/bin/c++
[0.346s] -- Check for working CXX compiler: /usr/bin/c++ -- works
[0.348s] -- Detecting CXX compiler ABI info
[0.423s] -- Detecting CXX compiler ABI info - done
[0.437s] -- Detecting CXX compile features
[0.437s] -- Detecting CXX compile features - done
[0.440s] -- Found ament_cmake: 0.9.8 (/opt/ros/foxy/share/ament_cmake/cmake)
[0.469s] -- Found PythonInterp: /usr/bin/python3 (found suitable version "3.8.5", minimum required is "3") 
[0.470s] -- Using PYTHON_EXECUTABLE: /usr/bin/python3
[0.667s] -- Found rclcpp: 2.3.1 (/opt/ros/foxy/share/rclcpp/cmake)
[0.706s] -- Using all available rosidl_typesupport_c: rosidl_typesupport_fastrtps_c;rosidl_typesupport_introspection_c
[0.711s] -- Found rosidl_adapter: 1.2.1 (/opt/ros/foxy/share/rosidl_adapter/cmake)
[0.777s] -- Found OpenSSL: /usr/lib/x86_64-linux-gnu/libcrypto.so (found version "1.1.1f")  
[0.809s] -- Found FastRTPS: /opt/ros/foxy/include  
[0.884s] -- Using all available rosidl_typesupport_cpp: rosidl_typesupport_fastrtps_cpp;rosidl_typesupport_introspection_cpp
[0.944s] -- Found rmw_implementation_cmake: 1.0.3 (/opt/ros/foxy/share/rmw_implementation_cmake/cmake)
[0.946s] -- Using RMW implementation 'rmw_fastrtps_cpp' as default
[0.947s] -- Looking for pthread.h
[1.014s] -- Looking for pthread.h - found
[1.014s] -- Performing Test CMAKE_HAVE_LIBC_PTHREAD
[1.090s] -- Performing Test CMAKE_HAVE_LIBC_PTHREAD - Failed
[1.090s] -- Looking for pthread_create in pthreads
[1.146s] -- Looking for pthread_create in pthreads - not found
[1.146s] -- Looking for pthread_create in pthread
[1.216s] -- Looking for pthread_create in pthread - found
[1.217s] -- Found Threads: TRUE  
[1.358s] -- Found sensor_msgs: 2.0.4 (/opt/ros/foxy/share/sensor_msgs/cmake)
[1.468s] -- Found tf2: 0.13.10 (/opt/ros/foxy/share/tf2/cmake)
[1.478s] -- Found tf2_msgs: 0.13.10 (/opt/ros/foxy/share/tf2_msgs/cmake)
[1.719s] -- Configuring done
[1.735s] -- Generating done
[1.736s] -- Build files have been written to: /home/camilo/ros2_ws/k3lso_ws/src/k3lso3_ros2/build/k3lso_vectornav
[1.745s] Invoked command in '/home/camilo/ros2_ws/k3lso_ws/src/k3lso3_ros2/build/k3lso_vectornav' returned '0': CMAKE_PREFIX_PATH=/opt/ros/foxy /usr/bin/cmake /home/camilo/ros2_ws/k3lso_ws/src/k3lso3_ros2/k3lso_vectornav -DCMAKE_INSTALL_PREFIX=/home/camilo/ros2_ws/k3lso_ws/src/k3lso3_ros2/install/k3lso_vectornav
[1.747s] Invoking command in '/home/camilo/ros2_ws/k3lso_ws/src/k3lso3_ros2/build/k3lso_vectornav': CMAKE_PREFIX_PATH=/opt/ros/foxy /usr/bin/cmake --build /home/camilo/ros2_ws/k3lso_ws/src/k3lso3_ros2/build/k3lso_vectornav -- -j12 -l12
[1.793s] [35m[1mScanning dependencies of target k3lso_vectornav[0m
[1.844s] [  7%] [32mBuilding CXX object CMakeFiles/k3lso_vectornav.dir/src/rt/rt_vectornav.cpp.o[0m
[1.844s] [  7%] [32mBuilding CXX object CMakeFiles/k3lso_vectornav.dir/src/k3lso_vectornav_node.cpp.o[0m
[1.844s] [ 11%] [32mBuilding C object CMakeFiles/k3lso_vectornav.dir/src/vn/error_detection.c.o[0m
[1.844s] [ 19%] [32mBuilding C object CMakeFiles/k3lso_vectornav.dir/src/vn/protocol/spi.c.o[0m
[1.844s] [ 23%] [32mBuilding C object CMakeFiles/k3lso_vectornav.dir/src/vn/conv.c.o[0m
[1.845s] [ 19%] [32mBuilding C object CMakeFiles/k3lso_vectornav.dir/src/vn/error.c.o[0m
[1.845s] [ 26%] [32mBuilding C object CMakeFiles/k3lso_vectornav.dir/src/vn/math/vector.c.o[0m
[1.845s] [ 30%] [32mBuilding C object CMakeFiles/k3lso_vectornav.dir/src/vn/math/matrix.c.o[0m
[1.854s] [ 38%] [32mBuilding C object CMakeFiles/k3lso_vectornav.dir/src/vn/sensors.c.o[0m
[1.854s] [ 38%] [32mBuilding C object CMakeFiles/k3lso_vectornav.dir/src/vn/protocol/upack.c.o[0m
[1.854s] [ 42%] [32mBuilding C object CMakeFiles/k3lso_vectornav.dir/src/vn/protocol/upackf.c.o[0m
[1.858s] [ 46%] [32mBuilding C object CMakeFiles/k3lso_vectornav.dir/src/vn/sensors/compositedata.c.o[0m
[1.891s] [01m[K/home/camilo/ros2_ws/k3lso_ws/src/k3lso3_ros2/k3lso_vectornav/src/vn/protocol/upack.c:[m[K In function ‘[01m[KVnUartPacket_genReadBinaryOutput1[m[K’:
[1.892s] [01m[K/home/camilo/ros2_ws/k3lso_ws/src/k3lso3_ros2/k3lso_vectornav/src/vn/protocol/upack.c:1425:9:[m[K [01;35m[Kwarning: [m[Kunused parameter ‘[01m[KbufferSize[m[K’ [[01;35m[K-Wunused-parameter[m[K]
[1.892s]  1425 |  [01;35m[Ksize_t bufferSize[m[K,
[1.892s]       |  [01;35m[K~~~~~~~^~~~~~~~~~[m[K
[1.892s] [01m[K/home/camilo/ros2_ws/k3lso_ws/src/k3lso3_ros2/k3lso_vectornav/src/vn/protocol/upack.c:[m[K In function ‘[01m[KVnUartPacket_genReadBinaryOutput2[m[K’:
[1.893s] [01m[K/home/camilo/ros2_ws/k3lso_ws/src/k3lso3_ros2/k3lso_vectornav/src/vn/protocol/upack.c:1440:9:[m[K [01;35m[Kwarning: [m[Kunused parameter ‘[01m[KbufferSize[m[K’ [[01;35m[K-Wunused-parameter[m[K]
[1.893s]  1440 |  [01;35m[Ksize_t bufferSize[m[K,
[1.893s]       |  [01;35m[K~~~~~~~^~~~~~~~~~[m[K
[1.893s] [01m[K/home/camilo/ros2_ws/k3lso_ws/src/k3lso3_ros2/k3lso_vectornav/src/vn/protocol/upack.c:[m[K In function ‘[01m[KVnUartPacket_genReadBinaryOutput3[m[K’:
[1.893s] [01m[K/home/camilo/ros2_ws/k3lso_ws/src/k3lso3_ros2/k3lso_vectornav/src/vn/protocol/upack.c:1455:9:[m[K [01;35m[Kwarning: [m[Kunused parameter ‘[01m[KbufferSize[m[K’ [[01;35m[K-Wunused-parameter[m[K]
[1.894s]  1455 |  [01;35m[Ksize_t bufferSize[m[K,
[1.894s]       |  [01;35m[K~~~~~~~^~~~~~~~~~[m[K
[1.894s] [01m[K/home/camilo/ros2_ws/k3lso_ws/src/k3lso3_ros2/k3lso_vectornav/src/vn/protocol/upack.c:[m[K In function ‘[01m[KVnUartPacket_genCmdWriteSettings[m[K’:
[1.894s] [01m[K/home/camilo/ros2_ws/k3lso_ws/src/k3lso3_ros2/k3lso_vectornav/src/vn/protocol/upack.c:1532:9:[m[K [01;35m[Kwarning: [m[Kunused parameter ‘[01m[KbufferSize[m[K’ [[01;35m[K-Wunused-parameter[m[K]
[1.894s]  1532 |  [01;35m[Ksize_t bufferSize[m[K,
[1.894s]       |  [01;35m[K~~~~~~~^~~~~~~~~~[m[K
[1.895s] [01m[K/home/camilo/ros2_ws/k3lso_ws/src/k3lso3_ros2/k3lso_vectornav/src/vn/protocol/upack.c:[m[K In function ‘[01m[KVnUartPacket_genCmdRestoreFactorySettings[m[K’:
[1.895s] [01m[K/home/camilo/ros2_ws/k3lso_ws/src/k3lso3_ros2/k3lso_vectornav/src/vn/protocol/upack.c:1547:9:[m[K [01;35m[Kwarning: [m[Kunused parameter ‘[01m[KbufferSize[m[K’ [[01;35m[K-Wunused-parameter[m[K]
[1.895s]  1547 |  [01;35m[Ksize_t bufferSize[m[K,
[1.895s]       |  [01;35m[K~~~~~~~^~~~~~~~~~[m[K
[1.895s] [01m[K/home/camilo/ros2_ws/k3lso_ws/src/k3lso3_ros2/k3lso_vectornav/src/vn/protocol/upack.c:[m[K In function ‘[01m[KVnUartPacket_genCmdReset[m[K’:
[1.895s] [01m[K/home/camilo/ros2_ws/k3lso_ws/src/k3lso3_ros2/k3lso_vectornav/src/vn/protocol/upack.c:1562:9:[m[K [01;35m[Kwarning: [m[Kunused parameter ‘[01m[KbufferSize[m[K’ [[01;35m[K-Wunused-parameter[m[K]
[1.895s]  1562 |  [01;35m[Ksize_t bufferSize[m[K,
[1.895s]       |  [01;35m[K~~~~~~~^~~~~~~~~~[m[K
[1.896s] [01m[K/home/camilo/ros2_ws/k3lso_ws/src/k3lso3_ros2/k3lso_vectornav/src/vn/protocol/upack.c:[m[K In function ‘[01m[KVnUartPacket_genCmdTare[m[K’:
[1.896s] [01m[K/home/camilo/ros2_ws/k3lso_ws/src/k3lso3_ros2/k3lso_vectornav/src/vn/protocol/upack.c:1577:9:[m[K [01;35m[Kwarning: [m[Kunused parameter ‘[01m[KbufferSize[m[K’ [[01;35m[K-Wunused-parameter[m[K]
[1.896s]  1577 |  [01;35m[Ksize_t bufferSize[m[K,
[1.896s]       |  [01;35m[K~~~~~~~^~~~~~~~~~[m[K
[1.896s] [01m[K/home/camilo/ros2_ws/k3lso_ws/src/k3lso3_ros2/k3lso_vectornav/src/vn/protocol/upack.c:[m[K In function ‘[01m[KVnUartPacket_genCmdSetGyroBias[m[K’:
[1.897s] [01m[K/home/camilo/ros2_ws/k3lso_ws/src/k3lso3_ros2/k3lso_vectornav/src/vn/protocol/upack.c:1592:9:[m[K [01;35m[Kwarning: [m[Kunused parameter ‘[01m[KbufferSize[m[K’ [[01;35m[K-Wunused-parameter[m[K]
[1.897s]  1592 |  [01;35m[Ksize_t bufferSize[m[K,
[1.897s]       |  [01;35m[K~~~~~~~^~~~~~~~~~[m[K
[1.897s] [01m[K/home/camilo/ros2_ws/k3lso_ws/src/k3lso3_ros2/k3lso_vectornav/src/vn/protocol/upack.c:[m[K In function ‘[01m[KVnUartPacket_genCmdKnownMagneticDisturbance[m[K’:
[1.897s] [01m[K/home/camilo/ros2_ws/k3lso_ws/src/k3lso3_ros2/k3lso_vectornav/src/vn/protocol/upack.c:1607:9:[m[K [01;35m[Kwarning: [m[Kunused parameter ‘[01m[KbufferSize[m[K’ [[01;35m[K-Wunused-parameter[m[K]
[1.897s]  1607 |  [01;35m[Ksize_t bufferSize[m[K,
[1.897s]       |  [01;35m[K~~~~~~~^~~~~~~~~~[m[K
[1.897s] [01m[K/home/camilo/ros2_ws/k3lso_ws/src/k3lso3_ros2/k3lso_vectornav/src/vn/protocol/upack.c:[m[K In function ‘[01m[KVnUartPacket_genCmdKnownAccelerationDisturbance[m[K’:
[1.897s] [01m[K/home/camilo/ros2_ws/k3lso_ws/src/k3lso3_ros2/k3lso_vectornav/src/vn/protocol/upack.c:1623:9:[m[K [01;35m[Kwarning: [m[Kunused parameter ‘[01m[KbufferSize[m[K’ [[01;35m[K-Wunused-parameter[m[K]
[1.898s]  1623 |  [01;35m[Ksize_t bufferSize[m[K,
[1.898s]       |  [01;35m[K~~~~~~~^~~~~~~~~~[m[K
[1.898s] [01m[K/home/camilo/ros2_ws/k3lso_ws/src/k3lso3_ros2/k3lso_vectornav/src/vn/protocol/upack.c:[m[K In function ‘[01m[KVnUartPacket_genReadUserTag[m[K’:
[1.898s] [01m[K/home/camilo/ros2_ws/k3lso_ws/src/k3lso3_ros2/k3lso_vectornav/src/vn/protocol/upack.c:1639:9:[m[K [01;35m[Kwarning: [m[Kunused parameter ‘[01m[KbufferSize[m[K’ [[01;35m[K-Wunused-parameter[m[K]
[1.898s]  1639 |  [01;35m[Ksize_t bufferSize[m[K,
[1.898s]       |  [01;35m[K~~~~~~~^~~~~~~~~~[m[K
[1.898s] [01m[K/home/camilo/ros2_ws/k3lso_ws/src/k3lso3_ros2/k3lso_vectornav/src/vn/protocol/upack.c:[m[K In function ‘[01m[KVnUartPacket_genReadModelNumber[m[K’:
[1.898s] [01m[K/home/camilo/ros2_ws/k3lso_ws/src/k3lso3_ros2/k3lso_vectornav/src/vn/protocol/upack.c:1654:9:[m[K [01;35m[Kwarning: [m[Kunused parameter ‘[01m[KbufferSize[m[K’ [[01;35m[K-Wunused-parameter[m[K]
[1.898s]  1654 |  [01;35m[Ksize_t bufferSize[m[K,
[1.899s]       |  [01;35m[K~~~~~~~^~~~~~~~~~[m[K
[1.899s] [01m[K/home/camilo/ros2_ws/k3lso_ws/src/k3lso3_ros2/k3lso_vectornav/src/vn/protocol/upack.c:[m[K In function ‘[01m[KVnUartPacket_genReadHardwareRevision[m[K’:
[1.899s] [01m[K/home/camilo/ros2_ws/k3lso_ws/src/k3lso3_ros2/k3lso_vectornav/src/vn/protocol/upack.c:1669:9:[m[K [01;35m[Kwarning: [m[Kunused parameter ‘[01m[KbufferSize[m[K’ [[01;35m[K-Wunused-parameter[m[K]
[1.900s]  1669 |  [01;35m[Ksize_t bufferSize[m[K,
[1.900s]       |  [01;35m[K~~~~~~~^~~~~~~~~~[m[K
[1.900s] [01m[K/home/camilo/ros2_ws/k3lso_ws/src/k3lso3_ros2/k3lso_vectornav/src/vn/protocol/upack.c:[m[K In function ‘[01m[KVnUartPacket_genReadSerialNumber[m[K’:
[1.900s] [01m[K/home/camilo/ros2_ws/k3lso_ws/src/k3lso3_ros2/k3lso_vectornav/src/vn/protocol/upack.c:1684:9:[m[K [01;35m[Kwarning: [m[Kunused parameter ‘[01m[KbufferSize[m[K’ [[01;35m[K-Wunused-parameter[m[K]
[1.901s]  1684 |  [01;35m[Ksize_t bufferSize[m[K,
[1.901s]       |  [01;35m[K~~~~~~~^~~~~~~~~~[m[K
[1.901s] [01m[K/home/camilo/ros2_ws/k3lso_ws/src/k3lso3_ros2/k3lso_vectornav/src/vn/protocol/upack.c:[m[K In function ‘[01m[KVnUartPacket_genReadFirmwareVersion[m[K’:
[1.901s] [01m[K/home/camilo/ros2_ws/k3lso_ws/src/k3lso3_ros2/k3lso_vectornav/src/vn/protocol/upack.c:1699:9:[m[K [01;35m[Kwarning: [m[Kunused parameter ‘[01m[KbufferSize[m[K’ [[01;35m[K-Wunused-parameter[m[K]
[1.901s]  1699 |  [01;35m[Ksize_t bufferSize[m[K,
[1.901s]       |  [01;35m[K~~~~~~~^~~~~~~~~~[m[K
[1.902s] [01m[K/home/camilo/ros2_ws/k3lso_ws/src/k3lso3_ros2/k3lso_vectornav/src/vn/protocol/upack.c:[m[K In function ‘[01m[KVnUartPacket_genReadSerialBaudRate[m[K’:
[1.902s] [01m[K/home/camilo/ros2_ws/k3lso_ws/src/k3lso3_ros2/k3lso_vectornav/src/vn/protocol/upack.c:1714:9:[m[K [01;35m[Kwarning: [m[Kunused parameter ‘[01m[KbufferSize[m[K’ [[01;35m[K-Wunused-parameter[m[K]
[1.902s]  1714 |  [01;35m[Ksize_t bufferSize[m[K,
[1.902s]       |  [01;35m[K~~~~~~~^~~~~~~~~~[m[K
[1.902s] [01m[K/home/camilo/ros2_ws/k3lso_ws/src/k3lso3_ros2/k3lso_vectornav/src/vn/protocol/upack.c:[m[K In function ‘[01m[KVnUartPacket_genReadAsyncDataOutputType[m[K’:
[1.902s] [01m[K/home/camilo/ros2_ws/k3lso_ws/src/k3lso3_ros2/k3lso_vectornav/src/vn/protocol/upack.c:1729:9:[m[K [01;35m[Kwarning: [m[Kunused parameter ‘[01m[KbufferSize[m[K’ [[01;35m[K-Wunused-parameter[m[K]
[1.903s]  1729 |  [01;35m[Ksize_t bufferSize[m[K,
[1.903s]       |  [01;35m[K~~~~~~~^~~~~~~~~~[m[K
[1.903s] [01m[K/home/camilo/ros2_ws/k3lso_ws/src/k3lso3_ros2/k3lso_vectornav/src/vn/protocol/upack.c:[m[K In function ‘[01m[KVnUartPacket_genReadAsyncDataOutputFrequency[m[K’:
[1.903s] [01m[K/home/camilo/ros2_ws/k3lso_ws/src/k3lso3_ros2/k3lso_vectornav/src/vn/protocol/upack.c:1744:9:[m[K [01;35m[Kwarning: [m[Kunused parameter ‘[01m[KbufferSize[m[K’ [[01;35m[K-Wunused-parameter[m[K]
[1.903s]  1744 |  [01;35m[Ksize_t bufferSize[m[K,
[1.903s]       |  [01;35m[K~~~~~~~^~~~~~~~~~[m[K
[1.903s] [01m[K/home/camilo/ros2_ws/k3lso_ws/src/k3lso3_ros2/k3lso_vectornav/src/vn/protocol/upack.c:[m[K In function ‘[01m[KVnUartPacket_genReadYawPitchRoll[m[K’:
[1.903s] [01m[K/home/camilo/ros2_ws/k3lso_ws/src/k3lso3_ros2/k3lso_vectornav/src/vn/protocol/upack.c:1759:9:[m[K [01;35m[Kwarning: [m[Kunused parameter ‘[01m[KbufferSize[m[K’ [[01;35m[K-Wunused-parameter[m[K]
[1.903s]  1759 |  [01;35m[Ksize_t bufferSize[m[K,
[1.904s]       |  [01;35m[K~~~~~~~^~~~~~~~~~[m[K
[1.904s] [01m[K/home/camilo/ros2_ws/k3lso_ws/src/k3lso3_ros2/k3lso_vectornav/src/vn/protocol/upack.c:[m[K In function ‘[01m[KVnUartPacket_genReadAttitudeQuaternion[m[K’:
[1.904s] [01m[K/home/camilo/ros2_ws/k3lso_ws/src/k3lso3_ros2/k3lso_vectornav/src/vn/protocol/upack.c:1774:9:[m[K [01;35m[Kwarning: [m[Kunused parameter ‘[01m[KbufferSize[m[K’ [[01;35m[K-Wunused-parameter[m[K]
[1.904s]  1774 |  [01;35m[Ksize_t bufferSize[m[K,
[1.904s]       |  [01;35m[K~~~~~~~^~~~~~~~~~[m[K
[1.904s] [01m[K/home/camilo/ros2_ws/k3lso_ws/src/k3lso3_ros2/k3lso_vectornav/src/vn/protocol/upack.c:[m[K In function ‘[01m[KVnUartPacket_genReadQuaternionMagneticAccelerationAndAngularRates[m[K’:
[1.904s] [01m[K/home/camilo/ros2_ws/k3lso_ws/src/k3lso3_ros2/k3lso_vectornav/src/vn/protocol/upack.c:1789:9:[m[K [01;35m[Kwarning: [m[Kunused parameter ‘[01m[KbufferSize[m[K’ [[01;35m[K-Wunused-parameter[m[K]
[1.904s]  1789 |  [01;35m[Ksize_t bufferSize[m[K,
[1.904s]       |  [01;35m[K~~~~~~~^~~~~~~~~~[m[K
[1.904s] [01m[K/home/camilo/ros2_ws/k3lso_ws/src/k3lso3_ros2/k3lso_vectornav/src/vn/protocol/upack.c:[m[K In function ‘[01m[KVnUartPacket_genReadMagneticMeasurements[m[K’:
[1.904s] [01m[K/home/camilo/ros2_ws/k3lso_ws/src/k3lso3_ros2/k3lso_vectornav/src/vn/protocol/upack.c:1804:9:[m[K [01;35m[Kwarning: [m[Kunused parameter ‘[01m[KbufferSize[m[K’ [[01;35m[K-Wunused-parameter[m[K]
[1.905s]  1804 |  [01;35m[Ksize_t bufferSize[m[K,
[1.905s]       |  [01;35m[K~~~~~~~^~~~~~~~~~[m[K
[1.906s] [01m[K/home/camilo/ros2_ws/k3lso_ws/src/k3lso3_ros2/k3lso_vectornav/src/vn/protocol/upack.c:[m[K In function ‘[01m[KVnUartPacket_genReadAccelerationMeasurements[m[K’:
[1.906s] [01m[K/home/camilo/ros2_ws/k3lso_ws/src/k3lso3_ros2/k3lso_vectornav/src/vn/protocol/upack.c:1819:9:[m[K [01;35m[Kwarning: [m[Kunused parameter ‘[01m[KbufferSize[m[K’ [[01;35m[K-Wunused-parameter[m[K]
[1.907s]  1819 |  [01;35m[Ksize_t bufferSize[m[K,
[1.907s]       |  [01;35m[K~~~~~~~^~~~~~~~~~[m[K
[1.907s] [01m[K/home/camilo/ros2_ws/k3lso_ws/src/k3lso3_ros2/k3lso_vectornav/src/vn/protocol/upack.c:[m[K In function ‘[01m[KVnUartPacket_genReadAngularRateMeasurements[m[K’:
[1.907s] [01m[K/home/camilo/ros2_ws/k3lso_ws/src/k3lso3_ros2/k3lso_vectornav/src/vn/protocol/upack.c:1834:9:[m[K [01;35m[Kwarning: [m[Kunused parameter ‘[01m[KbufferSize[m[K’ [[01;35m[K-Wunused-parameter[m[K]
[1.907s]  1834 |  [01;35m[Ksize_t bufferSize[m[K,
[1.907s]       |  [01;35m[K~~~~~~~^~~~~~~~~~[m[K
[1.907s] [01m[K/home/camilo/ros2_ws/k3lso_ws/src/k3lso3_ros2/k3lso_vectornav/src/vn/protocol/upack.c:[m[K In function ‘[01m[KVnUartPacket_genReadMagneticAccelerationAndAngularRates[m[K’:
[1.907s] [01m[K/home/camilo/ros2_ws/k3lso_ws/src/k3lso3_ros2/k3lso_vectornav/src/vn/protocol/upack.c:1849:9:[m[K [01;35m[Kwarning: [m[Kunused parameter ‘[01m[KbufferSize[m[K’ [[01;35m[K-Wunused-parameter[m[K]
[1.907s]  1849 |  [01;35m[Ksize_t bufferSize[m[K,
[1.908s]       |  [01;35m[K~~~~~~~^~~~~~~~~~[m[K
[1.908s] [01m[K/home/camilo/ros2_ws/k3lso_ws/src/k3lso3_ros2/k3lso_vectornav/src/vn/protocol/upack.c:[m[K In function ‘[01m[KVnUartPacket_genReadMagneticAndGravityReferenceVectors[m[K’:
[1.908s] [01m[K/home/camilo/ros2_ws/k3lso_ws/src/k3lso3_ros2/k3lso_vectornav/src/vn/protocol/upack.c:1864:9:[m[K [01;35m[Kwarning: [m[Kunused parameter ‘[01m[KbufferSize[m[K’ [[01;35m[K-Wunused-parameter[m[K]
[1.908s]  1864 |  [01;35m[Ksize_t bufferSize[m[K,
[1.908s]       |  [01;35m[K~~~~~~~^~~~~~~~~~[m[K
[1.908s] [01m[K/home/camilo/ros2_ws/k3lso_ws/src/k3lso3_ros2/k3lso_vectornav/src/vn/protocol/upack.c:[m[K In function ‘[01m[KVnUartPacket_genReadMagnetometerCompensation[m[K’:
[1.908s] [01m[K/home/camilo/ros2_ws/k3lso_ws/src/k3lso3_ros2/k3lso_vectornav/src/vn/protocol/upack.c:1879:9:[m[K [01;35m[Kwarning: [m[Kunused parameter ‘[01m[KbufferSize[m[K’ [[01;35m[K-Wunused-parameter[m[K]
[1.908s]  1879 |  [01;35m[Ksize_t bufferSize[m[K,
[1.909s]       |  [01;35m[K~~~~~~~^~~~~~~~~~[m[K
[1.909s] [01m[K/home/camilo/ros2_ws/k3lso_ws/src/k3lso3_ros2/k3lso_vectornav/src/vn/protocol/upack.c:[m[K In function ‘[01m[KVnUartPacket_genReadAccelerationCompensation[m[K’:
[1.909s] [01m[K/home/camilo/ros2_ws/k3lso_ws/src/k3lso3_ros2/k3lso_vectornav/src/vn/protocol/upack.c:1894:9:[m[K [01;35m[Kwarning: [m[Kunused parameter ‘[01m[KbufferSize[m[K’ [[01;35m[K-Wunused-parameter[m[K]
[1.909s]  1894 |  [01;35m[Ksize_t bufferSize[m[K,
[1.909s]       |  [01;35m[K~~~~~~~^~~~~~~~~~[m[K
[1.909s] [01m[K/home/camilo/ros2_ws/k3lso_ws/src/k3lso3_ros2/k3lso_vectornav/src/vn/protocol/upack.c:[m[K In function ‘[01m[KVnUartPacket_genReadReferenceFrameRotation[m[K’:
[1.909s] [01m[K/home/camilo/ros2_ws/k3lso_ws/src/k3lso3_ros2/k3lso_vectornav/src/vn/protocol/upack.c:1909:9:[m[K [01;35m[Kwarning: [m[Kunused parameter ‘[01m[KbufferSize[m[K’ [[01;35m[K-Wunused-parameter[m[K]
[1.909s]  1909 |  [01;35m[Ksize_t bufferSize[m[K,
[1.909s]       |  [01;35m[K~~~~~~~^~~~~~~~~~[m[K
[1.910s] [01m[K/home/camilo/ros2_ws/k3lso_ws/src/k3lso3_ros2/k3lso_vectornav/src/vn/protocol/upack.c:[m[K In function ‘[01m[KVnUartPacket_genReadYawPitchRollMagneticAccelerationAndAngularRates[m[K’:
[1.910s] [01m[K/home/camilo/ros2_ws/k3lso_ws/src/k3lso3_ros2/k3lso_vectornav/src/vn/protocol/upack.c:1924:9:[m[K [01;35m[Kwarning: [m[Kunused parameter ‘[01m[KbufferSize[m[K’ [[01;35m[K-Wunused-parameter[m[K]
[1.910s]  1924 |  [01;35m[Ksize_t bufferSize[m[K,
[1.910s]       |  [01;35m[K~~~~~~~^~~~~~~~~~[m[K
[1.910s] [01m[K/home/camilo/ros2_ws/k3lso_ws/src/k3lso3_ros2/k3lso_vectornav/src/vn/protocol/upack.c:[m[K In function ‘[01m[KVnUartPacket_genReadCommunicationProtocolControl[m[K’:
[1.910s] [01m[K/home/camilo/ros2_ws/k3lso_ws/src/k3lso3_ros2/k3lso_vectornav/src/vn/protocol/upack.c:1939:9:[m[K [01;35m[Kwarning: [m[Kunused parameter ‘[01m[KbufferSize[m[K’ [[01;35m[K-Wunused-parameter[m[K]
[1.910s]  1939 |  [01;35m[Ksize_t bufferSize[m[K,
[1.910s]       |  [01;35m[K~~~~~~~^~~~~~~~~~[m[K
[1.910s] [01m[K/home/camilo/ros2_ws/k3lso_ws/src/k3lso3_ros2/k3lso_vectornav/src/vn/protocol/upack.c:[m[K In function ‘[01m[KVnUartPacket_genReadSynchronizationControl[m[K’:
[1.911s] [01m[K/home/camilo/ros2_ws/k3lso_ws/src/k3lso3_ros2/k3lso_vectornav/src/vn/protocol/upack.c:1954:9:[m[K [01;35m[Kwarning: [m[Kunused parameter ‘[01m[KbufferSize[m[K’ [[01;35m[K-Wunused-parameter[m[K]
[1.911s]  1954 |  [01;35m[Ksize_t bufferSize[m[K,
[1.911s]       |  [01;35m[K~~~~~~~^~~~~~~~~~[m[K
[1.911s] [01m[K/home/camilo/ros2_ws/k3lso_ws/src/k3lso3_ros2/k3lso_vectornav/src/vn/protocol/upack.c:[m[K In function ‘[01m[KVnUartPacket_genReadSynchronizationStatus[m[K’:
[1.911s] [01m[K/home/camilo/ros2_ws/k3lso_ws/src/k3lso3_ros2/k3lso_vectornav/src/vn/protocol/upack.c:1969:9:[m[K [01;35m[Kwarning: [m[Kunused parameter ‘[01m[KbufferSize[m[K’ [[01;35m[K-Wunused-parameter[m[K]
[1.911s]  1969 |  [01;35m[Ksize_t bufferSize[m[K,
[1.911s]       |  [01;35m[K~~~~~~~^~~~~~~~~~[m[K
[1.911s] [01m[K/home/camilo/ros2_ws/k3lso_ws/src/k3lso3_ros2/k3lso_vectornav/src/vn/protocol/upack.c:[m[K In function ‘[01m[KVnUartPacket_genReadVpeBasicControl[m[K’:
[1.912s] [01m[K/home/camilo/ros2_ws/k3lso_ws/src/k3lso3_ros2/k3lso_vectornav/src/vn/protocol/upack.c:1984:9:[m[K [01;35m[Kwarning: [m[Kunused parameter ‘[01m[KbufferSize[m[K’ [[01;35m[K-Wunused-parameter[m[K]
[1.912s]  1984 |  [01;35m[Ksize_t bufferSize[m[K,
[1.912s]       |  [01;35m[K~~~~~~~^~~~~~~~~~[m[K
[1.912s] [01m[K/home/camilo/ros2_ws/k3lso_ws/src/k3lso3_ros2/k3lso_vectornav/src/vn/protocol/upack.c:[m[K In function ‘[01m[KVnUartPacket_genReadVpeMagnetometerBasicTuning[m[K’:
[1.912s] [01m[K/home/camilo/ros2_ws/k3lso_ws/src/k3lso3_ros2/k3lso_vectornav/src/vn/protocol/upack.c:1999:9:[m[K [01;35m[Kwarning: [m[Kunused parameter ‘[01m[KbufferSize[m[K’ [[01;35m[K-Wunused-parameter[m[K]
[1.912s]  1999 |  [01;35m[Ksize_t bufferSize[m[K,
[1.912s]       |  [01;35m[K~~~~~~~^~~~~~~~~~[m[K
[1.912s] [01m[K/home/camilo/ros2_ws/k3lso_ws/src/k3lso3_ros2/k3lso_vectornav/src/vn/protocol/upack.c:[m[K In function ‘[01m[KVnUartPacket_genReadVpeAccelerometerBasicTuning[m[K’:
[1.912s] [01m[K/home/camilo/ros2_ws/k3lso_ws/src/k3lso3_ros2/k3lso_vectornav/src/vn/protocol/upack.c:2014:9:[m[K [01;35m[Kwarning: [m[Kunused parameter ‘[01m[KbufferSize[m[K’ [[01;35m[K-Wunused-parameter[m[K]
[1.912s]  2014 |  [01;35m[Ksize_t bufferSize[m[K,
[1.913s]       |  [01;35m[K~~~~~~~^~~~~~~~~~[m[K
[1.913s] [01m[K/home/camilo/ros2_ws/k3lso_ws/src/k3lso3_ros2/k3lso_vectornav/src/vn/protocol/upack.c:[m[K In function ‘[01m[KVnUartPacket_genReadMagnetometerCalibrationControl[m[K’:
[1.913s] [01m[K/home/camilo/ros2_ws/k3lso_ws/src/k3lso3_ros2/k3lso_vectornav/src/vn/protocol/upack.c:2029:9:[m[K [01;35m[Kwarning: [m[Kunused parameter ‘[01m[KbufferSize[m[K’ [[01;35m[K-Wunused-parameter[m[K]
[1.913s]  2029 |  [01;35m[Ksize_t bufferSize[m[K,
[1.913s]       |  [01;35m[K~~~~~~~^~~~~~~~~~[m[K
[1.913s] [01m[K/home/camilo/ros2_ws/k3lso_ws/src/k3lso3_ros2/k3lso_vectornav/src/vn/protocol/upack.c:[m[K In function ‘[01m[KVnUartPacket_genReadCalculatedMagnetometerCalibration[m[K’:
[1.913s] [01m[K/home/camilo/ros2_ws/k3lso_ws/src/k3lso3_ros2/k3lso_vectornav/src/vn/protocol/upack.c:2044:9:[m[K [01;35m[Kwarning: [m[Kunused parameter ‘[01m[KbufferSize[m[K’ [[01;35m[K-Wunused-parameter[m[K]
[1.913s]  2044 |  [01;35m[Ksize_t bufferSize[m[K,
[1.913s]       |  [01;35m[K~~~~~~~^~~~~~~~~~[m[K
[1.914s] [01m[K/home/camilo/ros2_ws/k3lso_ws/src/k3lso3_ros2/k3lso_vectornav/src/vn/protocol/upack.c:[m[K In function ‘[01m[KVnUartPacket_genReadVelocityCompensationMeasurement[m[K’:
[1.914s] [01m[K/home/camilo/ros2_ws/k3lso_ws/src/k3lso3_ros2/k3lso_vectornav/src/vn/protocol/upack.c:2059:9:[m[K [01;35m[Kwarning: [m[Kunused parameter ‘[01m[KbufferSize[m[K’ [[01;35m[K-Wunused-parameter[m[K]
[1.914s]  2059 |  [01;35m[Ksize_t bufferSize[m[K,
[1.914s]       |  [01;35m[K~~~~~~~^~~~~~~~~~[m[K
[1.914s] [01m[K/home/camilo/ros2_ws/k3lso_ws/src/k3lso3_ros2/k3lso_vectornav/src/vn/protocol/upack.c:[m[K In function ‘[01m[KVnUartPacket_genReadVelocityCompensationControl[m[K’:
[1.914s] [01m[K/home/camilo/ros2_ws/k3lso_ws/src/k3lso3_ros2/k3lso_vectornav/src/vn/protocol/upack.c:2074:9:[m[K [01;35m[Kwarning: [m[Kunused parameter ‘[01m[KbufferSize[m[K’ [[01;35m[K-Wunused-parameter[m[K]
[1.914s]  2074 |  [01;35m[Ksize_t bufferSize[m[K,
[1.914s]       |  [01;35m[K~~~~~~~^~~~~~~~~~[m[K
[1.914s] [01m[K/home/camilo/ros2_ws/k3lso_ws/src/k3lso3_ros2/k3lso_vectornav/src/vn/protocol/upack.c:[m[K In function ‘[01m[KVnUartPacket_genReadImuMeasurements[m[K’:
[1.914s] [01m[K/home/camilo/ros2_ws/k3lso_ws/src/k3lso3_ros2/k3lso_vectornav/src/vn/protocol/upack.c:2089:9:[m[K [01;35m[Kwarning: [m[Kunused parameter ‘[01m[KbufferSize[m[K’ [[01;35m[K-Wunused-parameter[m[K]
[1.915s]  2089 |  [01;35m[Ksize_t bufferSize[m[K,
[1.915s]       |  [01;35m[K~~~~~~~^~~~~~~~~~[m[K
[1.915s] [01m[K/home/camilo/ros2_ws/k3lso_ws/src/k3lso3_ros2/k3lso_vectornav/src/vn/protocol/upack.c:[m[K In function ‘[01m[KVnUartPacket_genReadGpsConfiguration[m[K’:
[1.915s] [01m[K/home/camilo/ros2_ws/k3lso_ws/src/k3lso3_ros2/k3lso_vectornav/src/vn/protocol/upack.c:2104:9:[m[K [01;35m[Kwarning: [m[Kunused parameter ‘[01m[KbufferSize[m[K’ [[01;35m[K-Wunused-parameter[m[K]
[1.915s]  2104 |  [01;35m[Ksize_t bufferSize[m[K,
[1.915s]       |  [01;35m[K~~~~~~~^~~~~~~~~~[m[K
[1.915s] [01m[K/home/camilo/ros2_ws/k3lso_ws/src/k3lso3_ros2/k3lso_vectornav/src/vn/protocol/upack.c:[m[K In function ‘[01m[KVnUartPacket_genReadGpsAntennaOffset[m[K’:
[1.915s] [01m[K/home/camilo/ros2_ws/k3lso_ws/src/k3lso3_ros2/k3lso_vectornav/src/vn/protocol/upack.c:2119:9:[m[K [01;35m[Kwarning: [m[Kunused parameter ‘[01m[KbufferSize[m[K’ [[01;35m[K-Wunused-parameter[m[K]
[1.915s]  2119 |  [01;35m[Ksize_t bufferSize[m[K,
[1.915s]       |  [01;35m[K~~~~~~~^~~~~~~~~~[m[K
[1.916s] [01m[K/home/camilo/ros2_ws/k3lso_ws/src/k3lso3_ros2/k3lso_vectornav/src/vn/protocol/upack.c:[m[K In function ‘[01m[KVnUartPacket_genReadGpsSolutionLla[m[K’:
[1.916s] [01m[K/home/camilo/ros2_ws/k3lso_ws/src/k3lso3_ros2/k3lso_vectornav/src/vn/protocol/upack.c:2134:9:[m[K [01;35m[Kwarning: [m[Kunused parameter ‘[01m[KbufferSize[m[K’ [[01;35m[K-Wunused-parameter[m[K]
[1.916s]  2134 |  [01;35m[Ksize_t bufferSize[m[K,
[1.916s]       |  [01;35m[K~~~~~~~^~~~~~~~~~[m[K
[1.916s] [01m[K/home/camilo/ros2_ws/k3lso_ws/src/k3lso3_ros2/k3lso_vectornav/src/vn/protocol/upack.c:[m[K In function ‘[01m[KVnUartPacket_genReadGpsSolutionEcef[m[K’:
[1.916s] [01m[K/home/camilo/ros2_ws/k3lso_ws/src/k3lso3_ros2/k3lso_vectornav/src/vn/protocol/upack.c:2149:9:[m[K [01;35m[Kwarning: [m[Kunused parameter ‘[01m[KbufferSize[m[K’ [[01;35m[K-Wunused-parameter[m[K]
[1.916s]  2149 |  [01;35m[Ksize_t bufferSize[m[K,
[1.916s]       |  [01;35m[K~~~~~~~^~~~~~~~~~[m[K
[1.916s] [01m[K/home/camilo/ros2_ws/k3lso_ws/src/k3lso3_ros2/k3lso_vectornav/src/vn/protocol/upack.c:[m[K In function ‘[01m[KVnUartPacket_genReadInsSolutionLla[m[K’:
[1.916s] [01m[K/home/camilo/ros2_ws/k3lso_ws/src/k3lso3_ros2/k3lso_vectornav/src/vn/protocol/upack.c:2164:9:[m[K [01;35m[Kwarning: [m[Kunused parameter ‘[01m[KbufferSize[m[K’ [[01;35m[K-Wunused-parameter[m[K]
[1.917s]  2164 |  [01;35m[Ksize_t bufferSize[m[K,
[1.917s]       |  [01;35m[K~~~~~~~^~~~~~~~~~[m[K
[1.917s] [01m[K/home/camilo/ros2_ws/k3lso_ws/src/k3lso3_ros2/k3lso_vectornav/src/vn/protocol/upack.c:[m[K In function ‘[01m[KVnUartPacket_genReadInsSolutionEcef[m[K’:
[1.917s] [01m[K/home/camilo/ros2_ws/k3lso_ws/src/k3lso3_ros2/k3lso_vectornav/src/vn/protocol/upack.c:2179:9:[m[K [01;35m[Kwarning: [m[Kunused parameter ‘[01m[KbufferSize[m[K’ [[01;35m[K-Wunused-parameter[m[K]
[1.917s]  2179 |  [01;35m[Ksize_t bufferSize[m[K,
[1.917s]       |  [01;35m[K~~~~~~~^~~~~~~~~~[m[K
[1.917s] [01m[K/home/camilo/ros2_ws/k3lso_ws/src/k3lso3_ros2/k3lso_vectornav/src/vn/protocol/upack.c:[m[K In function ‘[01m[KVnUartPacket_genReadInsBasicConfiguration[m[K’:
[1.917s] [01m[K/home/camilo/ros2_ws/k3lso_ws/src/k3lso3_ros2/k3lso_vectornav/src/vn/protocol/upack.c:2194:9:[m[K [01;35m[Kwarning: [m[Kunused parameter ‘[01m[KbufferSize[m[K’ [[01;35m[K-Wunused-parameter[m[K]
[1.917s]  2194 |  [01;35m[Ksize_t bufferSize[m[K,
[1.917s]       |  [01;35m[K~~~~~~~^~~~~~~~~~[m[K
[1.917s] [01m[K/home/camilo/ros2_ws/k3lso_ws/src/k3lso3_ros2/k3lso_vectornav/src/vn/protocol/upack.c:[m[K In function ‘[01m[KVnUartPacket_genReadInsStateLla[m[K’:
[1.919s] [01m[K/home/camilo/ros2_ws/k3lso_ws/src/k3lso3_ros2/k3lso_vectornav/src/vn/protocol/upack.c:2209:9:[m[K [01;35m[Kwarning: [m[Kunused parameter ‘[01m[KbufferSize[m[K’ [[01;35m[K-Wunused-parameter[m[K]
[1.920s]  2209 |  [01;35m[Ksize_t bufferSize[m[K,
[1.920s]       |  [01;35m[K~~~~~~~^~~~~~~~~~[m[K
[1.920s] [01m[K/home/camilo/ros2_ws/k3lso_ws/src/k3lso3_ros2/k3lso_vectornav/src/vn/protocol/upack.c:[m[K In function ‘[01m[KVnUartPacket_genReadInsStateEcef[m[K’:
[1.920s] [01m[K/home/camilo/ros2_ws/k3lso_ws/src/k3lso3_ros2/k3lso_vectornav/src/vn/protocol/upack.c:2224:9:[m[K [01;35m[Kwarning: [m[Kunused parameter ‘[01m[KbufferSize[m[K’ [[01;35m[K-Wunused-parameter[m[K]
[1.920s]  2224 |  [01;35m[Ksize_t bufferSize[m[K,
[1.920s]       |  [01;35m[K~~~~~~~^~~~~~~~~~[m[K
[1.920s] [01m[K/home/camilo/ros2_ws/k3lso_ws/src/k3lso3_ros2/k3lso_vectornav/src/vn/protocol/upack.c:[m[K In function ‘[01m[KVnUartPacket_genReadStartupFilterBiasEstimate[m[K’:
[1.920s] [01m[K/home/camilo/ros2_ws/k3lso_ws/src/k3lso3_ros2/k3lso_vectornav/src/vn/protocol/upack.c:2239:9:[m[K [01;35m[Kwarning: [m[Kunused parameter ‘[01m[KbufferSize[m[K’ [[01;35m[K-Wunused-parameter[m[K]
[1.920s]  2239 |  [01;35m[Ksize_t bufferSize[m[K,
[1.921s]       |  [01;35m[K~~~~~~~^~~~~~~~~~[m[K
[1.921s] [01m[K/home/camilo/ros2_ws/k3lso_ws/src/k3lso3_ros2/k3lso_vectornav/src/vn/protocol/upack.c:[m[K In function ‘[01m[KVnUartPacket_genReadDeltaThetaAndDeltaVelocity[m[K’:
[1.921s] [01m[K/home/camilo/ros2_ws/k3lso_ws/src/k3lso3_ros2/k3lso_vectornav/src/vn/protocol/upack.c:2254:9:[m[K [01;35m[Kwarning: [m[Kunused parameter ‘[01m[KbufferSize[m[K’ [[01;35m[K-Wunused-parameter[m[K]
[1.921s]  2254 |  [01;35m[Ksize_t bufferSize[m[K,
[1.921s]       |  [01;35m[K~~~~~~~^~~~~~~~~~[m[K
[1.921s] [01m[K/home/camilo/ros2_ws/k3lso_ws/src/k3lso3_ros2/k3lso_vectornav/src/vn/protocol/upack.c:[m[K In function ‘[01m[KVnUartPacket_genReadDeltaThetaAndDeltaVelocityConfiguration[m[K’:
[1.921s] [01m[K/home/camilo/ros2_ws/k3lso_ws/src/k3lso3_ros2/k3lso_vectornav/src/vn/protocol/upack.c:2269:9:[m[K [01;35m[Kwarning: [m[Kunused parameter ‘[01m[KbufferSize[m[K’ [[01;35m[K-Wunused-parameter[m[K]
[1.921s]  2269 |  [01;35m[Ksize_t bufferSize[m[K,
[1.921s]       |  [01;35m[K~~~~~~~^~~~~~~~~~[m[K
[1.921s] [01m[K/home/camilo/ros2_ws/k3lso_ws/src/k3lso3_ros2/k3lso_vectornav/src/vn/protocol/upack.c:[m[K In function ‘[01m[KVnUartPacket_genReadReferenceVectorConfiguration[m[K’:
[1.922s] [01m[K/home/camilo/ros2_ws/k3lso_ws/src/k3lso3_ros2/k3lso_vectornav/src/vn/protocol/upack.c:2284:9:[m[K [01;35m[Kwarning: [m[Kunused parameter ‘[01m[KbufferSize[m[K’ [[01;35m[K-Wunused-parameter[m[K]
[1.922s]  2284 |  [01;35m[Ksize_t bufferSize[m[K,
[1.922s]       |  [01;35m[K~~~~~~~^~~~~~~~~~[m[K
[1.922s] [01m[K/home/camilo/ros2_ws/k3lso_ws/src/k3lso3_ros2/k3lso_vectornav/src/vn/protocol/upack.c:[m[K In function ‘[01m[KVnUartPacket_genReadGyroCompensation[m[K’:
[1.922s] [01m[K/home/camilo/ros2_ws/k3lso_ws/src/k3lso3_ros2/k3lso_vectornav/src/vn/protocol/upack.c:2299:9:[m[K [01;35m[Kwarning: [m[Kunused parameter ‘[01m[KbufferSize[m[K’ [[01;35m[K-Wunused-parameter[m[K]
[1.922s]  2299 |  [01;35m[Ksize_t bufferSize[m[K,
[1.922s]       |  [01;35m[K~~~~~~~^~~~~~~~~~[m[K
[1.922s] [01m[K/home/camilo/ros2_ws/k3lso_ws/src/k3lso3_ros2/k3lso_vectornav/src/vn/protocol/upack.c:[m[K In function ‘[01m[KVnUartPacket_genReadImuFilteringConfiguration[m[K’:
[1.922s] [01m[K/home/camilo/ros2_ws/k3lso_ws/src/k3lso3_ros2/k3lso_vectornav/src/vn/protocol/upack.c:2314:9:[m[K [01;35m[Kwarning: [m[Kunused parameter ‘[01m[KbufferSize[m[K’ [[01;35m[K-Wunused-parameter[m[K]
[1.922s]  2314 |  [01;35m[Ksize_t bufferSize[m[K,
[1.923s]       |  [01;35m[K~~~~~~~^~~~~~~~~~[m[K
[1.923s] [01m[K/home/camilo/ros2_ws/k3lso_ws/src/k3lso3_ros2/k3lso_vectornav/src/vn/protocol/upack.c:[m[K In function ‘[01m[KVnUartPacket_genReadGpsCompassBaseline[m[K’:
[1.923s] [01m[K/home/camilo/ros2_ws/k3lso_ws/src/k3lso3_ros2/k3lso_vectornav/src/vn/protocol/upack.c:2329:9:[m[K [01;35m[Kwarning: [m[Kunused parameter ‘[01m[KbufferSize[m[K’ [[01;35m[K-Wunused-parameter[m[K]
[1.923s]  2329 |  [01;35m[Ksize_t bufferSize[m[K,
[1.923s]       |  [01;35m[K~~~~~~~^~~~~~~~~~[m[K
[1.923s] [01m[K/home/camilo/ros2_ws/k3lso_ws/src/k3lso3_ros2/k3lso_vectornav/src/vn/protocol/upack.c:[m[K In function ‘[01m[KVnUartPacket_genReadGpsCompassEstimatedBaseline[m[K’:
[1.923s] [01m[K/home/camilo/ros2_ws/k3lso_ws/src/k3lso3_ros2/k3lso_vectornav/src/vn/protocol/upack.c:2344:9:[m[K [01;35m[Kwarning: [m[Kunused parameter ‘[01m[KbufferSize[m[K’ [[01;35m[K-Wunused-parameter[m[K]
[1.924s]  2344 |  [01;35m[Ksize_t bufferSize[m[K,
[1.924s]       |  [01;35m[K~~~~~~~^~~~~~~~~~[m[K
[1.924s] [01m[K/home/camilo/ros2_ws/k3lso_ws/src/k3lso3_ros2/k3lso_vectornav/src/vn/protocol/upack.c:[m[K In function ‘[01m[KVnUartPacket_genReadYawPitchRollTrueBodyAccelerationAndAngularRates[m[K’:
[1.924s] [01m[K/home/camilo/ros2_ws/k3lso_ws/src/k3lso3_ros2/k3lso_vectornav/src/vn/protocol/upack.c:2359:9:[m[K [01;35m[Kwarning: [m[Kunused parameter ‘[01m[KbufferSize[m[K’ [[01;35m[K-Wunused-parameter[m[K]
[1.924s]  2359 |  [01;35m[Ksize_t bufferSize[m[K,
[1.924s]       |  [01;35m[K~~~~~~~^~~~~~~~~~[m[K
[1.924s] [01m[K/home/camilo/ros2_ws/k3lso_ws/src/k3lso3_ros2/k3lso_vectornav/src/vn/protocol/upack.c:[m[K In function ‘[01m[KVnUartPacket_genReadYawPitchRollTrueInertialAccelerationAndAngularRates[m[K’:
[1.924s] [01m[K/home/camilo/ros2_ws/k3lso_ws/src/k3lso3_ros2/k3lso_vectornav/src/vn/protocol/upack.c:2374:9:[m[K [01;35m[Kwarning: [m[Kunused parameter ‘[01m[KbufferSize[m[K’ [[01;35m[K-Wunused-parameter[m[K]
[1.924s]  2374 |  [01;35m[Ksize_t bufferSize[m[K,
[1.924s]       |  [01;35m[K~~~~~~~^~~~~~~~~~[m[K
[1.925s] [01m[K/home/camilo/ros2_ws/k3lso_ws/src/k3lso3_ros2/k3lso_vectornav/src/vn/protocol/upack.c:[m[K In function ‘[01m[KVnUartPacket_genWriteBinaryOutput[m[K’:
[1.925s] [01m[K/home/camilo/ros2_ws/k3lso_ws/src/k3lso3_ros2/k3lso_vectornav/src/vn/protocol/upack.c:2389:9:[m[K [01;35m[Kwarning: [m[Kunused parameter ‘[01m[KbufferSize[m[K’ [[01;35m[K-Wunused-parameter[m[K]
[1.925s]  2389 |  [01;35m[Ksize_t bufferSize[m[K,
[1.925s]       |  [01;35m[K~~~~~~~^~~~~~~~~~[m[K
[1.925s] [ 50%] [32mBuilding C object CMakeFiles/k3lso_vectornav.dir/src/vn/sensors/ezasyncdata.c.o[0m
[1.925s] [ 53%] [32mBuilding C object CMakeFiles/k3lso_vectornav.dir/src/vn/util.c.o[0m
[1.926s] [ 57%] [32mBuilding C object CMakeFiles/k3lso_vectornav.dir/src/vn/sensors/searcher.c.o[0m
[1.936s] [ 61%] [32mBuilding C object CMakeFiles/k3lso_vectornav.dir/src/vn/xplat/criticalsection.c.o[0m
[1.943s] [ 65%] [32mBuilding C object CMakeFiles/k3lso_vectornav.dir/src/vn/xplat/event.c.o[0m
[1.979s] [01m[K/home/camilo/ros2_ws/k3lso_ws/src/k3lso3_ros2/k3lso_vectornav/src/vn/sensors/searcher.c:[m[K In function ‘[01m[KVnSearcher_findPorts_LINUX[m[K’:
[1.979s] [01m[K/home/camilo/ros2_ws/k3lso_ws/src/k3lso3_ros2/k3lso_vectornav/src/vn/sensors/searcher.c:371:16:[m[K [01;35m[Kwarning: [m[Kcomparison of integer expressions of different signedness: ‘[01m[Ksize_t[m[K’ {aka ‘[01m[Klong unsigned int[m[K’} and ‘[01m[Kint32_t[m[K’ {aka ‘[01m[Kint[m[K’} [[01;35m[K-Wsign-compare[m[K]
[1.979s]   371 |   while (index [01;35m[K<[m[K *numPortsFound)
[1.979s]       |                [01;35m[K^[m[K
[1.985s] [01m[K/home/camilo/ros2_ws/k3lso_ws/src/k3lso3_ros2/k3lso_vectornav/src/vn/util.c:[m[K In function ‘[01m[KVnApi_getVersion[m[K’:
[1.985s] [01m[K/home/camilo/ros2_ws/k3lso_ws/src/k3lso3_ros2/k3lso_vectornav/src/vn/util.c:41:44:[m[K [01;35m[Kwarning: [m[Kparameter ‘[01m[KoutLength[m[K’ set but not used [[01;35m[K-Wunused-but-set-parameter[m[K]
[1.986s]    41 | VnError VnApi_getVersion(char *out, [01;35m[Ksize_t outLength[m[K)
[1.986s]       |                                     [01;35m[K~~~~~~~^~~~~~~~~[m[K
[2.020s] [ 69%] [32mBuilding C object CMakeFiles/k3lso_vectornav.dir/src/vn/xplat/serialport.c.o[0m
[2.032s] [ 73%] [32mBuilding C object CMakeFiles/k3lso_vectornav.dir/src/vn/xplat/thread.c.o[0m
[2.032s] [ 76%] [32mBuilding C object CMakeFiles/k3lso_vectornav.dir/src/vn/xplat/time.c.o[0m
[2.042s] [ 80%] [32mBuilding CXX object CMakeFiles/k3lso_vectornav.dir/src/Utilities/PeriodicTask.cpp.o[0m
[2.042s] [ 84%] [32mBuilding CXX object CMakeFiles/k3lso_vectornav.dir/src/Utilities/SegfaultHandler.cpp.o[0m
[2.065s] [01m[K/home/camilo/ros2_ws/k3lso_ws/src/k3lso3_ros2/k3lso_vectornav/src/vn/xplat/serialport.c:[m[K In function ‘[01m[KVnSerialPort_write[m[K’:
[2.066s] [01m[K/home/camilo/ros2_ws/k3lso_ws/src/k3lso3_ros2/k3lso_vectornav/src/vn/xplat/serialport.c:518:24:[m[K [01;35m[Kwarning: [m[Kcomparison of integer expressions of different signedness: ‘[01m[Ksize_t[m[K’ {aka ‘[01m[Klong unsigned int[m[K’} and ‘[01m[Kint[m[K’ [[01;35m[K-Wsign-compare[m[K]
[2.066s]   518 |  if (numOfBytesWritten [01;35m[K==[m[K -1)
[2.066s]       |                        [01;35m[K^~[m[K
[2.066s] [01m[K/home/camilo/ros2_ws/k3lso_ws/src/k3lso3_ros2/k3lso_vectornav/src/vn/xplat/serialport.c:[m[K In function ‘[01m[KVnSerialPort_handleSerialPortNotifications[m[K’:
[2.066s] [01m[K/home/camilo/ros2_ws/k3lso_ws/src/k3lso3_ros2/k3lso_vectornav/src/vn/xplat/serialport.c:707:3:[m[K [01;35m[Kwarning: [m[Ksuggest braces around empty body in an ‘[01m[Kif[m[K’ statement [[01;35m[K-Wempty-body[m[K]
[2.066s]   707 |   [01;35m[K;[m[K /* An error must have occurred. Do nothing for now. */
[2.066s]       |   [01;35m[K^[m[K
[2.079s] [ 88%] [32mBuilding CXX object CMakeFiles/k3lso_vectornav.dir/src/Utilities/Utilities_print.cpp.o[0m
[2.097s] [ 92%] [32mBuilding CXX object CMakeFiles/k3lso_vectornav.dir/src/Utilities/filters.cpp.o[0m
[2.136s] [ 96%] [32mBuilding CXX object CMakeFiles/k3lso_vectornav.dir/src/Utilities/utilities.cpp.o[0m
[6.461s] [100%] [32m[1mLinking CXX executable k3lso_vectornav[0m
[6.676s] [100%] Built target k3lso_vectornav
[6.686s] Invoked command in '/home/camilo/ros2_ws/k3lso_ws/src/k3lso3_ros2/build/k3lso_vectornav' returned '0': CMAKE_PREFIX_PATH=/opt/ros/foxy /usr/bin/cmake --build /home/camilo/ros2_ws/k3lso_ws/src/k3lso3_ros2/build/k3lso_vectornav -- -j12 -l12
[6.740s] Invoking command in '/home/camilo/ros2_ws/k3lso_ws/src/k3lso3_ros2/build/k3lso_vectornav': CMAKE_PREFIX_PATH=/opt/ros/foxy /usr/bin/cmake --install /home/camilo/ros2_ws/k3lso_ws/src/k3lso3_ros2/build/k3lso_vectornav
[6.749s] -- Install configuration: ""
[6.749s] -- Installing: /home/camilo/ros2_ws/k3lso_ws/src/k3lso3_ros2/install/k3lso_vectornav/lib/k3lso_vectornav/k3lso_vectornav
[6.750s] -- Set runtime path of "/home/camilo/ros2_ws/k3lso_ws/src/k3lso3_ros2/install/k3lso_vectornav/lib/k3lso_vectornav/k3lso_vectornav" to ""
[6.750s] -- Installing: /home/camilo/ros2_ws/k3lso_ws/src/k3lso3_ros2/install/k3lso_vectornav/share/ament_index/resource_index/package_run_dependencies/k3lso_vectornav
[6.750s] -- Installing: /home/camilo/ros2_ws/k3lso_ws/src/k3lso3_ros2/install/k3lso_vectornav/share/ament_index/resource_index/parent_prefix_path/k3lso_vectornav
[6.751s] -- Installing: /home/camilo/ros2_ws/k3lso_ws/src/k3lso3_ros2/install/k3lso_vectornav/share/k3lso_vectornav/environment/ament_prefix_path.sh
[6.751s] -- Installing: /home/camilo/ros2_ws/k3lso_ws/src/k3lso3_ros2/install/k3lso_vectornav/share/k3lso_vectornav/environment/ament_prefix_path.dsv
[6.751s] -- Installing: /home/camilo/ros2_ws/k3lso_ws/src/k3lso3_ros2/install/k3lso_vectornav/share/k3lso_vectornav/environment/path.sh
[6.751s] -- Installing: /home/camilo/ros2_ws/k3lso_ws/src/k3lso3_ros2/install/k3lso_vectornav/share/k3lso_vectornav/environment/path.dsv
[6.751s] -- Installing: /home/camilo/ros2_ws/k3lso_ws/src/k3lso3_ros2/install/k3lso_vectornav/share/k3lso_vectornav/local_setup.bash
[6.751s] -- Installing: /home/camilo/ros2_ws/k3lso_ws/src/k3lso3_ros2/install/k3lso_vectornav/share/k3lso_vectornav/local_setup.sh
[6.751s] -- Installing: /home/camilo/ros2_ws/k3lso_ws/src/k3lso3_ros2/install/k3lso_vectornav/share/k3lso_vectornav/local_setup.zsh
[6.751s] -- Installing: /home/camilo/ros2_ws/k3lso_ws/src/k3lso3_ros2/install/k3lso_vectornav/share/k3lso_vectornav/local_setup.dsv
[6.751s] -- Installing: /home/camilo/ros2_ws/k3lso_ws/src/k3lso3_ros2/install/k3lso_vectornav/share/k3lso_vectornav/package.dsv
[6.751s] -- Installing: /home/camilo/ros2_ws/k3lso_ws/src/k3lso3_ros2/install/k3lso_vectornav/share/ament_index/resource_index/packages/k3lso_vectornav
[6.752s] -- Installing: /home/camilo/ros2_ws/k3lso_ws/src/k3lso3_ros2/install/k3lso_vectornav/share/k3lso_vectornav/cmake/k3lso_vectornavConfig.cmake
[6.752s] -- Installing: /home/camilo/ros2_ws/k3lso_ws/src/k3lso3_ros2/install/k3lso_vectornav/share/k3lso_vectornav/cmake/k3lso_vectornavConfig-version.cmake
[6.752s] -- Installing: /home/camilo/ros2_ws/k3lso_ws/src/k3lso3_ros2/install/k3lso_vectornav/share/k3lso_vectornav/package.xml
[6.754s] Invoked command in '/home/camilo/ros2_ws/k3lso_ws/src/k3lso3_ros2/build/k3lso_vectornav' returned '0': CMAKE_PREFIX_PATH=/opt/ros/foxy /usr/bin/cmake --install /home/camilo/ros2_ws/k3lso_ws/src/k3lso3_ros2/build/k3lso_vectornav
