[0.021s] Invoking command in '/home/camilo/ros2_ws/k3lso_ws/src/k3lso3_ros2/build/k3lso_msgs': CMAKE_PREFIX_PATH=/opt/ros/foxy /usr/bin/cmake /home/camilo/ros2_ws/k3lso_ws/src/k3lso3_ros2/k3lso_msgs -DCMAKE_INSTALL_PREFIX=/home/camilo/ros2_ws/k3lso_ws/src/k3lso3_ros2/install/k3lso_msgs
[0.077s] -- The C compiler identification is GNU 9.3.0
[0.132s] -- The CXX compiler identification is GNU 9.3.0
[0.138s] -- Check for working C compiler: /usr/bin/cc
[0.204s] -- Check for working C compiler: /usr/bin/cc -- works
[0.205s] -- Detecting C compiler ABI info
[0.264s] -- Detecting C compiler ABI info - done
[0.278s] -- Detecting C compile features
[0.278s] -- Detecting C compile features - done
[0.281s] -- Check for working CXX compiler: /usr/bin/c++
[0.368s] -- Check for working CXX compiler: /usr/bin/c++ -- works
[0.369s] -- Detecting CXX compiler ABI info
[0.445s] -- Detecting CXX compiler ABI info - done
[0.457s] -- Detecting CXX compile features
[0.457s] -- Detecting CXX compile features - done
[0.459s] -- Found ament_cmake: 0.9.8 (/opt/ros/foxy/share/ament_cmake/cmake)
[0.481s] -- Found PythonInterp: /usr/bin/python3 (found suitable version "3.8.5", minimum required is "3") 
[0.481s] -- Using PYTHON_EXECUTABLE: /usr/bin/python3
[0.681s] -- Found rosidl_default_generators: 1.0.1 (/opt/ros/foxy/share/rosidl_default_generators/cmake)
[0.683s] -- Using all available rosidl_typesupport_c: rosidl_typesupport_fastrtps_c;rosidl_typesupport_introspection_c
[0.689s] -- Found rosidl_adapter: 1.2.1 (/opt/ros/foxy/share/rosidl_adapter/cmake)
[0.774s] -- Found OpenSSL: /usr/lib/x86_64-linux-gnu/libcrypto.so (found version "1.1.1f")  
[0.801s] -- Found FastRTPS: /opt/ros/foxy/include  
[0.872s] -- Using all available rosidl_typesupport_cpp: rosidl_typesupport_fastrtps_cpp;rosidl_typesupport_introspection_cpp
[0.896s] -- Found std_msgs: 2.0.4 (/opt/ros/foxy/share/std_msgs/cmake)
[0.926s] -- Found sensor_msgs: 2.0.4 (/opt/ros/foxy/share/sensor_msgs/cmake)
[1.061s] -- Found PythonInterp: /usr/bin/python3 (found version "3.8.5") 
[1.262s] -- Found ament_cmake_ros: 0.9.2 (/opt/ros/foxy/share/ament_cmake_ros/cmake)
[1.562s] -- Using all available rosidl_typesupport_c: rosidl_typesupport_fastrtps_c;rosidl_typesupport_introspection_c
[1.716s] -- Using all available rosidl_typesupport_cpp: rosidl_typesupport_fastrtps_cpp;rosidl_typesupport_introspection_cpp
[1.748s] -- Found PythonInterp: /usr/bin/python3 (found suitable version "3.8.5", minimum required is "3.5") 
[1.749s] -- Found python_cmake_module: 0.8.1 (/opt/ros/foxy/share/python_cmake_module/cmake)
[1.776s] -- Found PythonLibs: /usr/lib/x86_64-linux-gnu/libpython3.8.so (found suitable version "3.8.5", minimum required is "3.5") 
[1.776s] -- Using PYTHON_EXECUTABLE: /usr/bin/python3
[1.776s] -- Using PYTHON_INCLUDE_DIRS: /usr/include/python3.8
[1.776s] -- Using PYTHON_LIBRARIES: /usr/lib/x86_64-linux-gnu/libpython3.8.so
[1.796s] -- Found PythonExtra: .so  
[1.935s] -- Configuring done
[2.088s] -- Generating done
[2.092s] -- Build files have been written to: /home/camilo/ros2_ws/k3lso_ws/src/k3lso3_ros2/build/k3lso_msgs
[2.105s] Invoked command in '/home/camilo/ros2_ws/k3lso_ws/src/k3lso3_ros2/build/k3lso_msgs' returned '0': CMAKE_PREFIX_PATH=/opt/ros/foxy /usr/bin/cmake /home/camilo/ros2_ws/k3lso_ws/src/k3lso3_ros2/k3lso_msgs -DCMAKE_INSTALL_PREFIX=/home/camilo/ros2_ws/k3lso_ws/src/k3lso3_ros2/install/k3lso_msgs
[2.106s] Invoking command in '/home/camilo/ros2_ws/k3lso_ws/src/k3lso3_ros2/build/k3lso_msgs': CMAKE_PREFIX_PATH=/opt/ros/foxy /usr/bin/cmake --build /home/camilo/ros2_ws/k3lso_ws/src/k3lso3_ros2/build/k3lso_msgs -- -j12 -l12
[2.227s] [35m[1mScanning dependencies of target k3lso_msgs__cpp[0m
[2.240s] [  2%] [34m[1mGenerating C code for ROS interfaces[0m
[2.312s] [  5%] [34m[1mGenerating C++ code for ROS interfaces[0m
[2.770s] [35m[1mScanning dependencies of target k3lso_msgs__rosidl_generator_c[0m
[2.790s] [  7%] [32mBuilding C object CMakeFiles/k3lso_msgs__rosidl_generator_c.dir/rosidl_generator_c/k3lso_msgs/msg/detail/motors_command__functions.c.o[0m
[2.803s] [ 10%] [32mBuilding C object CMakeFiles/k3lso_msgs__rosidl_generator_c.dir/rosidl_generator_c/k3lso_msgs/srv/detail/motors_step__functions.c.o[0m
[2.834s] [ 10%] Built target k3lso_msgs__cpp
[2.851s] [ 12%] [34m[1mGenerating C++ type support dispatch for ROS interfaces[0m
[2.851s] [ 15%] [34m[1mGenerating C++ type support for eProsima Fast-RTPS[0m
[2.857s] [ 17%] [34m[1mGenerating C++ introspection for ROS interfaces[0m
[2.875s] [ 20%] [32m[1mLinking C shared library libk3lso_msgs__rosidl_generator_c.so[0m
[2.937s] [ 20%] Built target k3lso_msgs__rosidl_generator_c
[2.956s] [ 23%] [34m[1mGenerating C introspection for ROS interfaces[0m
[2.957s] [ 25%] [34m[1mGenerating C type support dispatch for ROS interfaces[0m
[3.256s] [35m[1mScanning dependencies of target k3lso_msgs__rosidl_typesupport_cpp[0m
[3.287s] [ 30%] [32mBuilding CXX object CMakeFiles/k3lso_msgs__rosidl_typesupport_cpp.dir/rosidl_typesupport_cpp/k3lso_msgs/srv/motors_step__type_support.cpp.o[0m
[3.288s] [ 30%] [32mBuilding CXX object CMakeFiles/k3lso_msgs__rosidl_typesupport_cpp.dir/rosidl_typesupport_cpp/k3lso_msgs/msg/motors_command__type_support.cpp.o[0m
[3.340s] [35m[1mScanning dependencies of target k3lso_msgs__rosidl_typesupport_introspection_cpp[0m
[3.356s] [35m[1mScanning dependencies of target k3lso_msgs__rosidl_typesupport_fastrtps_cpp[0m
[3.378s] [ 33%] [32mBuilding CXX object CMakeFiles/k3lso_msgs__rosidl_typesupport_introspection_cpp.dir/rosidl_typesupport_introspection_cpp/k3lso_msgs/msg/detail/motors_command__type_support.cpp.o[0m
[3.381s] [ 35%] [32mBuilding CXX object CMakeFiles/k3lso_msgs__rosidl_typesupport_introspection_cpp.dir/rosidl_typesupport_introspection_cpp/k3lso_msgs/srv/detail/motors_step__type_support.cpp.o[0m
[3.382s] [35m[1mScanning dependencies of target k3lso_msgs__rosidl_typesupport_c[0m
[3.404s] [ 38%] [32mBuilding CXX object CMakeFiles/k3lso_msgs__rosidl_typesupport_fastrtps_cpp.dir/rosidl_typesupport_fastrtps_cpp/k3lso_msgs/msg/detail/dds_fastrtps/motors_command__type_support.cpp.o[0m
[3.416s] [ 41%] [32mBuilding CXX object CMakeFiles/k3lso_msgs__rosidl_typesupport_fastrtps_cpp.dir/rosidl_typesupport_fastrtps_cpp/k3lso_msgs/srv/detail/dds_fastrtps/motors_step__type_support.cpp.o[0m
[3.430s] [ 43%] [32mBuilding CXX object CMakeFiles/k3lso_msgs__rosidl_typesupport_c.dir/rosidl_typesupport_c/k3lso_msgs/srv/motors_step__type_support.cpp.o[0m
[3.435s] [ 46%] [32mBuilding CXX object CMakeFiles/k3lso_msgs__rosidl_typesupport_c.dir/rosidl_typesupport_c/k3lso_msgs/msg/motors_command__type_support.cpp.o[0m
[3.575s] [35m[1mScanning dependencies of target k3lso_msgs__rosidl_typesupport_introspection_c[0m
[3.608s] [ 48%] [32m[1mLinking CXX shared library libk3lso_msgs__rosidl_typesupport_c.so[0m
[3.673s] [ 51%] [32mBuilding C object CMakeFiles/k3lso_msgs__rosidl_typesupport_introspection_c.dir/rosidl_typesupport_introspection_c/k3lso_msgs/srv/detail/motors_step__type_support.c.o[0m
[3.685s] [ 53%] [32mBuilding C object CMakeFiles/k3lso_msgs__rosidl_typesupport_introspection_c.dir/rosidl_typesupport_introspection_c/k3lso_msgs/msg/detail/motors_command__type_support.c.o[0m
[3.744s] [ 53%] Built target k3lso_msgs__rosidl_typesupport_c
[3.774s] [ 56%] [32m[1mLinking CXX shared library libk3lso_msgs__rosidl_typesupport_cpp.so[0m
[3.787s] [ 58%] [32m[1mLinking C shared library libk3lso_msgs__rosidl_typesupport_introspection_c.so[0m
[3.835s] [ 58%] Built target k3lso_msgs__rosidl_typesupport_introspection_c
[3.839s] [ 58%] Built target k3lso_msgs__rosidl_typesupport_cpp
[3.939s] [ 61%] [32m[1mLinking CXX shared library libk3lso_msgs__rosidl_typesupport_introspection_cpp.so[0m
[4.019s] [ 61%] Built target k3lso_msgs__rosidl_typesupport_introspection_cpp
[4.166s] [ 64%] [32m[1mLinking CXX shared library libk3lso_msgs__rosidl_typesupport_fastrtps_cpp.so[0m
[4.258s] [ 64%] Built target k3lso_msgs__rosidl_typesupport_fastrtps_cpp
[4.270s] [ 66%] [34m[1mGenerating C type support for eProsima Fast-RTPS[0m
[4.539s] [35m[1mScanning dependencies of target k3lso_msgs__rosidl_typesupport_fastrtps_c[0m
[4.562s] [ 69%] [32mBuilding CXX object CMakeFiles/k3lso_msgs__rosidl_typesupport_fastrtps_c.dir/rosidl_typesupport_fastrtps_c/k3lso_msgs/msg/detail/motors_command__type_support_c.cpp.o[0m
[4.562s] [ 71%] [32mBuilding CXX object CMakeFiles/k3lso_msgs__rosidl_typesupport_fastrtps_c.dir/rosidl_typesupport_fastrtps_c/k3lso_msgs/srv/detail/motors_step__type_support_c.cpp.o[0m
[4.952s] [ 74%] [32m[1mLinking CXX shared library libk3lso_msgs__rosidl_typesupport_fastrtps_c.so[0m
[5.045s] [ 74%] Built target k3lso_msgs__rosidl_typesupport_fastrtps_c
[5.059s] [35m[1mScanning dependencies of target k3lso_msgs[0m
[5.069s] [ 74%] Built target k3lso_msgs
[5.080s] [35m[1mScanning dependencies of target k3lso_msgs__py[0m
[5.095s] [ 76%] [34m[1mGenerating Python code for ROS interfaces[0m
[5.630s] [ 76%] Built target k3lso_msgs__py
[5.639s] [35m[1mScanning dependencies of target k3lso_msgs__python[0m
[5.658s] [ 79%] [32mBuilding C object CMakeFiles/k3lso_msgs__python.dir/rosidl_generator_py/k3lso_msgs/msg/_motors_command_s.c.o[0m
[5.659s] [ 82%] [32mBuilding C object CMakeFiles/k3lso_msgs__python.dir/rosidl_generator_py/k3lso_msgs/srv/_motors_step_s.c.o[0m
[5.757s] [ 84%] [32m[1mLinking C shared library rosidl_generator_py/k3lso_msgs/libk3lso_msgs__python.so[0m
[5.799s] [ 84%] Built target k3lso_msgs__python
[5.808s] [35m[1mScanning dependencies of target k3lso_msgs__rosidl_typesupport_c__pyext[0m
[5.810s] [35m[1mScanning dependencies of target k3lso_msgs__rosidl_typesupport_fastrtps_c__pyext[0m
[5.810s] [35m[1mScanning dependencies of target k3lso_msgs__rosidl_typesupport_introspection_c__pyext[0m
[5.827s] [ 87%] [32mBuilding C object CMakeFiles/k3lso_msgs__rosidl_typesupport_c__pyext.dir/rosidl_generator_py/k3lso_msgs/_k3lso_msgs_s.ep.rosidl_typesupport_c.c.o[0m
[5.830s] [ 89%] [32mBuilding C object CMakeFiles/k3lso_msgs__rosidl_typesupport_introspection_c__pyext.dir/rosidl_generator_py/k3lso_msgs/_k3lso_msgs_s.ep.rosidl_typesupport_introspection_c.c.o[0m
[5.831s] [ 92%] [32mBuilding C object CMakeFiles/k3lso_msgs__rosidl_typesupport_fastrtps_c__pyext.dir/rosidl_generator_py/k3lso_msgs/_k3lso_msgs_s.ep.rosidl_typesupport_fastrtps_c.c.o[0m
[5.906s] [ 94%] [32m[1mLinking C shared library rosidl_generator_py/k3lso_msgs/k3lso_msgs_s__rosidl_typesupport_introspection_c.cpython-38-x86_64-linux-gnu.so[0m
[5.917s] [ 97%] [32m[1mLinking CXX shared library rosidl_generator_py/k3lso_msgs/k3lso_msgs_s__rosidl_typesupport_fastrtps_c.cpython-38-x86_64-linux-gnu.so[0m
[5.926s] [100%] [32m[1mLinking C shared library rosidl_generator_py/k3lso_msgs/k3lso_msgs_s__rosidl_typesupport_c.cpython-38-x86_64-linux-gnu.so[0m
[5.946s] [100%] Built target k3lso_msgs__rosidl_typesupport_introspection_c__pyext
[5.963s] [100%] Built target k3lso_msgs__rosidl_typesupport_c__pyext
[5.991s] [100%] Built target k3lso_msgs__rosidl_typesupport_fastrtps_c__pyext
[6.002s] Invoked command in '/home/camilo/ros2_ws/k3lso_ws/src/k3lso3_ros2/build/k3lso_msgs' returned '0': CMAKE_PREFIX_PATH=/opt/ros/foxy /usr/bin/cmake --build /home/camilo/ros2_ws/k3lso_ws/src/k3lso3_ros2/build/k3lso_msgs -- -j12 -l12
[6.059s] Invoking command in '/home/camilo/ros2_ws/k3lso_ws/src/k3lso3_ros2/build/k3lso_msgs': CMAKE_PREFIX_PATH=/opt/ros/foxy /usr/bin/cmake --install /home/camilo/ros2_ws/k3lso_ws/src/k3lso3_ros2/build/k3lso_msgs
[6.067s] -- Install configuration: ""
[6.067s] -- Installing: /home/camilo/ros2_ws/k3lso_ws/src/k3lso3_ros2/install/k3lso_msgs/share/ament_index/resource_index/rosidl_interfaces/k3lso_msgs
[6.068s] -- Installing: /home/camilo/ros2_ws/k3lso_ws/src/k3lso3_ros2/install/k3lso_msgs/include/k3lso_msgs
[6.068s] -- Installing: /home/camilo/ros2_ws/k3lso_ws/src/k3lso3_ros2/install/k3lso_msgs/include/k3lso_msgs/srv
[6.068s] -- Installing: /home/camilo/ros2_ws/k3lso_ws/src/k3lso3_ros2/install/k3lso_msgs/include/k3lso_msgs/srv/detail
[6.068s] -- Installing: /home/camilo/ros2_ws/k3lso_ws/src/k3lso3_ros2/install/k3lso_msgs/include/k3lso_msgs/srv/detail/motors_step__functions.c
[6.068s] -- Installing: /home/camilo/ros2_ws/k3lso_ws/src/k3lso3_ros2/install/k3lso_msgs/include/k3lso_msgs/srv/detail/motors_step__struct.h
[6.068s] -- Installing: /home/camilo/ros2_ws/k3lso_ws/src/k3lso3_ros2/install/k3lso_msgs/include/k3lso_msgs/srv/detail/motors_step__functions.h
[6.069s] -- Installing: /home/camilo/ros2_ws/k3lso_ws/src/k3lso3_ros2/install/k3lso_msgs/include/k3lso_msgs/srv/detail/motors_step__type_support.h
[6.069s] -- Installing: /home/camilo/ros2_ws/k3lso_ws/src/k3lso3_ros2/install/k3lso_msgs/include/k3lso_msgs/srv/motors_step.h
[6.069s] -- Installing: /home/camilo/ros2_ws/k3lso_ws/src/k3lso3_ros2/install/k3lso_msgs/include/k3lso_msgs/msg
[6.069s] -- Installing: /home/camilo/ros2_ws/k3lso_ws/src/k3lso3_ros2/install/k3lso_msgs/include/k3lso_msgs/msg/detail
[6.069s] -- Installing: /home/camilo/ros2_ws/k3lso_ws/src/k3lso3_ros2/install/k3lso_msgs/include/k3lso_msgs/msg/detail/motors_command__functions.h
[6.069s] -- Installing: /home/camilo/ros2_ws/k3lso_ws/src/k3lso3_ros2/install/k3lso_msgs/include/k3lso_msgs/msg/detail/motors_command__struct.h
[6.069s] -- Installing: /home/camilo/ros2_ws/k3lso_ws/src/k3lso3_ros2/install/k3lso_msgs/include/k3lso_msgs/msg/detail/motors_command__functions.c
[6.069s] -- Installing: /home/camilo/ros2_ws/k3lso_ws/src/k3lso3_ros2/install/k3lso_msgs/include/k3lso_msgs/msg/detail/motors_command__type_support.h
[6.070s] -- Installing: /home/camilo/ros2_ws/k3lso_ws/src/k3lso3_ros2/install/k3lso_msgs/include/k3lso_msgs/msg/rosidl_generator_c__visibility_control.h
[6.070s] -- Installing: /home/camilo/ros2_ws/k3lso_ws/src/k3lso3_ros2/install/k3lso_msgs/include/k3lso_msgs/msg/motors_command.h
[6.070s] -- Installing: /home/camilo/ros2_ws/k3lso_ws/src/k3lso3_ros2/install/k3lso_msgs/share/k3lso_msgs/environment/library_path.sh
[6.070s] -- Installing: /home/camilo/ros2_ws/k3lso_ws/src/k3lso3_ros2/install/k3lso_msgs/share/k3lso_msgs/environment/library_path.dsv
[6.070s] -- Installing: /home/camilo/ros2_ws/k3lso_ws/src/k3lso3_ros2/install/k3lso_msgs/lib/libk3lso_msgs__rosidl_generator_c.so
[6.071s] -- Set runtime path of "/home/camilo/ros2_ws/k3lso_ws/src/k3lso3_ros2/install/k3lso_msgs/lib/libk3lso_msgs__rosidl_generator_c.so" to ""
[6.071s] -- Up-to-date: /home/camilo/ros2_ws/k3lso_ws/src/k3lso3_ros2/install/k3lso_msgs/include/k3lso_msgs
[6.071s] -- Up-to-date: /home/camilo/ros2_ws/k3lso_ws/src/k3lso3_ros2/install/k3lso_msgs/include/k3lso_msgs/srv
[6.071s] -- Up-to-date: /home/camilo/ros2_ws/k3lso_ws/src/k3lso3_ros2/install/k3lso_msgs/include/k3lso_msgs/srv/detail
[6.071s] -- Installing: /home/camilo/ros2_ws/k3lso_ws/src/k3lso3_ros2/install/k3lso_msgs/include/k3lso_msgs/srv/detail/motors_step__rosidl_typesupport_fastrtps_c.h
[6.071s] -- Up-to-date: /home/camilo/ros2_ws/k3lso_ws/src/k3lso3_ros2/install/k3lso_msgs/include/k3lso_msgs/msg
[6.071s] -- Up-to-date: /home/camilo/ros2_ws/k3lso_ws/src/k3lso3_ros2/install/k3lso_msgs/include/k3lso_msgs/msg/detail
[6.071s] -- Installing: /home/camilo/ros2_ws/k3lso_ws/src/k3lso3_ros2/install/k3lso_msgs/include/k3lso_msgs/msg/detail/motors_command__rosidl_typesupport_fastrtps_c.h
[6.071s] -- Installing: /home/camilo/ros2_ws/k3lso_ws/src/k3lso3_ros2/install/k3lso_msgs/include/k3lso_msgs/msg/rosidl_typesupport_fastrtps_c__visibility_control.h
[6.071s] -- Installing: /home/camilo/ros2_ws/k3lso_ws/src/k3lso3_ros2/install/k3lso_msgs/lib/libk3lso_msgs__rosidl_typesupport_fastrtps_c.so
[6.072s] -- Set runtime path of "/home/camilo/ros2_ws/k3lso_ws/src/k3lso3_ros2/install/k3lso_msgs/lib/libk3lso_msgs__rosidl_typesupport_fastrtps_c.so" to ""
[6.072s] -- Up-to-date: /home/camilo/ros2_ws/k3lso_ws/src/k3lso3_ros2/install/k3lso_msgs/include/k3lso_msgs
[6.072s] -- Up-to-date: /home/camilo/ros2_ws/k3lso_ws/src/k3lso3_ros2/install/k3lso_msgs/include/k3lso_msgs/srv
[6.072s] -- Up-to-date: /home/camilo/ros2_ws/k3lso_ws/src/k3lso3_ros2/install/k3lso_msgs/include/k3lso_msgs/srv/detail
[6.072s] -- Installing: /home/camilo/ros2_ws/k3lso_ws/src/k3lso3_ros2/install/k3lso_msgs/include/k3lso_msgs/srv/detail/motors_step__rosidl_typesupport_fastrtps_cpp.hpp
[6.072s] -- Installing: /home/camilo/ros2_ws/k3lso_ws/src/k3lso3_ros2/install/k3lso_msgs/include/k3lso_msgs/srv/detail/dds_fastrtps
[6.072s] -- Up-to-date: /home/camilo/ros2_ws/k3lso_ws/src/k3lso3_ros2/install/k3lso_msgs/include/k3lso_msgs/msg
[6.072s] -- Up-to-date: /home/camilo/ros2_ws/k3lso_ws/src/k3lso3_ros2/install/k3lso_msgs/include/k3lso_msgs/msg/detail
[6.072s] -- Installing: /home/camilo/ros2_ws/k3lso_ws/src/k3lso3_ros2/install/k3lso_msgs/include/k3lso_msgs/msg/detail/dds_fastrtps
[6.072s] -- Installing: /home/camilo/ros2_ws/k3lso_ws/src/k3lso3_ros2/install/k3lso_msgs/include/k3lso_msgs/msg/detail/motors_command__rosidl_typesupport_fastrtps_cpp.hpp
[6.072s] -- Installing: /home/camilo/ros2_ws/k3lso_ws/src/k3lso3_ros2/install/k3lso_msgs/include/k3lso_msgs/msg/rosidl_typesupport_fastrtps_cpp__visibility_control.h
[6.072s] -- Installing: /home/camilo/ros2_ws/k3lso_ws/src/k3lso3_ros2/install/k3lso_msgs/lib/libk3lso_msgs__rosidl_typesupport_fastrtps_cpp.so
[6.073s] -- Set runtime path of "/home/camilo/ros2_ws/k3lso_ws/src/k3lso3_ros2/install/k3lso_msgs/lib/libk3lso_msgs__rosidl_typesupport_fastrtps_cpp.so" to ""
[6.073s] -- Up-to-date: /home/camilo/ros2_ws/k3lso_ws/src/k3lso3_ros2/install/k3lso_msgs/include/k3lso_msgs
[6.073s] -- Up-to-date: /home/camilo/ros2_ws/k3lso_ws/src/k3lso3_ros2/install/k3lso_msgs/include/k3lso_msgs/srv
[6.073s] -- Up-to-date: /home/camilo/ros2_ws/k3lso_ws/src/k3lso3_ros2/install/k3lso_msgs/include/k3lso_msgs/srv/detail
[6.073s] -- Installing: /home/camilo/ros2_ws/k3lso_ws/src/k3lso3_ros2/install/k3lso_msgs/include/k3lso_msgs/srv/detail/motors_step__rosidl_typesupport_introspection_c.h
[6.073s] -- Installing: /home/camilo/ros2_ws/k3lso_ws/src/k3lso3_ros2/install/k3lso_msgs/include/k3lso_msgs/srv/detail/motors_step__type_support.c
[6.073s] -- Up-to-date: /home/camilo/ros2_ws/k3lso_ws/src/k3lso3_ros2/install/k3lso_msgs/include/k3lso_msgs/msg
[6.073s] -- Up-to-date: /home/camilo/ros2_ws/k3lso_ws/src/k3lso3_ros2/install/k3lso_msgs/include/k3lso_msgs/msg/detail
[6.073s] -- Installing: /home/camilo/ros2_ws/k3lso_ws/src/k3lso3_ros2/install/k3lso_msgs/include/k3lso_msgs/msg/detail/motors_command__rosidl_typesupport_introspection_c.h
[6.073s] -- Installing: /home/camilo/ros2_ws/k3lso_ws/src/k3lso3_ros2/install/k3lso_msgs/include/k3lso_msgs/msg/detail/motors_command__type_support.c
[6.074s] -- Installing: /home/camilo/ros2_ws/k3lso_ws/src/k3lso3_ros2/install/k3lso_msgs/include/k3lso_msgs/msg/rosidl_typesupport_introspection_c__visibility_control.h
[6.074s] -- Installing: /home/camilo/ros2_ws/k3lso_ws/src/k3lso3_ros2/install/k3lso_msgs/lib/libk3lso_msgs__rosidl_typesupport_introspection_c.so
[6.074s] -- Set runtime path of "/home/camilo/ros2_ws/k3lso_ws/src/k3lso3_ros2/install/k3lso_msgs/lib/libk3lso_msgs__rosidl_typesupport_introspection_c.so" to ""
[6.074s] -- Installing: /home/camilo/ros2_ws/k3lso_ws/src/k3lso3_ros2/install/k3lso_msgs/lib/libk3lso_msgs__rosidl_typesupport_c.so
[6.074s] -- Set runtime path of "/home/camilo/ros2_ws/k3lso_ws/src/k3lso3_ros2/install/k3lso_msgs/lib/libk3lso_msgs__rosidl_typesupport_c.so" to ""
[6.074s] -- Up-to-date: /home/camilo/ros2_ws/k3lso_ws/src/k3lso3_ros2/install/k3lso_msgs/include/k3lso_msgs
[6.074s] -- Up-to-date: /home/camilo/ros2_ws/k3lso_ws/src/k3lso3_ros2/install/k3lso_msgs/include/k3lso_msgs/srv
[6.074s] -- Installing: /home/camilo/ros2_ws/k3lso_ws/src/k3lso3_ros2/install/k3lso_msgs/include/k3lso_msgs/srv/motors_step.hpp
[6.074s] -- Up-to-date: /home/camilo/ros2_ws/k3lso_ws/src/k3lso3_ros2/install/k3lso_msgs/include/k3lso_msgs/srv/detail
[6.074s] -- Installing: /home/camilo/ros2_ws/k3lso_ws/src/k3lso3_ros2/install/k3lso_msgs/include/k3lso_msgs/srv/detail/motors_step__struct.hpp
[6.074s] -- Installing: /home/camilo/ros2_ws/k3lso_ws/src/k3lso3_ros2/install/k3lso_msgs/include/k3lso_msgs/srv/detail/motors_step__traits.hpp
[6.075s] -- Installing: /home/camilo/ros2_ws/k3lso_ws/src/k3lso3_ros2/install/k3lso_msgs/include/k3lso_msgs/srv/detail/motors_step__builder.hpp
[6.075s] -- Up-to-date: /home/camilo/ros2_ws/k3lso_ws/src/k3lso3_ros2/install/k3lso_msgs/include/k3lso_msgs/msg
[6.075s] -- Up-to-date: /home/camilo/ros2_ws/k3lso_ws/src/k3lso3_ros2/install/k3lso_msgs/include/k3lso_msgs/msg/detail
[6.075s] -- Installing: /home/camilo/ros2_ws/k3lso_ws/src/k3lso3_ros2/install/k3lso_msgs/include/k3lso_msgs/msg/detail/motors_command__struct.hpp
[6.075s] -- Installing: /home/camilo/ros2_ws/k3lso_ws/src/k3lso3_ros2/install/k3lso_msgs/include/k3lso_msgs/msg/detail/motors_command__builder.hpp
[6.075s] -- Installing: /home/camilo/ros2_ws/k3lso_ws/src/k3lso3_ros2/install/k3lso_msgs/include/k3lso_msgs/msg/detail/motors_command__traits.hpp
[6.075s] -- Installing: /home/camilo/ros2_ws/k3lso_ws/src/k3lso3_ros2/install/k3lso_msgs/include/k3lso_msgs/msg/motors_command.hpp
[6.075s] -- Up-to-date: /home/camilo/ros2_ws/k3lso_ws/src/k3lso3_ros2/install/k3lso_msgs/include/k3lso_msgs
[6.075s] -- Up-to-date: /home/camilo/ros2_ws/k3lso_ws/src/k3lso3_ros2/install/k3lso_msgs/include/k3lso_msgs/srv
[6.075s] -- Up-to-date: /home/camilo/ros2_ws/k3lso_ws/src/k3lso3_ros2/install/k3lso_msgs/include/k3lso_msgs/srv/detail
[6.075s] -- Installing: /home/camilo/ros2_ws/k3lso_ws/src/k3lso3_ros2/install/k3lso_msgs/include/k3lso_msgs/srv/detail/motors_step__rosidl_typesupport_introspection_cpp.hpp
[6.075s] -- Installing: /home/camilo/ros2_ws/k3lso_ws/src/k3lso3_ros2/install/k3lso_msgs/include/k3lso_msgs/srv/detail/motors_step__type_support.cpp
[6.076s] -- Up-to-date: /home/camilo/ros2_ws/k3lso_ws/src/k3lso3_ros2/install/k3lso_msgs/include/k3lso_msgs/msg
[6.076s] -- Up-to-date: /home/camilo/ros2_ws/k3lso_ws/src/k3lso3_ros2/install/k3lso_msgs/include/k3lso_msgs/msg/detail
[6.076s] -- Installing: /home/camilo/ros2_ws/k3lso_ws/src/k3lso3_ros2/install/k3lso_msgs/include/k3lso_msgs/msg/detail/motors_command__rosidl_typesupport_introspection_cpp.hpp
[6.076s] -- Installing: /home/camilo/ros2_ws/k3lso_ws/src/k3lso3_ros2/install/k3lso_msgs/include/k3lso_msgs/msg/detail/motors_command__type_support.cpp
[6.076s] -- Installing: /home/camilo/ros2_ws/k3lso_ws/src/k3lso3_ros2/install/k3lso_msgs/lib/libk3lso_msgs__rosidl_typesupport_introspection_cpp.so
[6.076s] -- Set runtime path of "/home/camilo/ros2_ws/k3lso_ws/src/k3lso3_ros2/install/k3lso_msgs/lib/libk3lso_msgs__rosidl_typesupport_introspection_cpp.so" to ""
[6.076s] -- Installing: /home/camilo/ros2_ws/k3lso_ws/src/k3lso3_ros2/install/k3lso_msgs/lib/libk3lso_msgs__rosidl_typesupport_cpp.so
[6.076s] -- Set runtime path of "/home/camilo/ros2_ws/k3lso_ws/src/k3lso3_ros2/install/k3lso_msgs/lib/libk3lso_msgs__rosidl_typesupport_cpp.so" to ""
[6.076s] -- Installing: /home/camilo/ros2_ws/k3lso_ws/src/k3lso3_ros2/install/k3lso_msgs/share/k3lso_msgs/environment/pythonpath.sh
[6.076s] -- Installing: /home/camilo/ros2_ws/k3lso_ws/src/k3lso3_ros2/install/k3lso_msgs/share/k3lso_msgs/environment/pythonpath.dsv
[6.077s] -- Installing: /home/camilo/ros2_ws/k3lso_ws/src/k3lso3_ros2/install/k3lso_msgs/lib/python3.8/site-packages/k3lso_msgs/__init__.py
[6.105s] Compiling '/home/camilo/ros2_ws/k3lso_ws/src/k3lso3_ros2/install/k3lso_msgs/lib/python3.8/site-packages/k3lso_msgs/__init__.py'...
[6.109s] -- Installing: /home/camilo/ros2_ws/k3lso_ws/src/k3lso3_ros2/install/k3lso_msgs/lib/python3.8/site-packages/k3lso_msgs/msg
[6.109s] -- Installing: /home/camilo/ros2_ws/k3lso_ws/src/k3lso3_ros2/install/k3lso_msgs/lib/python3.8/site-packages/k3lso_msgs/msg/__init__.py
[6.109s] -- Installing: /home/camilo/ros2_ws/k3lso_ws/src/k3lso3_ros2/install/k3lso_msgs/lib/python3.8/site-packages/k3lso_msgs/msg/_motors_command_s.c
[6.109s] -- Installing: /home/camilo/ros2_ws/k3lso_ws/src/k3lso3_ros2/install/k3lso_msgs/lib/python3.8/site-packages/k3lso_msgs/msg/_motors_command.py
[6.109s] -- Installing: /home/camilo/ros2_ws/k3lso_ws/src/k3lso3_ros2/install/k3lso_msgs/lib/python3.8/site-packages/k3lso_msgs/srv
[6.109s] -- Installing: /home/camilo/ros2_ws/k3lso_ws/src/k3lso3_ros2/install/k3lso_msgs/lib/python3.8/site-packages/k3lso_msgs/srv/__init__.py
[6.109s] -- Installing: /home/camilo/ros2_ws/k3lso_ws/src/k3lso3_ros2/install/k3lso_msgs/lib/python3.8/site-packages/k3lso_msgs/srv/_motors_step_s.c
[6.110s] -- Installing: /home/camilo/ros2_ws/k3lso_ws/src/k3lso3_ros2/install/k3lso_msgs/lib/python3.8/site-packages/k3lso_msgs/srv/_motors_step.py
[6.110s] -- Installing: /home/camilo/ros2_ws/k3lso_ws/src/k3lso3_ros2/install/k3lso_msgs/lib/python3.8/site-packages/k3lso_msgs/k3lso_msgs_s__rosidl_typesupport_fastrtps_c.cpython-38-x86_64-linux-gnu.so
[6.110s] -- Set runtime path of "/home/camilo/ros2_ws/k3lso_ws/src/k3lso3_ros2/install/k3lso_msgs/lib/python3.8/site-packages/k3lso_msgs/k3lso_msgs_s__rosidl_typesupport_fastrtps_c.cpython-38-x86_64-linux-gnu.so" to ""
[6.110s] -- Installing: /home/camilo/ros2_ws/k3lso_ws/src/k3lso3_ros2/install/k3lso_msgs/lib/python3.8/site-packages/k3lso_msgs/k3lso_msgs_s__rosidl_typesupport_introspection_c.cpython-38-x86_64-linux-gnu.so
[6.111s] -- Set runtime path of "/home/camilo/ros2_ws/k3lso_ws/src/k3lso3_ros2/install/k3lso_msgs/lib/python3.8/site-packages/k3lso_msgs/k3lso_msgs_s__rosidl_typesupport_introspection_c.cpython-38-x86_64-linux-gnu.so" to ""
[6.111s] -- Installing: /home/camilo/ros2_ws/k3lso_ws/src/k3lso3_ros2/install/k3lso_msgs/lib/python3.8/site-packages/k3lso_msgs/k3lso_msgs_s__rosidl_typesupport_c.cpython-38-x86_64-linux-gnu.so
[6.111s] -- Set runtime path of "/home/camilo/ros2_ws/k3lso_ws/src/k3lso3_ros2/install/k3lso_msgs/lib/python3.8/site-packages/k3lso_msgs/k3lso_msgs_s__rosidl_typesupport_c.cpython-38-x86_64-linux-gnu.so" to ""
[6.111s] -- Installing: /home/camilo/ros2_ws/k3lso_ws/src/k3lso3_ros2/install/k3lso_msgs/lib/libk3lso_msgs__python.so
[6.111s] -- Set runtime path of "/home/camilo/ros2_ws/k3lso_ws/src/k3lso3_ros2/install/k3lso_msgs/lib/libk3lso_msgs__python.so" to ""
[6.112s] -- Installing: /home/camilo/ros2_ws/k3lso_ws/src/k3lso3_ros2/install/k3lso_msgs/share/k3lso_msgs/msg/MotorsCommand.idl
[6.112s] -- Installing: /home/camilo/ros2_ws/k3lso_ws/src/k3lso3_ros2/install/k3lso_msgs/share/k3lso_msgs/srv/MotorsStep.idl
[6.112s] -- Installing: /home/camilo/ros2_ws/k3lso_ws/src/k3lso3_ros2/install/k3lso_msgs/share/k3lso_msgs/msg/MotorsCommand.msg
[6.112s] -- Installing: /home/camilo/ros2_ws/k3lso_ws/src/k3lso3_ros2/install/k3lso_msgs/share/k3lso_msgs/srv/MotorsStep.srv
[6.112s] -- Installing: /home/camilo/ros2_ws/k3lso_ws/src/k3lso3_ros2/install/k3lso_msgs/share/k3lso_msgs/srv/MotorsStep_Request.msg
[6.112s] -- Installing: /home/camilo/ros2_ws/k3lso_ws/src/k3lso3_ros2/install/k3lso_msgs/share/k3lso_msgs/srv/MotorsStep_Response.msg
[6.112s] -- Installing: /home/camilo/ros2_ws/k3lso_ws/src/k3lso3_ros2/install/k3lso_msgs/share/ament_index/resource_index/package_run_dependencies/k3lso_msgs
[6.112s] -- Installing: /home/camilo/ros2_ws/k3lso_ws/src/k3lso3_ros2/install/k3lso_msgs/share/ament_index/resource_index/parent_prefix_path/k3lso_msgs
[6.113s] -- Installing: /home/camilo/ros2_ws/k3lso_ws/src/k3lso3_ros2/install/k3lso_msgs/share/k3lso_msgs/environment/ament_prefix_path.sh
[6.113s] -- Installing: /home/camilo/ros2_ws/k3lso_ws/src/k3lso3_ros2/install/k3lso_msgs/share/k3lso_msgs/environment/ament_prefix_path.dsv
[6.113s] -- Installing: /home/camilo/ros2_ws/k3lso_ws/src/k3lso3_ros2/install/k3lso_msgs/share/k3lso_msgs/environment/path.sh
[6.113s] -- Installing: /home/camilo/ros2_ws/k3lso_ws/src/k3lso3_ros2/install/k3lso_msgs/share/k3lso_msgs/environment/path.dsv
[6.113s] -- Installing: /home/camilo/ros2_ws/k3lso_ws/src/k3lso3_ros2/install/k3lso_msgs/share/k3lso_msgs/local_setup.bash
[6.113s] -- Installing: /home/camilo/ros2_ws/k3lso_ws/src/k3lso3_ros2/install/k3lso_msgs/share/k3lso_msgs/local_setup.sh
[6.113s] -- Installing: /home/camilo/ros2_ws/k3lso_ws/src/k3lso3_ros2/install/k3lso_msgs/share/k3lso_msgs/local_setup.zsh
[6.113s] -- Installing: /home/camilo/ros2_ws/k3lso_ws/src/k3lso3_ros2/install/k3lso_msgs/share/k3lso_msgs/local_setup.dsv
[6.114s] -- Installing: /home/camilo/ros2_ws/k3lso_ws/src/k3lso3_ros2/install/k3lso_msgs/share/k3lso_msgs/package.dsv
[6.114s] -- Installing: /home/camilo/ros2_ws/k3lso_ws/src/k3lso3_ros2/install/k3lso_msgs/share/ament_index/resource_index/packages/k3lso_msgs
[6.114s] -- Installing: /home/camilo/ros2_ws/k3lso_ws/src/k3lso3_ros2/install/k3lso_msgs/share/k3lso_msgs/cmake/k3lso_msgs__rosidl_generator_cExport.cmake
[6.114s] -- Installing: /home/camilo/ros2_ws/k3lso_ws/src/k3lso3_ros2/install/k3lso_msgs/share/k3lso_msgs/cmake/k3lso_msgs__rosidl_generator_cExport-noconfig.cmake
[6.114s] -- Installing: /home/camilo/ros2_ws/k3lso_ws/src/k3lso3_ros2/install/k3lso_msgs/share/k3lso_msgs/cmake/k3lso_msgs__rosidl_typesupport_introspection_cExport.cmake
[6.114s] -- Installing: /home/camilo/ros2_ws/k3lso_ws/src/k3lso3_ros2/install/k3lso_msgs/share/k3lso_msgs/cmake/k3lso_msgs__rosidl_typesupport_introspection_cExport-noconfig.cmake
[6.114s] -- Installing: /home/camilo/ros2_ws/k3lso_ws/src/k3lso3_ros2/install/k3lso_msgs/share/k3lso_msgs/cmake/k3lso_msgs__rosidl_typesupport_cExport.cmake
[6.115s] -- Installing: /home/camilo/ros2_ws/k3lso_ws/src/k3lso3_ros2/install/k3lso_msgs/share/k3lso_msgs/cmake/k3lso_msgs__rosidl_typesupport_cExport-noconfig.cmake
[6.115s] -- Installing: /home/camilo/ros2_ws/k3lso_ws/src/k3lso3_ros2/install/k3lso_msgs/share/k3lso_msgs/cmake/k3lso_msgs__rosidl_generator_cppExport.cmake
[6.115s] -- Installing: /home/camilo/ros2_ws/k3lso_ws/src/k3lso3_ros2/install/k3lso_msgs/share/k3lso_msgs/cmake/k3lso_msgs__rosidl_typesupport_introspection_cppExport.cmake
[6.115s] -- Installing: /home/camilo/ros2_ws/k3lso_ws/src/k3lso3_ros2/install/k3lso_msgs/share/k3lso_msgs/cmake/k3lso_msgs__rosidl_typesupport_introspection_cppExport-noconfig.cmake
[6.115s] -- Installing: /home/camilo/ros2_ws/k3lso_ws/src/k3lso3_ros2/install/k3lso_msgs/share/k3lso_msgs/cmake/k3lso_msgs__rosidl_typesupport_cppExport.cmake
[6.115s] -- Installing: /home/camilo/ros2_ws/k3lso_ws/src/k3lso3_ros2/install/k3lso_msgs/share/k3lso_msgs/cmake/k3lso_msgs__rosidl_typesupport_cppExport-noconfig.cmake
[6.115s] -- Installing: /home/camilo/ros2_ws/k3lso_ws/src/k3lso3_ros2/install/k3lso_msgs/share/k3lso_msgs/cmake/rosidl_cmake-extras.cmake
[6.115s] -- Installing: /home/camilo/ros2_ws/k3lso_ws/src/k3lso3_ros2/install/k3lso_msgs/share/k3lso_msgs/cmake/ament_cmake_export_dependencies-extras.cmake
[6.116s] -- Installing: /home/camilo/ros2_ws/k3lso_ws/src/k3lso3_ros2/install/k3lso_msgs/share/k3lso_msgs/cmake/ament_cmake_export_libraries-extras.cmake
[6.116s] -- Installing: /home/camilo/ros2_ws/k3lso_ws/src/k3lso3_ros2/install/k3lso_msgs/share/k3lso_msgs/cmake/ament_cmake_export_targets-extras.cmake
[6.116s] -- Installing: /home/camilo/ros2_ws/k3lso_ws/src/k3lso3_ros2/install/k3lso_msgs/share/k3lso_msgs/cmake/ament_cmake_export_include_directories-extras.cmake
[6.116s] -- Installing: /home/camilo/ros2_ws/k3lso_ws/src/k3lso3_ros2/install/k3lso_msgs/share/k3lso_msgs/cmake/rosidl_cmake_export_typesupport_libraries-extras.cmake
[6.116s] -- Installing: /home/camilo/ros2_ws/k3lso_ws/src/k3lso3_ros2/install/k3lso_msgs/share/k3lso_msgs/cmake/rosidl_cmake_export_typesupport_targets-extras.cmake
[6.116s] -- Installing: /home/camilo/ros2_ws/k3lso_ws/src/k3lso3_ros2/install/k3lso_msgs/share/k3lso_msgs/cmake/k3lso_msgsConfig.cmake
[6.116s] -- Installing: /home/camilo/ros2_ws/k3lso_ws/src/k3lso3_ros2/install/k3lso_msgs/share/k3lso_msgs/cmake/k3lso_msgsConfig-version.cmake
[6.116s] -- Installing: /home/camilo/ros2_ws/k3lso_ws/src/k3lso3_ros2/install/k3lso_msgs/share/k3lso_msgs/package.xml
[6.119s] Invoked command in '/home/camilo/ros2_ws/k3lso_ws/src/k3lso3_ros2/build/k3lso_msgs' returned '0': CMAKE_PREFIX_PATH=/opt/ros/foxy /usr/bin/cmake --install /home/camilo/ros2_ws/k3lso_ws/src/k3lso3_ros2/build/k3lso_msgs
